#
# A fatal error has been detected by the Java Runtime Environment:
#
#  EXCEPTION_ACCESS_VIOLATION (0xc0000005) at pc=0x00007ffbc3f5bbdf, pid=12800, tid=0x00000000000026a4
#
# JRE version: Java(TM) SE Runtime Environment (8.0_101-b13) (build 1.8.0_101-b13)
# Java VM: Java HotSpot(TM) 64-Bit Server VM (25.101-b13 mixed mode windows-amd64 compressed oops)
# Problematic frame:
# C  [ntdll.dll+0x3bbdf]
#
# Failed to write core dump. Minidumps are not enabled by default on client versions of Windows
#
# If you would like to submit a bug report, please visit:
#   http://bugreport.java.com/bugreport/crash.jsp
# The crash happened outside the Java Virtual Machine in native code.
# See problematic frame for where to report the bug.
#

---------------  T H R E A D  ---------------

Current thread (0x00000000199e7000):  JavaThread "pool-1-thread-1" [_thread_in_native, id=9892, stack(0x000000001c000000,0x000000001c100000)]

siginfo: ExceptionCode=0xc0000005, writing address 0x0000000000000024

Registers:
RAX=0x0000000000000000, RBX=0x000000001b9786c8, RCX=0x000000001b9786c8, RDX=0xffffffffffffffff
RSP=0x000000001c0fe570, RBP=0x000000001c0fe5e0, RSI=0x0000000000000000, RDI=0x0000000000000000
R8 =0x0000000000000000, R9 =0x00007ffbb07905fa, R10=0x000000000000003e, R11=0x000000001c0fe6c0
R12=0x0000000000000000, R13=0x00000000d8500610, R14=0x0000000000000001, R15=0x0000000000000000
RIP=0x00007ffbc3f5bbdf, EFLAGS=0x0000000000010213

Top of Stack: (sp=0x000000001c0fe570)
0x000000001c0fe570:   ffffffffffffffff 000000001b9786c8
0x000000001c0fe580:   0000000019101ba0 0000000016d6a54f
0x000000001c0fe590:   0000000000000003 0000000019101ba0
0x000000001c0fe5a0:   00000000000083b0 00000000005f3000
0x000000001c0fe5b0:   0000000019108fd8 0000000016d6a700
0x000000001c0fe5c0:   00000000199e7000 0000000073ce9f49
0x000000001c0fe5d0:   000000000256c1f0 0000000073b9c82b
0x000000001c0fe5e0:   00000000199e7000 0000000000000001
0x000000001c0fe5f0:   00000000d8500610 0000000000000000
0x000000001c0fe600:   0000000000000000 000000001b978600
0x000000001c0fe610:   0000000000000001 00007ffbc3f34571
0x000000001c0fe620:   00000000199e7000 000000001b9786c8
0x000000001c0fe630:   00000000fffffffa 00007ffbb078fc42
0x000000001c0fe640:   000000001c0fedf8 00007ffbc3f34490
0x000000001c0fe650:   000000001b978690 000000001c0fe6f0
0x000000001c0fe660:   000000001b9786c0 00000000d5fa0db0 

Instructions: (pc=0x00007ffbc3f5bbdf)
0x00007ffbc3f5bbbf:   0f 45 fe 48 39 73 18 0f 84 9e 01 00 00 48 83 3b
0x00007ffbc3f5bbcf:   ff 0f 84 a1 01 00 00 48 8b 03 48 83 f8 ff 74 03
0x00007ffbc3f5bbdf:   ff 40 24 48 8b 7b 18 44 8b ee 48 89 7d c0 e8 ee
0x00007ffbc3f5bbef:   57 ff ff 85 c0 0f 85 e2 fe 07 00 b9 82 03 fe 7f 


Register to memory mapping:

RAX=0x0000000000000000 is an unknown value
RBX=0x000000001b9786c8 is an unknown value
RCX=0x000000001b9786c8 is an unknown value
RDX=0xffffffffffffffff is an unknown value
RSP=0x000000001c0fe570 is pointing into the stack for thread: 0x00000000199e7000
RBP=0x000000001c0fe5e0 is pointing into the stack for thread: 0x00000000199e7000
RSI=0x0000000000000000 is an unknown value
RDI=0x0000000000000000 is an unknown value
R8 =0x0000000000000000 is an unknown value
R9 =0x00007ffbb07905fa is an unknown value
R10=0x000000000000003e is an unknown value
R11=0x000000001c0fe6c0 is pointing into the stack for thread: 0x00000000199e7000
R12=0x0000000000000000 is an unknown value
R13=0x00000000d8500610 is an oop
java.lang.reflect.Method 
 - klass: 'java/lang/reflect/Method'
R14=0x0000000000000001 is an unknown value
R15=0x0000000000000000 is an unknown value


Stack: [0x000000001c000000,0x000000001c100000],  sp=0x000000001c0fe570,  free space=1017k
Native frames: (J=compiled Java code, j=interpreted, Vv=VM code, C=native code)
C  [ntdll.dll+0x3bbdf]
C  [ntdll.dll+0x14571]
C  [ntdll.dll+0x14490]
C  [libvlc.dll+0xde65]
C  [jna2686450403037113278.dll+0x176f3]
C  [jna2686450403037113278.dll+0xffe7]
C  [jna2686450403037113278.dll+0x3d1a]
C  [jna2686450403037113278.dll+0x4e37]
C  0x0000000002bba463

Java frames: (J=compiled Java code, j=interpreted, Vv=VM code)
J 1114  com.sun.jna.Native.invokeInt(JI[Ljava/lang/Object;)I (0 bytes) @ 0x0000000002bba3dd [0x0000000002bba380+0x5d]
J 1076 C1 com.sun.jna.Function.invoke([Ljava/lang/Object;Ljava/lang/Class;Z)Ljava/lang/Object; (1149 bytes) @ 0x0000000002b969ec [0x0000000002b8f8c0+0x712c]
J 1145 C1 com.sun.jna.Function.invoke(Ljava/lang/Class;[Ljava/lang/Object;Ljava/util/Map;)Ljava/lang/Object; (526 bytes) @ 0x0000000002bcc934 [0x0000000002bcb4c0+0x1474]
J 1075 C1 com.sun.jna.Library$Handler.invoke(Ljava/lang/Object;Ljava/lang/reflect/Method;[Ljava/lang/Object;)Ljava/lang/Object; (345 bytes) @ 0x0000000002b8c744 [0x0000000002b8a7c0+0x1f84]
J 1177 C1 com.sun.proxy.$Proxy1.libvlc_media_player_is_playing(Luk/co/caprica/vlcj/binding/internal/libvlc_media_player_t;)I (39 bytes) @ 0x0000000002be448c [0x0000000002be41c0+0x2cc]
J 1176 C1 uk.co.caprica.vlcj.player.DefaultMediaPlayer.isPlaying()Z (34 bytes) @ 0x0000000002be3d6c [0x0000000002be3be0+0x18c]
j  rtspstreamserver.RtspStreamServer$5.run()V+7
j  java.util.concurrent.Executors$RunnableAdapter.call()Ljava/lang/Object;+4
j  java.util.concurrent.FutureTask.run()V+42
j  java.util.concurrent.ThreadPoolExecutor.runWorker(Ljava/util/concurrent/ThreadPoolExecutor$Worker;)V+95
j  java.util.concurrent.ThreadPoolExecutor$Worker.run()V+5
j  java.lang.Thread.run()V+11
v  ~StubRoutines::call_stub

---------------  P R O C E S S  ---------------

Java Threads: ( => current thread )
  0x00000000198c3800 JavaThread "Thread-0" daemon [_thread_in_native, id=18264, stack(0x0000000027830000,0x0000000027930000)]
  0x000000001998d800 JavaThread "Thread-52" [_thread_in_native, id=14508, stack(0x0000000025f60000,0x0000000026060000)]
=>0x00000000199e7000 JavaThread "pool-1-thread-1" [_thread_in_native, id=9892, stack(0x000000001c000000,0x000000001c100000)]
  0x00000000198e1000 JavaThread "Thread-1" [_thread_in_native, id=16880, stack(0x000000001ae30000,0x000000001af30000)]
  0x00000000026d2800 JavaThread "DestroyJavaVM" [_thread_blocked, id=20108, stack(0x00000000025d0000,0x00000000026d0000)]
  0x0000000019915800 JavaThread "AWT-EventQueue-0" [_thread_blocked, id=18996, stack(0x000000001ad30000,0x000000001ae30000)]
  0x000000001990d800 JavaThread "AWT-Shutdown" [_thread_blocked, id=14128, stack(0x000000001a0c0000,0x000000001a1c0000)]
  0x0000000018fe3000 JavaThread "Java2D Disposer" daemon [_thread_blocked, id=8748, stack(0x0000000019fc0000,0x000000001a0c0000)]
  0x0000000018d8b800 JavaThread "Service Thread" daemon [_thread_blocked, id=7504, stack(0x0000000019150000,0x0000000019250000)]
  0x000000001730a800 JavaThread "C1 CompilerThread2" daemon [_thread_blocked, id=14636, stack(0x0000000018c50000,0x0000000018d50000)]
  0x0000000017303800 JavaThread "C2 CompilerThread1" daemon [_thread_blocked, id=3304, stack(0x0000000018b50000,0x0000000018c50000)]
  0x0000000017301800 JavaThread "C2 CompilerThread0" daemon [_thread_blocked, id=4888, stack(0x0000000018a50000,0x0000000018b50000)]
  0x0000000017300000 JavaThread "Attach Listener" daemon [_thread_blocked, id=20204, stack(0x0000000018950000,0x0000000018a50000)]
  0x00000000172fd000 JavaThread "Signal Dispatcher" daemon [_thread_blocked, id=7212, stack(0x0000000018850000,0x0000000018950000)]
  0x00000000027ce800 JavaThread "Finalizer" daemon [_thread_blocked, id=18556, stack(0x0000000018560000,0x0000000018660000)]
  0x00000000027c3000 JavaThread "Reference Handler" daemon [_thread_blocked, id=18540, stack(0x0000000018460000,0x0000000018560000)]

Other Threads:
  0x00000000172c7000 VMThread [stack: 0x0000000018360000,0x0000000018460000] [id=8448]
  0x0000000018da1000 WatcherThread [stack: 0x0000000019250000,0x0000000019350000] [id=15368]

VM state:not at safepoint (normal execution)

VM Mutex/Monitor currently owned by a thread: None

Heap:
 PSYoungGen      total 38400K, used 13903K [0x00000000d5f00000, 0x00000000d8980000, 0x0000000100000000)
  eden space 33280K, 29% used [0x00000000d5f00000,0x00000000d687d790,0x00000000d7f80000)
  from space 5120K, 81% used [0x00000000d8480000,0x00000000d8896508,0x00000000d8980000)
  to   space 5120K, 0% used [0x00000000d7f80000,0x00000000d7f80000,0x00000000d8480000)
 ParOldGen       total 87552K, used 3402K [0x0000000081c00000, 0x0000000087180000, 0x00000000d5f00000)
  object space 87552K, 3% used [0x0000000081c00000,0x0000000081f52a10,0x0000000087180000)
 Metaspace       used 12707K, capacity 12968K, committed 13184K, reserved 1060864K
  class space    used 1496K, capacity 1579K, committed 1664K, reserved 1048576K

Card table byte_map: [0x0000000011b90000,0x0000000011f90000] byte_map_base: 0x0000000011782000

Marking Bits: (ParMarkBitMap*) 0x00000000742ca6d0
 Begin Bits: [0x0000000012640000, 0x00000000145d0000)
 End Bits:   [0x00000000145d0000, 0x0000000016560000)

Polling page: 0x0000000002470000

CodeCache: size=245760Kb used=4839Kb max_used=4839Kb free=240920Kb
 bounds [0x00000000027d0000, 0x0000000002c90000, 0x00000000117d0000]
 total_blobs=1892 nmethods=1389 adapters=415
 compilation: enabled

Compilation events (10 events):
Event: 43.052 Thread 0x000000001730a800 1385       1       org.slf4j.helpers.FormattingTuple::getThrowable (5 bytes)
Event: 43.052 Thread 0x000000001730a800 nmethod 1385 0x0000000002c8b5d0 code [0x0000000002c8b720, 0x0000000002c8b830]
Event: 43.096 Thread 0x000000001730a800 1386       3       sun.awt.AWTAccessor::getSequencedEventAccessor (4 bytes)
Event: 43.096 Thread 0x000000001730a800 nmethod 1386 0x0000000002c8b890 code [0x0000000002c8b9e0, 0x0000000002c8bb30]
Event: 43.096 Thread 0x000000001730a800 1387   !   3       sun.awt.PostEventQueue::postEvent (81 bytes)
Event: 43.097 Thread 0x000000001730a800 nmethod 1387 0x0000000002c8bb90 code [0x0000000002c8bd60, 0x0000000002c8c6d8]
Event: 43.100 Thread 0x000000001730a800 1388       3       java.lang.Thread::exit (51 bytes)
Event: 43.100 Thread 0x000000001730a800 nmethod 1388 0x0000000002c8cb50 code [0x0000000002c8ccc0, 0x0000000002c8cf68]
Event: 43.100 Thread 0x000000001730a800 1389   !   3       java.lang.ThreadGroup::threadTerminated (63 bytes)
Event: 43.100 Thread 0x000000001730a800 nmethod 1389 0x0000000002c8d050 code [0x0000000002c8d1e0, 0x0000000002c8d7a8]

GC Heap History (4 events):
Event: 1.621 GC heap before
{Heap before GC invocations=1 (full 0):
 PSYoungGen      total 38400K, used 33280K [0x00000000d5f00000, 0x00000000d8980000, 0x0000000100000000)
  eden space 33280K, 100% used [0x00000000d5f00000,0x00000000d7f80000,0x00000000d7f80000)
  from space 5120K, 0% used [0x00000000d8480000,0x00000000d8480000,0x00000000d8980000)
  to   space 5120K, 0% used [0x00000000d7f80000,0x00000000d7f80000,0x00000000d8480000)
 ParOldGen       total 87552K, used 0K [0x0000000081c00000, 0x0000000087180000, 0x00000000d5f00000)
  object space 87552K, 0% used [0x0000000081c00000,0x0000000081c00000,0x0000000087180000)
 Metaspace       used 12004K, capacity 12278K, committed 12416K, reserved 1060864K
  class space    used 1449K, capacity 1546K, committed 1664K, reserved 1048576K
Event: 1.628 GC heap after
Heap after GC invocations=1 (full 0):
 PSYoungGen      total 38400K, used 4687K [0x00000000d5f00000, 0x00000000d8980000, 0x0000000100000000)
  eden space 33280K, 0% used [0x00000000d5f00000,0x00000000d5f00000,0x00000000d7f80000)
  from space 5120K, 91% used [0x00000000d7f80000,0x00000000d8413f60,0x00000000d8480000)
  to   space 5120K, 0% used [0x00000000d8480000,0x00000000d8480000,0x00000000d8980000)
 ParOldGen       total 87552K, used 16K [0x0000000081c00000, 0x0000000087180000, 0x00000000d5f00000)
  object space 87552K, 0% used [0x0000000081c00000,0x0000000081c04000,0x0000000087180000)
 Metaspace       used 12004K, capacity 12278K, committed 12416K, reserved 1060864K
  class space    used 1449K, capacity 1546K, committed 1664K, reserved 1048576K
}
Event: 21.705 GC heap before
{Heap before GC invocations=2 (full 0):
 PSYoungGen      total 38400K, used 37967K [0x00000000d5f00000, 0x00000000d8980000, 0x0000000100000000)
  eden space 33280K, 100% used [0x00000000d5f00000,0x00000000d7f80000,0x00000000d7f80000)
  from space 5120K, 91% used [0x00000000d7f80000,0x00000000d8413f60,0x00000000d8480000)
  to   space 5120K, 0% used [0x00000000d8480000,0x00000000d8480000,0x00000000d8980000)
 ParOldGen       total 87552K, used 16K [0x0000000081c00000, 0x0000000087180000, 0x00000000d5f00000)
  object space 87552K, 0% used [0x0000000081c00000,0x0000000081c04000,0x0000000087180000)
 Metaspace       used 12626K, capacity 12904K, committed 13184K, reserved 1060864K
  class space    used 1495K, capacity 1579K, committed 1664K, reserved 1048576K
Event: 21.712 GC heap after
Heap after GC invocations=2 (full 0):
 PSYoungGen      total 38400K, used 4185K [0x00000000d5f00000, 0x00000000d8980000, 0x0000000100000000)
  eden space 33280K, 0% used [0x00000000d5f00000,0x00000000d5f00000,0x00000000d7f80000)
  from space 5120K, 81% used [0x00000000d8480000,0x00000000d8896508,0x00000000d8980000)
  to   space 5120K, 0% used [0x00000000d7f80000,0x00000000d7f80000,0x00000000d8480000)
 ParOldGen       total 87552K, used 3402K [0x0000000081c00000, 0x0000000087180000, 0x00000000d5f00000)
  object space 87552K, 3% used [0x0000000081c00000,0x0000000081f52a10,0x0000000087180000)
 Metaspace       used 12626K, capacity 12904K, committed 13184K, reserved 1060864K
  class space    used 1495K, capacity 1579K, committed 1664K, reserved 1048576K
}

Deoptimization events (6 events):
Event: 0.394 Thread 0x00000000026d2800 Uncommon trap: reason=unstable_if action=reinterpret pc=0x0000000002923350 method=java.lang.String.startsWith(Ljava/lang/String;I)Z @ 25
Event: 0.573 Thread 0x0000000019915800 Uncommon trap: reason=unstable_if action=reinterpret pc=0x000000000295d60c method=java.util.HashMap.hash(Ljava/lang/Object;)I @ 1
Event: 8.037 Thread 0x0000000019c93000 Uncommon trap: reason=null_check action=make_not_entrant pc=0x0000000002bacf6c method=com.sun.jna.Native.getNativeSize(Ljava/lang/Class;Ljava/lang/Object;)I @ 83
Event: 14.934 Thread 0x0000000026ecc800 Uncommon trap: reason=null_check action=make_not_entrant pc=0x0000000002beb210 method=com.sun.jna.Native.getNativeSize(Ljava/lang/Class;)I @ 23
Event: 42.417 Thread 0x00000000198c5000 Uncommon trap: reason=null_check action=make_not_entrant pc=0x0000000002c76638 method=com.sun.jna.Structure.readField(Lcom/sun/jna/Structure$StructField;)Ljava/lang/Object; @ 51
Event: 43.044 Thread 0x00000000199e7000 Uncommon trap: reason=null_check action=make_not_entrant pc=0x0000000002c893a0 method=com.sun.jna.Structure.readField(Lcom/sun/jna/Structure$StructField;)Ljava/lang/Object; @ 79

Internal exceptions (10 events):
Event: 0.422 Thread 0x00000000026d2800 Exception <a 'java/lang/UnsatisfiedLinkError': The specified procedure could not be found.
> (0x00000000d64583c0) thrown at [C:\re\workspace\8-2-build-windows-amd64-cygwin\jdk8u101\7261\hotspot\src\share\vm\prims\jni.cpp, line 735]
Event: 0.438 Thread 0x00000000026d2800 Exception <a 'java/io/FileNotFoundException'> (0x00000000d646cad0) thrown at [C:\re\workspace\8-2-build-windows-amd64-cygwin\jdk8u101\7261\hotspot\src\share\vm\prims\jni.cpp, line 709]
Event: 0.471 Thread 0x00000000026d2800 Exception <a 'java/lang/NoSuchFieldError': method resolution failed> (0x00000000d6539698) thrown at [C:\re\workspace\8-2-build-windows-amd64-cygwin\jdk8u101\7261\hotspot\src\share\vm\prims\methodHandles.cpp, line 1146]
Event: 0.473 Thread 0x00000000026d2800 Exception <a 'java/lang/NoSuchFieldError': method resolution failed> (0x00000000d6546ad0) thrown at [C:\re\workspace\8-2-build-windows-amd64-cygwin\jdk8u101\7261\hotspot\src\share\vm\prims\methodHandles.cpp, line 1146]
Event: 0.538 Thread 0x0000000019915800 Exception <a 'java/io/FileNotFoundException'> (0x00000000d66df918) thrown at [C:\re\workspace\8-2-build-windows-amd64-cygwin\jdk8u101\7261\hotspot\src\share\vm\prims\jni.cpp, line 709]
Event: 0.573 Thread 0x0000000019915800 Implicit null exception at 0x000000000295d415 to 0x000000000295d5fd
Event: 0.596 Thread 0x0000000019915800 Exception <a 'java/lang/UnsatisfiedLinkError': The specified module could not be found.
> (0x00000000d69290b0) thrown at [C:\re\workspace\8-2-build-windows-amd64-cygwin\jdk8u101\7261\hotspot\src\share\vm\prims\jni.cpp, line 735]
Event: 0.598 Thread 0x0000000019915800 Exception <a 'java/lang/UnsatisfiedLinkError': The specified module could not be found.
> (0x00000000d69293f0) thrown at [C:\re\workspace\8-2-build-windows-amd64-cygwin\jdk8u101\7261\hotspot\src\share\vm\prims\jni.cpp, line 735]
Event: 0.600 Thread 0x0000000019915800 Exception <a 'java/lang/UnsatisfiedLinkError': The specified module could not be found.
> (0x00000000d69297b8) thrown at [C:\re\workspace\8-2-build-windows-amd64-cygwin\jdk8u101\7261\hotspot\src\share\vm\prims\jni.cpp, line 735]
Event: 0.600 Thread 0x0000000019915800 Exception <a 'java/lang/UnsatisfiedLinkError'> (0x00000000d692dbb0) thrown at [C:\re\workspace\8-2-build-windows-amd64-cygwin\jdk8u101\7261\hotspot\src\share\vm\oops\instanceKlass.cpp, line 964]

Events (10 events):
Event: 42.928 Thread 0x00000000198c2000 Thread added: 0x00000000198c2000
Event: 42.929 Thread 0x00000000198c2000 Thread exited: 0x00000000198c2000
Event: 43.044 Thread 0x00000000199e7000 Uncommon trap: trap_request=0xfffffff4 fr.pc=0x0000000002c893a0
Event: 43.044 Thread 0x00000000199e7000 DEOPT PACKING pc=0x0000000002c893a0 sp=0x000000001c0fef50
Event: 43.044 Thread 0x00000000199e7000 DEOPT UNPACKING pc=0x000000000281582a sp=0x000000001c0feee8 mode 2
Event: 43.099 Thread 0x00000000198c3800 Thread added: 0x00000000198c3800
Event: 43.099 Thread 0x00000000198c2000 Thread added: 0x00000000198c2000
Event: 43.099 Thread 0x0000000019a16000 Thread exited: 0x0000000019a16000
Event: 43.100 Thread 0x00000000198c2000 Thread exited: 0x00000000198c2000
Event: 43.117 Thread 0x0000000019910800 Thread exited: 0x0000000019910800


Dynamic libraries:
0x00007ff759740000 - 0x00007ff759777000 	C:\Program Files\Java\jdk1.8.0_101\bin\java.exe
0x00007ffbc3f20000 - 0x00007ffbc40fb000 	C:\WINDOWS\SYSTEM32\ntdll.dll
0x00007ffbc39b0000 - 0x00007ffbc3a5e000 	C:\WINDOWS\System32\KERNEL32.DLL
0x00007ffbc0b40000 - 0x00007ffbc0d89000 	C:\WINDOWS\System32\KERNELBASE.dll
0x00007ffbc1900000 - 0x00007ffbc19a1000 	C:\WINDOWS\System32\ADVAPI32.dll
0x00007ffbc1480000 - 0x00007ffbc151d000 	C:\WINDOWS\System32\msvcrt.dll
0x00007ffbc2e40000 - 0x00007ffbc2e99000 	C:\WINDOWS\System32\sechost.dll
0x00007ffbc3720000 - 0x00007ffbc3845000 	C:\WINDOWS\System32\RPCRT4.dll
0x00007ffbc1520000 - 0x00007ffbc166a000 	C:\WINDOWS\System32\USER32.dll
0x00007ffbc13c0000 - 0x00007ffbc13de000 	C:\WINDOWS\System32\win32u.dll
0x00007ffbc3210000 - 0x00007ffbc3237000 	C:\WINDOWS\System32\GDI32.dll
0x00007ffbc0d90000 - 0x00007ffbc0f18000 	C:\WINDOWS\System32\gdi32full.dll
0x00007ffbc13e0000 - 0x00007ffbc147a000 	C:\WINDOWS\System32\msvcp_win.dll
0x00007ffbc0f20000 - 0x00007ffbc1016000 	C:\WINDOWS\System32\ucrtbase.dll
0x00007ffbbce70000 - 0x00007ffbbd0d7000 	C:\WINDOWS\WinSxS\amd64_microsoft.windows.common-controls_6595b64144ccf1df_6.0.15063.483_none_26002d27e7c744a2\COMCTL32.dll
0x00007ffbc32b0000 - 0x00007ffbc35a9000 	C:\WINDOWS\System32\combase.dll
0x00007ffbc1350000 - 0x00007ffbc13ba000 	C:\WINDOWS\System32\bcryptPrimitives.dll
0x00007ffbc2e10000 - 0x00007ffbc2e3d000 	C:\WINDOWS\System32\IMM32.DLL
0x0000000077050000 - 0x0000000077122000 	C:\Program Files\Java\jdk1.8.0_101\jre\bin\msvcr100.dll
0x0000000073ab0000 - 0x000000007434a000 	C:\Program Files\Java\jdk1.8.0_101\jre\bin\server\jvm.dll
0x00007ffbc2df0000 - 0x00007ffbc2df8000 	C:\WINDOWS\System32\PSAPI.DLL
0x00007ffbb80e0000 - 0x00007ffbb80ea000 	C:\WINDOWS\SYSTEM32\VERSION.dll
0x00007ffbb24a0000 - 0x00007ffbb24c3000 	C:\WINDOWS\SYSTEM32\WINMM.dll
0x00007ffbb6f10000 - 0x00007ffbb6f19000 	C:\WINDOWS\SYSTEM32\WSOCK32.dll
0x00007ffbc3240000 - 0x00007ffbc32ac000 	C:\WINDOWS\System32\WS2_32.dll
0x00007ffbb2470000 - 0x00007ffbb249b000 	C:\WINDOWS\SYSTEM32\WINMMBASE.dll
0x00007ffbc1250000 - 0x00007ffbc1299000 	C:\WINDOWS\System32\cfgmgr32.dll
0x0000000077000000 - 0x000000007700f000 	C:\Program Files\Java\jdk1.8.0_101\jre\bin\verify.dll
0x0000000076b90000 - 0x0000000076bb9000 	C:\Program Files\Java\jdk1.8.0_101\jre\bin\java.dll
0x0000000076b70000 - 0x0000000076b86000 	C:\Program Files\Java\jdk1.8.0_101\jre\bin\zip.dll
0x00007ffbc19b0000 - 0x00007ffbc2de7000 	C:\WINDOWS\System32\SHELL32.dll
0x00007ffbc3160000 - 0x00007ffbc320a000 	C:\WINDOWS\System32\shcore.dll
0x00007ffbc0440000 - 0x00007ffbc0b32000 	C:\WINDOWS\System32\windows.storage.dll
0x00007ffbc18a0000 - 0x00007ffbc18f1000 	C:\WINDOWS\System32\shlwapi.dll
0x00007ffbc0400000 - 0x00007ffbc0411000 	C:\WINDOWS\System32\kernel.appcore.dll
0x00007ffbc03b0000 - 0x00007ffbc03fc000 	C:\WINDOWS\System32\powrprof.dll
0x00007ffbc0420000 - 0x00007ffbc0435000 	C:\WINDOWS\System32\profapi.dll
0x00007ffbbfde0000 - 0x00007ffbbfdf7000 	C:\WINDOWS\SYSTEM32\CRYPTSP.dll
0x00007ffbbf860000 - 0x00007ffbbf894000 	C:\WINDOWS\system32\rsaenh.dll
0x00007ffbc02d0000 - 0x00007ffbc02f5000 	C:\WINDOWS\SYSTEM32\bcrypt.dll
0x00007ffbc0260000 - 0x00007ffbc0289000 	C:\WINDOWS\SYSTEM32\USERENV.dll
0x00007ffbbfe00000 - 0x00007ffbbfe0b000 	C:\WINDOWS\SYSTEM32\CRYPTBASE.dll
0x0000000076b50000 - 0x0000000076b6a000 	C:\Program Files\Java\jdk1.8.0_101\jre\bin\net.dll
0x00007ffbbfc40000 - 0x00007ffbbfc9c000 	C:\WINDOWS\system32\mswsock.dll
0x00007ffbbf9e0000 - 0x00007ffbbfa17000 	C:\WINDOWS\SYSTEM32\IPHLPAPI.DLL
0x00007ffbc2e00000 - 0x00007ffbc2e08000 	C:\WINDOWS\System32\NSI.dll
0x00007ffbb61a0000 - 0x00007ffbb61b6000 	C:\WINDOWS\SYSTEM32\dhcpcsvc6.DLL
0x00007ffbb6120000 - 0x00007ffbb613a000 	C:\WINDOWS\SYSTEM32\dhcpcsvc.DLL
0x0000000076b30000 - 0x0000000076b41000 	C:\Program Files\Java\jdk1.8.0_101\jre\bin\nio.dll
0x00007ffbb0780000 - 0x00007ffbb07b7000 	C:\Users\Akshay Solanki\AppData\Local\Temp\jna-Akshay Solanki\jna2686450403037113278.dll
0x0000000075cd0000 - 0x0000000075e68000 	C:\Program Files\Java\jdk1.8.0_101\jre\bin\awt.dll
0x00007ffbc1670000 - 0x00007ffbc1730000 	C:\WINDOWS\System32\OLEAUT32.dll
0x00007ffbbe7e0000 - 0x00007ffbbe85e000 	C:\WINDOWS\SYSTEM32\apphelp.dll
0x00007ffbbecb0000 - 0x00007ffbbed45000 	C:\WINDOWS\system32\uxtheme.dll
0x00007ffbc1730000 - 0x00007ffbc1896000 	C:\WINDOWS\System32\MSCTF.dll
0x00007ffbbd3c0000 - 0x00007ffbbd3ea000 	C:\WINDOWS\system32\dwmapi.dll
0x00007ffbc3850000 - 0x00007ffbc3995000 	C:\WINDOWS\System32\ole32.dll
0x0000000075c70000 - 0x0000000075c9e000 	C:\Program Files\VideoLAN\VLC\libvlc.dll
0x0000000074b20000 - 0x0000000074dcd000 	C:\Program Files\VideoLAN\VLC\libvlccore.dll
0x00000000748d0000 - 0x0000000074972000 	C:\Program Files\VideoLAN\VLC\plugins\access\libdshow_plugin.dll
0x0000000076430000 - 0x0000000076444000 	C:\Program Files\VideoLAN\VLC\plugins\audio_output\libdirectsound_plugin.dll
0x0000000075c50000 - 0x0000000075c63000 	C:\Program Files\VideoLAN\VLC\plugins\audio_output\libwaveout_plugin.dll
0x0000000075c30000 - 0x0000000075c4f000 	C:\Program Files\VideoLAN\VLC\plugins\video_output\libdirect3d_plugin.dll
0x0000000075c10000 - 0x0000000075c2d000 	C:\Program Files\VideoLAN\VLC\plugins\video_output\libdirectdraw_plugin.dll
0x00007ffb8cd40000 - 0x00007ffb8cdcc000 	C:\WINDOWS\SYSTEM32\DSOUND.DLL
0x00007ffbc3040000 - 0x00007ffbc30de000 	C:\WINDOWS\System32\clbcatq.dll
0x00007ffbb5ab0000 - 0x00007ffbb5b17000 	C:\WINDOWS\System32\MMDevApi.dll
0x00007ffbbed50000 - 0x00007ffbbed78000 	C:\WINDOWS\System32\DEVOBJ.dll
0x00007ffbb58a0000 - 0x00007ffbb5a36000 	C:\WINDOWS\System32\PROPSYS.dll
0x0000000076ae0000 - 0x0000000076b27000 	C:\Program Files\Java\jdk1.8.0_101\jre\bin\fontmanager.dll
0x0000000076850000 - 0x0000000076892000 	C:\Program Files\Java\jdk1.8.0_101\jre\bin\t2k.dll
0x0000000075c00000 - 0x0000000075c07000 	C:\Program Files\Java\jdk1.8.0_101\jre\bin\jawt.dll
0x0000000074b00000 - 0x0000000074b16000 	C:\Program Files\VideoLAN\VLC\plugins\stream_out\libstream_out_duplicate_plugin.dll
0x0000000075bf0000 - 0x0000000075c00000 	C:\Program Files\VideoLAN\VLC\plugins\stream_out\libstream_out_display_plugin.dll
0x00000000739f0000 - 0x0000000073aac000 	C:\Program Files\VideoLAN\VLC\plugins\stream_out\libstream_out_rtp_plugin.dll
0x00000000748a0000 - 0x00000000748c8000 	C:\Program Files\VideoLAN\VLC\plugins\mux\libmux_ts_plugin.dll
0x00007ffbb6ef0000 - 0x00007ffbb6f06000 	C:\WINDOWS\system32\napinsp.dll
0x00007ffbb6f20000 - 0x00007ffbb6f3a000 	C:\WINDOWS\system32\pnrpnsp.dll
0x00007ffbb63e0000 - 0x00007ffbb63f8000 	C:\WINDOWS\system32\NLAapi.dll
0x00007ffbbfa20000 - 0x00007ffbbfac4000 	C:\WINDOWS\SYSTEM32\DNSAPI.dll
0x00007ffbb7560000 - 0x00007ffbb756e000 	C:\WINDOWS\System32\winrnr.dll
0x0000000077350000 - 0x0000000077376000 	C:\Program Files\Bonjour\mdnsNSP.dll
0x00007ffbb6450000 - 0x00007ffbb6465000 	C:\WINDOWS\System32\wshbth.dll
0x0000000073770000 - 0x00000000739ec000 	C:\Program Files\VideoLAN\VLC\plugins\access\liblibbluray_plugin.dll
0x0000000074870000 - 0x0000000074896000 	C:\Program Files\VideoLAN\VLC\plugins\access\libaccess_bd_plugin.dll
0x0000000073720000 - 0x000000007376b000 	C:\Program Files\VideoLAN\VLC\plugins\access\libdvdnav_plugin.dll
0x0000000074850000 - 0x000000007486f000 	C:\Program Files\VideoLAN\VLC\plugins\access\libvdr_plugin.dll
0x0000000074830000 - 0x0000000074848000 	C:\Program Files\VideoLAN\VLC\plugins\access\libfilesystem_plugin.dll
0x0000000073700000 - 0x000000007371b000 	C:\Program Files\VideoLAN\VLC\plugins\stream_filter\libsmooth_plugin.dll
0x0000000073650000 - 0x00000000736ff000 	C:\Program Files\VideoLAN\VLC\plugins\stream_filter\libhttplive_plugin.dll
0x0000000073570000 - 0x0000000073644000 	C:\Program Files\VideoLAN\VLC\plugins\stream_filter\libdash_plugin.dll
0x0000000073540000 - 0x000000007356b000 	C:\Program Files\VideoLAN\VLC\plugins\access\libzip_plugin.dll
0x0000000073520000 - 0x0000000073536000 	C:\Program Files\VideoLAN\VLC\plugins\access\librar_plugin.dll
0x0000000073510000 - 0x000000007351f000 	C:\Program Files\VideoLAN\VLC\plugins\stream_filter\librecord_plugin.dll
0x00000000734c0000 - 0x0000000073502000 	C:\Program Files\VideoLAN\VLC\plugins\demux\libmp4_plugin.dll
0x0000000073460000 - 0x00000000734ba000 	C:\Program Files\VideoLAN\VLC\plugins\codec\libtheora_plugin.dll
0x0000000073450000 - 0x0000000073460000 	C:\Program Files\VideoLAN\VLC\plugins\codec\librawvideo_plugin.dll
0x0000000073410000 - 0x0000000073449000 	C:\Program Files\VideoLAN\VLC\plugins\codec\libspeex_plugin.dll
0x0000000073330000 - 0x0000000073405000 	C:\Program Files\VideoLAN\VLC\plugins\codec\libvorbis_plugin.dll
0x0000000073320000 - 0x0000000073330000 	C:\Program Files\VideoLAN\VLC\plugins\codec\libaes3_plugin.dll
0x0000000073300000 - 0x0000000073311000 	C:\Program Files\VideoLAN\VLC\plugins\codec\liblpcm_plugin.dll
0x00000000732e0000 - 0x0000000073300000 	C:\Program Files\VideoLAN\VLC\plugins\packetizer\libpacketizer_h264_plugin.dll
0x00000000732c0000 - 0x00000000732d1000 	C:\Program Files\VideoLAN\VLC\plugins\packetizer\libpacketizer_flac_plugin.dll
0x00000000732a0000 - 0x00000000732b4000 	C:\Program Files\VideoLAN\VLC\plugins\packetizer\libpacketizer_dirac_plugin.dll
0x0000000073280000 - 0x0000000073291000 	C:\Program Files\VideoLAN\VLC\plugins\packetizer\libpacketizer_mlp_plugin.dll
0x0000000073260000 - 0x000000007327e000 	C:\Program Files\VideoLAN\VLC\plugins\packetizer\libpacketizer_mpeg4audio_plugin.dll
0x00000000730c0000 - 0x0000000073259000 	C:\Program Files\VideoLAN\VLC\plugins\meta_engine\libtaglib_plugin.dll
0x0000000073060000 - 0x00000000730bc000 	C:\Program Files\VideoLAN\VLC\plugins\lua\liblua_plugin.dll
0x0000000073000000 - 0x0000000073059000 	C:\Program Files\VideoLAN\VLC\plugins\codec\libjpeg_plugin.dll
0x0000000072fe0000 - 0x0000000072ff1000 	C:\Program Files\VideoLAN\VLC\plugins\codec\libcdg_plugin.dll
0x0000000072f80000 - 0x0000000072fdc000 	C:\Program Files\VideoLAN\VLC\plugins\codec\libpng_plugin.dll
0x0000000072e00000 - 0x0000000072f7b000 	C:\Program Files\VideoLAN\VLC\plugins\codec\libschroedinger_plugin.dll
0x0000000072de0000 - 0x0000000072df1000 	C:\Program Files\VideoLAN\VLC\plugins\codec\libdts_plugin.dll
0x0000000072dc0000 - 0x0000000072dd5000 	C:\Program Files\VideoLAN\VLC\plugins\codec\libaraw_plugin.dll
0x0000000072da0000 - 0x0000000072db7000 	C:\Program Files\VideoLAN\VLC\plugins\codec\libsubstx3g_plugin.dll
0x0000000072d20000 - 0x0000000072d94000 	C:\Program Files\VideoLAN\VLC\plugins\codec\libflac_plugin.dll
0x0000000072d00000 - 0x0000000072d13000 	C:\Program Files\VideoLAN\VLC\plugins\codec\libg711_plugin.dll
0x0000000072a10000 - 0x0000000072cf9000 	C:\Program Files\VideoLAN\VLC\plugins\codec\liblibass_plugin.dll
0x00000000729a0000 - 0x0000000072a0f000 	C:\Program Files\VideoLAN\VLC\plugins\codec\libfaad_plugin.dll
0x0000000072980000 - 0x0000000072991000 	C:\Program Files\VideoLAN\VLC\plugins\codec\liba52_plugin.dll
0x0000000072970000 - 0x0000000072980000 	C:\Program Files\VideoLAN\VLC\plugins\codec\libmpeg_audio_plugin.dll
0x00000000728f0000 - 0x0000000072967000 	C:\Program Files\VideoLAN\VLC\plugins\codec\libopus_plugin.dll
0x00000000728c0000 - 0x00000000728e9000 	C:\Program Files\VideoLAN\VLC\plugins\codec\libdvbsub_plugin.dll
0x00000000728a0000 - 0x00000000728b1000 	C:\Program Files\VideoLAN\VLC\plugins\codec\libspudec_plugin.dll
0x00000000712c0000 - 0x0000000072899000 	C:\Program Files\VideoLAN\VLC\plugins\codec\libavcodec_plugin.dll
0x00007ffbb2ff0000 - 0x00007ffbb30f5000 	C:\WINDOWS\SYSTEM32\AUDIOSES.DLL
0x00007ffbbca30000 - 0x00007ffbbcb69000 	C:\WINDOWS\SYSTEM32\wintypes.dll
0x00007ffbbd3b0000 - 0x00007ffbbd3bb000 	C:\WINDOWS\SYSTEM32\AVRT.dll

VM Arguments:
jvm_args: -Dfile.encoding=UTF-8 
java_command: rtspstreamserver.RtspStreamServer
java_class_path (initial): C:\Users\Akshay Solanki\Documents\NetBeansProjects\RtspStreamServer\jars\jna-3.5.2.jar;C:\Users\Akshay Solanki\Documents\NetBeansProjects\RtspStreamServer\jars\log4j-1.2.17.jar;C:\Users\Akshay Solanki\Documents\NetBeansProjects\RtspStreamServer\jars\logback.jar;C:\Users\Akshay Solanki\Documents\NetBeansProjects\RtspStreamServer\jars\platform-3.5.2.jar;C:\Users\Akshay Solanki\Documents\NetBeansProjects\RtspStreamServer\jars\slf4j-api-1.7.10.jar;C:\Users\Akshay Solanki\Documents\NetBeansProjects\RtspStreamServer\jars\slf4j-log4j12-1.7.25.jar;C:\Users\Akshay Solanki\Documents\NetBeansProjects\RtspStreamServer\jars\vlcj-3.8.0-javadoc.jar;C:\Users\Akshay Solanki\Documents\NetBeansProjects\RtspStreamServer\jars\vlcj-3.8.0-sources.jar;C:\Users\Akshay Solanki\Documents\NetBeansProjects\RtspStreamServer\jars\vlcj-3.8.0-test-sources.jar;C:\Users\Akshay Solanki\Documents\NetBeansProjects\RtspStreamServer\jars\vlcj-3.8.0-tests.jar;C:\Users\Akshay Solanki\Documents\NetBeansProjects\RtspStreamServer\jars\vlcj-3.8.0.jar;C:\Users\Akshay Solanki\Documents\NetBeansProjects\RtspStreamServer\build\classes
Launcher Type: SUN_STANDARD

Environment Variables:
JAVA_HOME=C:\Program Files\Java\jdk1.8.0_102
CLASSPATH=C:\Program Files\JMF-2.1.1e\lib\jmf.jar
PATH=C:\Program Files\nodejs;C:\Program Files (x86)\Kubernetes\Minikube;C:\Users\Akshay Solanki\Downloads\Programs;C:\Users\Akshay Solanki\Downloads\Compressed\ngrok-stable-windows-amd64_2;C:\Program Files (x86)\CMake 2.8\bin;C:\OpenCV2.2\bin;C:\opencv\sources\3rdparty\ffmpeg\;C:\Program Files\Git\cmd;C:\Android\sdk\tools;C:\Android\sdk\tools\bin;C:\Android\sdk\platform-tools;C:\Windows\System32;C:\Program Files (x86)\Microsoft SQL Server\100\Tools\Binn\;C:\Program Files\Microsoft SQL Server\100\Tools\Binn\;C:\Program Files\Microsoft SQL Server\100\DTS\Binn\;D:\gstreamer\1.0\x86_64\bin;C:\MinGW\bin;C:\Users\Akshay Solanki\Downloads\Compressed\apache-maven-3.5.0-bin\apache-maven-3.5.0\bin;C:\Program Files\MATLAB\R2010b\runtime\win64;C:\Program Files\MATLAB\R2010b\bin;C:\opencv\build\java;C:\Program Files (x86)\AMD APP SDK\3.0\bin\x86_64;C:\Program Files (x86)\AMD APP SDK\3.0\bin\x86;C:\opencv\build\java\x64;C:\Program Files\JMF-2.1.1e\lib;C:\WINDOWS\system32;C:\WINDOWS;C:\WINDOWS\System32\Wbem;C:\WINDOWS\System32\WindowsPowerShell\v1.0\;F:\downloads\Compressed\apache-maven-3.5.0-bin\apache-maven-3.5.0\bin;C:\Program Files\VideoLAN\VLC;C:\Program Files\Java\jdk1.8.0_102\bin;C:\Users\Akshay Solanki\AppData\Roaming\npm;C:\Users\Akshay Solanki\AppData\Local\atom\bin;C:\Program Files (x86)\Microsoft VS Code\bin;C:\Python27;%OPENCV_BUILD%\x86\vc10\bin;C:\Users\Akshay Solanki\Downloads\Compressed\curl-7.54.0-win64-mingw\curl-7.54.0-win64-mingw\bin;C:\OpenCV2.2\bin;C:\Users\Akshay Solanki\AppData\Local\Microsoft\WindowsApps;
USERNAME=Akshay Solanki
OS=Windows_NT
PROCESSOR_IDENTIFIER=Intel64 Family 6 Model 78 Stepping 3, GenuineIntel



---------------  S Y S T E M  ---------------

OS: Windows 10.0 , 64 bit Build 15063 (10.0.15063.296)

CPU:total 4 (2 cores per cpu, 2 threads per core) family 6 model 78 stepping 3, cmov, cx8, fxsr, mmx, sse, sse2, sse3, ssse3, sse4.1, sse4.2, popcnt, avx, avx2, aes, clmul, erms, 3dnowpref, lzcnt, ht, tsc, tscinvbit, bmi1, bmi2, adx

Memory: 4k page, physical 8268040k(1307156k free), swap 23221772k(4039588k free)

vm_info: Java HotSpot(TM) 64-Bit Server VM (25.101-b13) for windows-amd64 JRE (1.8.0_101-b13), built on Jun 22 2016 01:21:29 by "java_re" with MS VC++ 10.0 (VS2010)

time: Sun Jul 23 03:08:23 2017
elapsed time: 43 seconds (0d 0h 0m 43s)

