#
# A fatal error has been detected by the Java Runtime Environment:
#
#  EXCEPTION_ACCESS_VIOLATION (0xc0000005) at pc=0x00007ffbc3f5bbdf, pid=19516, tid=0x0000000000002f48
#
# JRE version: Java(TM) SE Runtime Environment (8.0_101-b13) (build 1.8.0_101-b13)
# Java VM: Java HotSpot(TM) 64-Bit Server VM (25.101-b13 mixed mode windows-amd64 compressed oops)
# Problematic frame:
# C  [ntdll.dll+0x3bbdf]
#
# Failed to write core dump. Minidumps are not enabled by default on client versions of Windows
#
# If you would like to submit a bug report, please visit:
#   http://bugreport.java.com/bugreport/crash.jsp
# The crash happened outside the Java Virtual Machine in native code.
# See problematic frame for where to report the bug.
#

---------------  T H R E A D  ---------------

Current thread (0x0000000019cf0800):  JavaThread "pool-1-thread-1" [_thread_in_native, id=12104, stack(0x000000001c080000,0x000000001c180000)]

siginfo: ExceptionCode=0xc0000005, writing address 0x0000000000000024

Registers:
RAX=0x0000000000000000, RBX=0x000000001ba786c8, RCX=0x000000001ba786c8, RDX=0xffffffffffffffff
RSP=0x000000001c17e450, RBP=0x000000001c17e4c0, RSI=0x0000000000000000, RDI=0x0000000000000000
R8 =0x0000000000000000, R9 =0x00007ffbb0d205fa, R10=0x00000000000000b4, R11=0x000000001c17e5a0
R12=0x0000000000000000, R13=0x0000000002c6ef3c, R14=0x0000000000000001, R15=0x0000000000000000
RIP=0x00007ffbc3f5bbdf, EFLAGS=0x0000000000010213

Top of Stack: (sp=0x000000001c17e450)
0x000000001c17e450:   ffffffffffffffff 000000001ba786c8
0x000000001c17e460:   000000001b857210 0000000000000000
0x000000001c17e470:   000000001c17f330 0000000016e533f0
0x000000001c17e480:   0000000019cf0800 00000000004fd000
0x000000001c17e490:   000000001c17f3c8 0000000000000000
0x000000001c17e4a0:   0000036b1f15e626 00007ffbb0d1fc42
0x000000001c17e4b0:   0000036b1f15e636 0000000019cf0800
0x000000001c17e4c0:   0000000019cf0800 0000000000000001
0x000000001c17e4d0:   0000000002c6ef3c 0000000000000000
0x000000001c17e4e0:   0000000000000000 000000001ba78600
0x000000001c17e4f0:   0000000000000001 00007ffbc3f34571
0x000000001c17e500:   000000001c17e600 000000001ba786c8
0x000000001c17e510:   0000036bfffffffa 00007ffbb0d1fc42
0x000000001c17e520:   000000001c17ecd8 00007ffbc3f34490
0x000000001c17e530:   000000001ba78690 000000001c17e5d0
0x000000001c17e540:   000000001ba786c0 00000000d6b140f8 

Instructions: (pc=0x00007ffbc3f5bbdf)
0x00007ffbc3f5bbbf:   0f 45 fe 48 39 73 18 0f 84 9e 01 00 00 48 83 3b
0x00007ffbc3f5bbcf:   ff 0f 84 a1 01 00 00 48 8b 03 48 83 f8 ff 74 03
0x00007ffbc3f5bbdf:   ff 40 24 48 8b 7b 18 44 8b ee 48 89 7d c0 e8 ee
0x00007ffbc3f5bbef:   57 ff ff 85 c0 0f 85 e2 fe 07 00 b9 82 03 fe 7f 


Register to memory mapping:

RAX=0x0000000000000000 is an unknown value
RBX=0x000000001ba786c8 is an unknown value
RCX=0x000000001ba786c8 is an unknown value
RDX=0xffffffffffffffff is an unknown value
RSP=0x000000001c17e450 is pointing into the stack for thread: 0x0000000019cf0800
RBP=0x000000001c17e4c0 is pointing into the stack for thread: 0x0000000019cf0800
RSI=0x0000000000000000 is an unknown value
RDI=0x0000000000000000 is an unknown value
R8 =0x0000000000000000 is an unknown value
R9 =0x00007ffbb0d205fa is an unknown value
R10=0x00000000000000b4 is an unknown value
R11=0x000000001c17e5a0 is pointing into the stack for thread: 0x0000000019cf0800
R12=0x0000000000000000 is an unknown value
R13=0x0000000002c6ef3c is at entry_point+2812 in (nmethod*)0x0000000002c6ded0
R14=0x0000000000000001 is an unknown value
R15=0x0000000000000000 is an unknown value


Stack: [0x000000001c080000,0x000000001c180000],  sp=0x000000001c17e450,  free space=1017k
Native frames: (J=compiled Java code, j=interpreted, Vv=VM code, C=native code)
C  [ntdll.dll+0x3bbdf]
C  [ntdll.dll+0x14571]
C  [ntdll.dll+0x14490]
C  [libvlc.dll+0xde65]
C  [jna126715633616121814.dll+0x176f3]
C  [jna126715633616121814.dll+0xffe7]
C  [jna126715633616121814.dll+0x3d1a]
C  [jna126715633616121814.dll+0x4e37]
C  0x0000000002c574a3

Java frames: (J=compiled Java code, j=interpreted, Vv=VM code)
J 1115  com.sun.jna.Native.invokeInt(JI[Ljava/lang/Object;)I (0 bytes) @ 0x0000000002c5741d [0x0000000002c573c0+0x5d]
J 1076 C1 com.sun.jna.Function.invoke([Ljava/lang/Object;Ljava/lang/Class;Z)Ljava/lang/Object; (1149 bytes) @ 0x0000000002c32d2c [0x0000000002c2bc00+0x712c]
J 1144 C1 com.sun.jna.Function.invoke(Ljava/lang/Class;[Ljava/lang/Object;Ljava/util/Map;)Ljava/lang/Object; (526 bytes) @ 0x0000000002c6f8b4 [0x0000000002c6e440+0x1474]
J 1075 C1 com.sun.jna.Library$Handler.invoke(Ljava/lang/Object;Ljava/lang/reflect/Method;[Ljava/lang/Object;)Ljava/lang/Object; (345 bytes) @ 0x0000000002c28a8c [0x0000000002c26b00+0x1f8c]
J 1177 C1 com.sun.proxy.$Proxy1.libvlc_media_player_is_playing(Luk/co/caprica/vlcj/binding/internal/libvlc_media_player_t;)I (39 bytes) @ 0x0000000002c88a0c [0x0000000002c88740+0x2cc]
J 1176 C1 uk.co.caprica.vlcj.player.DefaultMediaPlayer.isPlaying()Z (34 bytes) @ 0x0000000002c882ec [0x0000000002c88160+0x18c]
j  rtspstreamserver.RtspStreamServer$5.run()V+7
j  java.util.concurrent.Executors$RunnableAdapter.call()Ljava/lang/Object;+4
j  java.util.concurrent.FutureTask.run()V+42
j  java.util.concurrent.ThreadPoolExecutor.runWorker(Ljava/util/concurrent/ThreadPoolExecutor$Worker;)V+95
j  java.util.concurrent.ThreadPoolExecutor$Worker.run()V+5
j  java.lang.Thread.run()V+11
v  ~StubRoutines::call_stub

---------------  P R O C E S S  ---------------

Java Threads: ( => current thread )
  0x0000000019beb800 JavaThread "Thread-0" daemon [_thread_in_native, id=16172, stack(0x0000000027b90000,0x0000000027c90000)]
  0x0000000018f81000 JavaThread "Thread-1003" [_thread_in_native, id=12700, stack(0x0000000027990000,0x0000000027a90000)]
=>0x0000000019cf0800 JavaThread "pool-1-thread-1" [_thread_in_native, id=12104, stack(0x000000001c080000,0x000000001c180000)]
  0x0000000002772800 JavaThread "DestroyJavaVM" [_thread_blocked, id=17092, stack(0x00000000025a0000,0x00000000026a0000)]
  0x0000000019a3b000 JavaThread "Thread-1" [_thread_in_native, id=18908, stack(0x000000001af30000,0x000000001b030000)]
  0x0000000019a3a800 JavaThread "AWT-EventQueue-0" [_thread_blocked, id=6948, stack(0x000000001ae30000,0x000000001af30000)]
  0x0000000019a30800 JavaThread "AWT-Shutdown" [_thread_blocked, id=17340, stack(0x000000001a230000,0x000000001a330000)]
  0x0000000019a29800 JavaThread "Java2D Disposer" daemon [_thread_blocked, id=4784, stack(0x000000001a130000,0x000000001a230000)]
  0x0000000018e38800 JavaThread "Service Thread" daemon [_thread_blocked, id=21292, stack(0x0000000019200000,0x0000000019300000)]
  0x00000000173a7800 JavaThread "C1 CompilerThread2" daemon [_thread_blocked, id=11300, stack(0x0000000018d00000,0x0000000018e00000)]
  0x00000000173a4800 JavaThread "C2 CompilerThread1" daemon [_thread_blocked, id=12420, stack(0x0000000018c00000,0x0000000018d00000)]
  0x00000000173a2000 JavaThread "C2 CompilerThread0" daemon [_thread_blocked, id=1336, stack(0x0000000018b00000,0x0000000018c00000)]
  0x00000000173a0000 JavaThread "Attach Listener" daemon [_thread_blocked, id=20228, stack(0x0000000018a00000,0x0000000018b00000)]
  0x000000001739d000 JavaThread "Signal Dispatcher" daemon [_thread_blocked, id=14376, stack(0x0000000018900000,0x0000000018a00000)]
  0x000000000286b000 JavaThread "Finalizer" daemon [_thread_blocked, id=8152, stack(0x0000000018610000,0x0000000018710000)]
  0x0000000002860000 JavaThread "Reference Handler" daemon [_thread_blocked, id=11380, stack(0x0000000018510000,0x0000000018610000)]

Other Threads:
  0x0000000017367800 VMThread [stack: 0x0000000018410000,0x0000000018510000] [id=18216]
  0x0000000018e57000 WatcherThread [stack: 0x0000000019300000,0x0000000019400000] [id=12536]

VM state:not at safepoint (normal execution)

VM Mutex/Monitor currently owned by a thread: None

Heap:
 PSYoungGen      total 37888K, used 16521K [0x00000000d5f00000, 0x00000000d8f00000, 0x0000000100000000)
  eden space 32768K, 38% used [0x00000000d5f00000,0x00000000d6b441e0,0x00000000d7f00000)
  from space 5120K, 77% used [0x00000000d7f80000,0x00000000d835e508,0x00000000d8480000)
  to   space 8192K, 0% used [0x00000000d8700000,0x00000000d8700000,0x00000000d8f00000)
 ParOldGen       total 87552K, used 3002K [0x0000000081c00000, 0x0000000087180000, 0x00000000d5f00000)
  object space 87552K, 3% used [0x0000000081c00000,0x0000000081eeeb40,0x0000000087180000)
 Metaspace       used 13023K, capacity 13320K, committed 13440K, reserved 1060864K
  class space    used 1508K, capacity 1611K, committed 1664K, reserved 1048576K

Card table byte_map: [0x0000000011c30000,0x0000000012030000] byte_map_base: 0x0000000011822000

Marking Bits: (ParMarkBitMap*) 0x00000000742ca6d0
 Begin Bits: [0x00000000126e0000, 0x0000000014670000)
 End Bits:   [0x0000000014670000, 0x0000000016600000)

Polling page: 0x0000000000d00000

CodeCache: size=245760Kb used=5963Kb max_used=6015Kb free=239796Kb
 bounds [0x0000000002870000, 0x0000000002e60000, 0x0000000011870000]
 total_blobs=2223 nmethods=1721 adapters=414
 compilation: enabled

Compilation events (10 events):
Event: 235.236 Thread 0x00000000173a7800 1816       3       java.awt.Container$MouseEventTargetFilter::accept (66 bytes)
Event: 235.236 Thread 0x00000000173a7800 nmethod 1816 0x00000000029ef090 code [0x00000000029ef200, 0x00000000029ef530]
Event: 239.993 Thread 0x00000000173a4800 1817       4       com.sun.jna.Function::isPrimitiveArray (23 bytes)
Event: 239.993 Thread 0x00000000173a7800 1818       1       org.slf4j.helpers.FormattingTuple::getMessage (5 bytes)
Event: 239.994 Thread 0x00000000173a7800 nmethod 1818 0x000000000299bf90 code [0x000000000299c0e0, 0x000000000299c1f0]
Event: 239.994 Thread 0x00000000173a7800 1820       3       com.sun.jna.ToNativeContext::<init> (5 bytes)
Event: 239.994 Thread 0x00000000173a4800 nmethod 1817 0x0000000002a67b90 code [0x0000000002a67cc0, 0x0000000002a67d58]
Event: 239.994 Thread 0x00000000173a7800 nmethod 1820 0x0000000002b2d150 code [0x0000000002b2d2a0, 0x0000000002b2d450]
Event: 239.994 Thread 0x00000000173a7800 1819       1       org.slf4j.helpers.FormattingTuple::getThrowable (5 bytes)
Event: 239.994 Thread 0x00000000173a7800 nmethod 1819 0x0000000002b2ce50 code [0x0000000002b2cfa0, 0x0000000002b2d0b0]

GC Heap History (10 events):
Event: 1.345 GC heap before
{Heap before GC invocations=1 (full 0):
 PSYoungGen      total 38400K, used 33280K [0x00000000d5f00000, 0x00000000d8980000, 0x0000000100000000)
  eden space 33280K, 100% used [0x00000000d5f00000,0x00000000d7f80000,0x00000000d7f80000)
  from space 5120K, 0% used [0x00000000d8480000,0x00000000d8480000,0x00000000d8980000)
  to   space 5120K, 0% used [0x00000000d7f80000,0x00000000d7f80000,0x00000000d8480000)
 ParOldGen       total 87552K, used 0K [0x0000000081c00000, 0x0000000087180000, 0x00000000d5f00000)
  object space 87552K, 0% used [0x0000000081c00000,0x0000000081c00000,0x0000000087180000)
 Metaspace       used 12044K, capacity 12342K, committed 12672K, reserved 1060864K
  class space    used 1462K, capacity 1546K, committed 1664K, reserved 1048576K
Event: 1.352 GC heap after
Heap after GC invocations=1 (full 0):
 PSYoungGen      total 38400K, used 5090K [0x00000000d5f00000, 0x00000000d8980000, 0x0000000100000000)
  eden space 33280K, 0% used [0x00000000d5f00000,0x00000000d5f00000,0x00000000d7f80000)
  from space 5120K, 99% used [0x00000000d7f80000,0x00000000d8478a20,0x00000000d8480000)
  to   space 5120K, 0% used [0x00000000d8480000,0x00000000d8480000,0x00000000d8980000)
 ParOldGen       total 87552K, used 2970K [0x0000000081c00000, 0x0000000087180000, 0x00000000d5f00000)
  object space 87552K, 3% used [0x0000000081c00000,0x0000000081ee6b40,0x0000000087180000)
 Metaspace       used 12044K, capacity 12342K, committed 12672K, reserved 1060864K
  class space    used 1462K, capacity 1546K, committed 1664K, reserved 1048576K
}
Event: 21.507 GC heap before
{Heap before GC invocations=2 (full 0):
 PSYoungGen      total 38400K, used 38370K [0x00000000d5f00000, 0x00000000d8980000, 0x0000000100000000)
  eden space 33280K, 100% used [0x00000000d5f00000,0x00000000d7f80000,0x00000000d7f80000)
  from space 5120K, 99% used [0x00000000d7f80000,0x00000000d8478a20,0x00000000d8480000)
  to   space 5120K, 0% used [0x00000000d8480000,0x00000000d8480000,0x00000000d8980000)
 ParOldGen       total 87552K, used 2970K [0x0000000081c00000, 0x0000000087180000, 0x00000000d5f00000)
  object space 87552K, 3% used [0x0000000081c00000,0x0000000081ee6b40,0x0000000087180000)
 Metaspace       used 12567K, capacity 12840K, committed 12928K, reserved 1060864K
  class space    used 1492K, capacity 1579K, committed 1664K, reserved 1048576K
Event: 21.512 GC heap after
Heap after GC invocations=2 (full 0):
 PSYoungGen      total 38400K, used 3801K [0x00000000d5f00000, 0x00000000d8980000, 0x0000000100000000)
  eden space 33280K, 0% used [0x00000000d5f00000,0x00000000d5f00000,0x00000000d7f80000)
  from space 5120K, 74% used [0x00000000d8480000,0x00000000d8836528,0x00000000d8980000)
  to   space 5120K, 0% used [0x00000000d7f80000,0x00000000d7f80000,0x00000000d8480000)
 ParOldGen       total 87552K, used 2978K [0x0000000081c00000, 0x0000000087180000, 0x00000000d5f00000)
  object space 87552K, 3% used [0x0000000081c00000,0x0000000081ee8b40,0x0000000087180000)
 Metaspace       used 12567K, capacity 12840K, committed 12928K, reserved 1060864K
  class space    used 1492K, capacity 1579K, committed 1664K, reserved 1048576K
}
Event: 51.134 GC heap before
{Heap before GC invocations=3 (full 0):
 PSYoungGen      total 38400K, used 37081K [0x00000000d5f00000, 0x00000000d8980000, 0x0000000100000000)
  eden space 33280K, 100% used [0x00000000d5f00000,0x00000000d7f80000,0x00000000d7f80000)
  from space 5120K, 74% used [0x00000000d8480000,0x00000000d8836528,0x00000000d8980000)
  to   space 5120K, 0% used [0x00000000d7f80000,0x00000000d7f80000,0x00000000d8480000)
 ParOldGen       total 87552K, used 2978K [0x0000000081c00000, 0x0000000087180000, 0x00000000d5f00000)
  object space 87552K, 3% used [0x0000000081c00000,0x0000000081ee8b40,0x0000000087180000)
 Metaspace       used 12748K, capacity 13032K, committed 13184K, reserved 1060864K
  class space    used 1492K, capacity 1579K, committed 1664K, reserved 1048576K
Event: 51.140 GC heap after
Heap after GC invocations=3 (full 0):
 PSYoungGen      total 38400K, used 3961K [0x00000000d5f00000, 0x00000000d8980000, 0x0000000100000000)
  eden space 33280K, 0% used [0x00000000d5f00000,0x00000000d5f00000,0x00000000d7f80000)
  from space 5120K, 77% used [0x00000000d7f80000,0x00000000d835e528,0x00000000d8480000)
  to   space 5120K, 0% used [0x00000000d8480000,0x00000000d8480000,0x00000000d8980000)
 ParOldGen       total 87552K, used 2986K [0x0000000081c00000, 0x0000000087180000, 0x00000000d5f00000)
  object space 87552K, 3% used [0x0000000081c00000,0x0000000081eeab40,0x0000000087180000)
 Metaspace       used 12748K, capacity 13032K, committed 13184K, reserved 1060864K
  class space    used 1492K, capacity 1579K, committed 1664K, reserved 1048576K
}
Event: 86.895 GC heap before
{Heap before GC invocations=4 (full 0):
 PSYoungGen      total 38400K, used 37241K [0x00000000d5f00000, 0x00000000d8980000, 0x0000000100000000)
  eden space 33280K, 100% used [0x00000000d5f00000,0x00000000d7f80000,0x00000000d7f80000)
  from space 5120K, 77% used [0x00000000d7f80000,0x00000000d835e528,0x00000000d8480000)
  to   space 5120K, 0% used [0x00000000d8480000,0x00000000d8480000,0x00000000d8980000)
 ParOldGen       total 87552K, used 2986K [0x0000000081c00000, 0x0000000087180000, 0x00000000d5f00000)
  object space 87552K, 3% used [0x0000000081c00000,0x0000000081eeab40,0x0000000087180000)
 Metaspace       used 12847K, capacity 13096K, committed 13184K, reserved 1060864K
  class space    used 1493K, capacity 1579K, committed 1664K, reserved 1048576K
Event: 86.901 GC heap after
Heap after GC invocations=4 (full 0):
 PSYoungGen      total 38400K, used 4057K [0x00000000d5f00000, 0x00000000d8980000, 0x0000000100000000)
  eden space 33280K, 0% used [0x00000000d5f00000,0x00000000d5f00000,0x00000000d7f80000)
  from space 5120K, 79% used [0x00000000d8480000,0x00000000d8876508,0x00000000d8980000)
  to   space 5120K, 0% used [0x00000000d7f80000,0x00000000d7f80000,0x00000000d8480000)
 ParOldGen       total 87552K, used 2994K [0x0000000081c00000, 0x0000000087180000, 0x00000000d5f00000)
  object space 87552K, 3% used [0x0000000081c00000,0x0000000081eecb40,0x0000000087180000)
 Metaspace       used 12847K, capacity 13096K, committed 13184K, reserved 1060864K
  class space    used 1493K, capacity 1579K, committed 1664K, reserved 1048576K
}
Event: 117.280 GC heap before
{Heap before GC invocations=5 (full 0):
 PSYoungGen      total 38400K, used 37337K [0x00000000d5f00000, 0x00000000d8980000, 0x0000000100000000)
  eden space 33280K, 100% used [0x00000000d5f00000,0x00000000d7f80000,0x00000000d7f80000)
  from space 5120K, 79% used [0x00000000d8480000,0x00000000d8876508,0x00000000d8980000)
  to   space 5120K, 0% used [0x00000000d7f80000,0x00000000d7f80000,0x00000000d8480000)
 ParOldGen       total 87552K, used 2994K [0x0000000081c00000, 0x0000000087180000, 0x00000000d5f00000)
  object space 87552K, 3% used [0x0000000081c00000,0x0000000081eecb40,0x0000000087180000)
 Metaspace       used 12893K, capacity 13160K, committed 13440K, reserved 1060864K
  class space    used 1493K, capacity 1579K, committed 1664K, reserved 1048576K
Event: 117.286 GC heap after
Heap after GC invocations=5 (full 0):
 PSYoungGen      total 37888K, used 3961K [0x00000000d5f00000, 0x00000000d8f00000, 0x0000000100000000)
  eden space 32768K, 0% used [0x00000000d5f00000,0x00000000d5f00000,0x00000000d7f00000)
  from space 5120K, 77% used [0x00000000d7f80000,0x00000000d835e508,0x00000000d8480000)
  to   space 8192K, 0% used [0x00000000d8700000,0x00000000d8700000,0x00000000d8f00000)
 ParOldGen       total 87552K, used 3002K [0x0000000081c00000, 0x0000000087180000, 0x00000000d5f00000)
  object space 87552K, 3% used [0x0000000081c00000,0x0000000081eeeb40,0x0000000087180000)
 Metaspace       used 12893K, capacity 13160K, committed 13440K, reserved 1060864K
  class space    used 1493K, capacity 1579K, committed 1664K, reserved 1048576K
}

Deoptimization events (10 events):
Event: 123.966 Thread 0x0000000019a3a800 Uncommon trap: reason=unstable_if action=reinterpret pc=0x0000000002e40588 method=java.awt.Component.reshape(IIII)V @ 18
Event: 123.966 Thread 0x0000000019a3a800 Uncommon trap: reason=unstable_if action=reinterpret pc=0x0000000002e3cbf0 method=javax.swing.SwingUtilities.computeIntersection(IIIILjava/awt/Rectangle;)Ljava/awt/Rectangle; @ 34
Event: 186.539 Thread 0x0000000019a3a800 Uncommon trap: reason=bimorphic action=maybe_recompile pc=0x0000000002dca5e0 method=javax.swing.JComponent.getPreferredSize()Ljava/awt/Dimension; @ 26
Event: 186.539 Thread 0x0000000019a3a800 Uncommon trap: reason=bimorphic action=maybe_recompile pc=0x0000000002dca5e0 method=javax.swing.JComponent.getPreferredSize()Ljava/awt/Dimension; @ 26
Event: 186.539 Thread 0x0000000019beb800 Uncommon trap: reason=unstable_if action=reinterpret pc=0x0000000002e49244 method=java.security.AccessControlContext.optimize()Ljava/security/AccessControlContext; @ 220
Event: 186.540 Thread 0x0000000019a3a800 Uncommon trap: reason=unstable_if action=reinterpret pc=0x000000000297c798 method=java.util.concurrent.ConcurrentHashMap.get(Ljava/lang/Object;)Ljava/lang/Object; @ 138
Event: 239.993 Thread 0x0000000019a3a800 Uncommon trap: reason=bimorphic action=maybe_recompile pc=0x000000000299f4b8 method=com.sun.jna.NativeMappedConverter.toNative(Ljava/lang/Object;Lcom/sun/jna/ToNativeContext;)Ljava/lang/Object; @ 46
Event: 239.993 Thread 0x0000000019a3a800 Uncommon trap: reason=unstable_if action=reinterpret pc=0x000000000299f4c8 method=com.sun.jna.Function.convertArgument([Ljava/lang/Object;ILjava/lang/reflect/Method;Lcom/sun/jna/TypeMapper;Z)Ljava/lang/Object; @ 317
Event: 240.035 Thread 0x0000000019a3a800 Uncommon trap: reason=unstable_if action=reinterpret pc=0x0000000002a68084 method=java.util.concurrent.locks.ReentrantLock$Sync.nonfairTryAcquire(I)Z @ 34
Event: 240.035 Thread 0x0000000019a3a800 Uncommon trap: reason=unstable_if action=reinterpret pc=0x0000000002e3f514 method=java.util.concurrent.locks.ReentrantLock$Sync.tryRelease(I)Z @ 28

Internal exceptions (10 events):
Event: 0.583 Thread 0x0000000002772800 Exception <a 'java/lang/NoSuchFieldError': method resolution failed> (0x00000000d653a4d8) thrown at [C:\re\workspace\8-2-build-windows-amd64-cygwin\jdk8u101\7261\hotspot\src\share\vm\prims\methodHandles.cpp, line 1146]
Event: 0.585 Thread 0x0000000002772800 Exception <a 'java/lang/NoSuchFieldError': method resolution failed> (0x00000000d6547910) thrown at [C:\re\workspace\8-2-build-windows-amd64-cygwin\jdk8u101\7261\hotspot\src\share\vm\prims\methodHandles.cpp, line 1146]
Event: 0.645 Thread 0x0000000019a3a800 Exception <a 'java/io/FileNotFoundException'> (0x00000000d66e5138) thrown at [C:\re\workspace\8-2-build-windows-amd64-cygwin\jdk8u101\7261\hotspot\src\share\vm\prims\jni.cpp, line 709]
Event: 0.675 Thread 0x0000000019a3a800 Implicit null exception at 0x00000000029f9ad5 to 0x00000000029f9cb5
Event: 0.694 Thread 0x0000000019a3a800 Exception <a 'java/lang/UnsatisfiedLinkError': The specified module could not be found.
> (0x00000000d692e908) thrown at [C:\re\workspace\8-2-build-windows-amd64-cygwin\jdk8u101\7261\hotspot\src\share\vm\prims\jni.cpp, line 735]
Event: 0.695 Thread 0x0000000019a3a800 Exception <a 'java/lang/UnsatisfiedLinkError': The specified module could not be found.
> (0x00000000d692ec48) thrown at [C:\re\workspace\8-2-build-windows-amd64-cygwin\jdk8u101\7261\hotspot\src\share\vm\prims\jni.cpp, line 735]
Event: 0.697 Thread 0x0000000019a3a800 Exception <a 'java/lang/UnsatisfiedLinkError': The specified module could not be found.
> (0x00000000d692f010) thrown at [C:\re\workspace\8-2-build-windows-amd64-cygwin\jdk8u101\7261\hotspot\src\share\vm\prims\jni.cpp, line 735]
Event: 0.697 Thread 0x0000000019a3a800 Exception <a 'java/lang/UnsatisfiedLinkError'> (0x00000000d6933408) thrown at [C:\re\workspace\8-2-build-windows-amd64-cygwin\jdk8u101\7261\hotspot\src\share\vm\oops\instanceKlass.cpp, line 964]
Event: 157.228 Thread 0x0000000018f81000 Exception <a 'sun/net/ConnectionResetException': > (0x00000000d66dca20) thrown at [C:\re\workspace\8-2-build-windows-amd64-cygwin\jdk8u101\7261\hotspot\src\share\vm\prims\jni.cpp, line 735]
Event: 157.228 Thread 0x0000000018f81000 Exception <a 'sun/net/ConnectionResetException': > (0x00000000d66dcc50) thrown at [C:\re\workspace\8-2-build-windows-amd64-cygwin\jdk8u101\7261\hotspot\src\share\vm\prims\jni.cpp, line 735]

Events (10 events):
Event: 240.035 Thread 0x0000000019a3a800 DEOPT PACKING pc=0x0000000002a68084 sp=0x000000001af2d090
Event: 240.035 Thread 0x0000000019a3a800 DEOPT UNPACKING pc=0x00000000028b582a sp=0x000000001af2ceb0 mode 2
Event: 240.035 Thread 0x0000000019a3a800 Uncommon trap: trap_request=0xffffff65 fr.pc=0x0000000002e3f514
Event: 240.035 Thread 0x0000000019a3a800 DEOPT PACKING pc=0x0000000002e3f514 sp=0x000000001af2d090
Event: 240.035 Thread 0x0000000019a3a800 DEOPT UNPACKING pc=0x00000000028b582a sp=0x000000001af2cf70 mode 2
Event: 240.035 Thread 0x0000000019bec000 Thread added: 0x0000000019bec000
Event: 240.035 Thread 0x0000000019beb800 Thread exited: 0x0000000019beb800
Event: 240.035 Thread 0x0000000019beb800 Thread added: 0x0000000019beb800
Event: 240.036 Thread 0x0000000019bec000 Thread exited: 0x0000000019bec000
Event: 240.057 Thread 0x0000000019a33000 Thread exited: 0x0000000019a33000


Dynamic libraries:
0x00007ff6d4bd0000 - 0x00007ff6d4c07000 	C:\Program Files\Java\jdk1.8.0_101\bin\java.exe
0x00007ffbc3f20000 - 0x00007ffbc40fb000 	C:\WINDOWS\SYSTEM32\ntdll.dll
0x00007ffbc39b0000 - 0x00007ffbc3a5e000 	C:\WINDOWS\System32\KERNEL32.DLL
0x00007ffbc0b40000 - 0x00007ffbc0d89000 	C:\WINDOWS\System32\KERNELBASE.dll
0x00007ffbc1900000 - 0x00007ffbc19a1000 	C:\WINDOWS\System32\ADVAPI32.dll
0x00007ffbc1480000 - 0x00007ffbc151d000 	C:\WINDOWS\System32\msvcrt.dll
0x00007ffbc2e40000 - 0x00007ffbc2e99000 	C:\WINDOWS\System32\sechost.dll
0x00007ffbc3720000 - 0x00007ffbc3845000 	C:\WINDOWS\System32\RPCRT4.dll
0x00007ffbc1520000 - 0x00007ffbc166a000 	C:\WINDOWS\System32\USER32.dll
0x00007ffbc13c0000 - 0x00007ffbc13de000 	C:\WINDOWS\System32\win32u.dll
0x00007ffbc3210000 - 0x00007ffbc3237000 	C:\WINDOWS\System32\GDI32.dll
0x00007ffbc0d90000 - 0x00007ffbc0f18000 	C:\WINDOWS\System32\gdi32full.dll
0x00007ffbc13e0000 - 0x00007ffbc147a000 	C:\WINDOWS\System32\msvcp_win.dll
0x00007ffbc0f20000 - 0x00007ffbc1016000 	C:\WINDOWS\System32\ucrtbase.dll
0x00007ffbbce70000 - 0x00007ffbbd0d7000 	C:\WINDOWS\WinSxS\amd64_microsoft.windows.common-controls_6595b64144ccf1df_6.0.15063.483_none_26002d27e7c744a2\COMCTL32.dll
0x00007ffbc32b0000 - 0x00007ffbc35a9000 	C:\WINDOWS\System32\combase.dll
0x00007ffbc1350000 - 0x00007ffbc13ba000 	C:\WINDOWS\System32\bcryptPrimitives.dll
0x00007ffbc2e10000 - 0x00007ffbc2e3d000 	C:\WINDOWS\System32\IMM32.DLL
0x0000000077050000 - 0x0000000077122000 	C:\Program Files\Java\jdk1.8.0_101\jre\bin\msvcr100.dll
0x0000000073ab0000 - 0x000000007434a000 	C:\Program Files\Java\jdk1.8.0_101\jre\bin\server\jvm.dll
0x00007ffbc2df0000 - 0x00007ffbc2df8000 	C:\WINDOWS\System32\PSAPI.DLL
0x00007ffbb6f10000 - 0x00007ffbb6f19000 	C:\WINDOWS\SYSTEM32\WSOCK32.dll
0x00007ffbc3240000 - 0x00007ffbc32ac000 	C:\WINDOWS\System32\WS2_32.dll
0x00007ffbb80e0000 - 0x00007ffbb80ea000 	C:\WINDOWS\SYSTEM32\VERSION.dll
0x00007ffbb24a0000 - 0x00007ffbb24c3000 	C:\WINDOWS\SYSTEM32\WINMM.dll
0x00007ffbb2470000 - 0x00007ffbb249b000 	C:\WINDOWS\SYSTEM32\WINMMBASE.dll
0x00007ffbc1250000 - 0x00007ffbc1299000 	C:\WINDOWS\System32\cfgmgr32.dll
0x0000000077000000 - 0x000000007700f000 	C:\Program Files\Java\jdk1.8.0_101\jre\bin\verify.dll
0x0000000076b90000 - 0x0000000076bb9000 	C:\Program Files\Java\jdk1.8.0_101\jre\bin\java.dll
0x0000000076b70000 - 0x0000000076b86000 	C:\Program Files\Java\jdk1.8.0_101\jre\bin\zip.dll
0x00007ffbc19b0000 - 0x00007ffbc2de7000 	C:\WINDOWS\System32\SHELL32.dll
0x00007ffbc3160000 - 0x00007ffbc320a000 	C:\WINDOWS\System32\shcore.dll
0x00007ffbc0440000 - 0x00007ffbc0b32000 	C:\WINDOWS\System32\windows.storage.dll
0x00007ffbc18a0000 - 0x00007ffbc18f1000 	C:\WINDOWS\System32\shlwapi.dll
0x00007ffbc0400000 - 0x00007ffbc0411000 	C:\WINDOWS\System32\kernel.appcore.dll
0x00007ffbc03b0000 - 0x00007ffbc03fc000 	C:\WINDOWS\System32\powrprof.dll
0x00007ffbc0420000 - 0x00007ffbc0435000 	C:\WINDOWS\System32\profapi.dll
0x00007ffbbfde0000 - 0x00007ffbbfdf7000 	C:\WINDOWS\SYSTEM32\CRYPTSP.dll
0x00007ffbbf860000 - 0x00007ffbbf894000 	C:\WINDOWS\system32\rsaenh.dll
0x00007ffbc02d0000 - 0x00007ffbc02f5000 	C:\WINDOWS\SYSTEM32\bcrypt.dll
0x00007ffbc0260000 - 0x00007ffbc0289000 	C:\WINDOWS\SYSTEM32\USERENV.dll
0x00007ffbbfe00000 - 0x00007ffbbfe0b000 	C:\WINDOWS\SYSTEM32\CRYPTBASE.dll
0x0000000076b50000 - 0x0000000076b6a000 	C:\Program Files\Java\jdk1.8.0_101\jre\bin\net.dll
0x00007ffbbfc40000 - 0x00007ffbbfc9c000 	C:\WINDOWS\system32\mswsock.dll
0x00007ffbbf9e0000 - 0x00007ffbbfa17000 	C:\WINDOWS\SYSTEM32\IPHLPAPI.DLL
0x00007ffbc2e00000 - 0x00007ffbc2e08000 	C:\WINDOWS\System32\NSI.dll
0x00007ffbb61a0000 - 0x00007ffbb61b6000 	C:\WINDOWS\SYSTEM32\dhcpcsvc6.DLL
0x00007ffbb6120000 - 0x00007ffbb613a000 	C:\WINDOWS\SYSTEM32\dhcpcsvc.DLL
0x0000000076b30000 - 0x0000000076b41000 	C:\Program Files\Java\jdk1.8.0_101\jre\bin\nio.dll
0x00007ffbb0d10000 - 0x00007ffbb0d47000 	C:\Users\Akshay Solanki\AppData\Local\Temp\jna-Akshay Solanki\jna126715633616121814.dll
0x0000000075cd0000 - 0x0000000075e68000 	C:\Program Files\Java\jdk1.8.0_101\jre\bin\awt.dll
0x00007ffbc1670000 - 0x00007ffbc1730000 	C:\WINDOWS\System32\OLEAUT32.dll
0x00007ffbbe7e0000 - 0x00007ffbbe85e000 	C:\WINDOWS\SYSTEM32\apphelp.dll
0x00007ffbbecb0000 - 0x00007ffbbed45000 	C:\WINDOWS\system32\uxtheme.dll
0x00007ffbc1730000 - 0x00007ffbc1896000 	C:\WINDOWS\System32\MSCTF.dll
0x00007ffbbd3c0000 - 0x00007ffbbd3ea000 	C:\WINDOWS\system32\dwmapi.dll
0x00007ffbc3850000 - 0x00007ffbc3995000 	C:\WINDOWS\System32\ole32.dll
0x0000000075c70000 - 0x0000000075c9e000 	C:\Program Files\VideoLAN\VLC\libvlc.dll
0x0000000073800000 - 0x0000000073aad000 	C:\Program Files\VideoLAN\VLC\libvlccore.dll
0x0000000074c70000 - 0x0000000074d12000 	C:\Program Files\VideoLAN\VLC\plugins\access\libdshow_plugin.dll
0x0000000075c50000 - 0x0000000075c64000 	C:\Program Files\VideoLAN\VLC\plugins\audio_output\libdirectsound_plugin.dll
0x0000000075c30000 - 0x0000000075c43000 	C:\Program Files\VideoLAN\VLC\plugins\audio_output\libwaveout_plugin.dll
0x0000000075c10000 - 0x0000000075c2f000 	C:\Program Files\VideoLAN\VLC\plugins\video_output\libdirect3d_plugin.dll
0x0000000075bf0000 - 0x0000000075c0d000 	C:\Program Files\VideoLAN\VLC\plugins\video_output\libdirectdraw_plugin.dll
0x00007ffb8cd40000 - 0x00007ffb8cdcc000 	C:\WINDOWS\SYSTEM32\DSOUND.DLL
0x00007ffbc3040000 - 0x00007ffbc30de000 	C:\WINDOWS\System32\clbcatq.dll
0x00007ffbb5ab0000 - 0x00007ffbb5b17000 	C:\WINDOWS\System32\MMDevApi.dll
0x00007ffbbed50000 - 0x00007ffbbed78000 	C:\WINDOWS\System32\DEVOBJ.dll
0x00007ffbb58a0000 - 0x00007ffbb5a36000 	C:\WINDOWS\System32\PROPSYS.dll
0x0000000076ae0000 - 0x0000000076b27000 	C:\Program Files\Java\jdk1.8.0_101\jre\bin\fontmanager.dll
0x0000000076850000 - 0x0000000076892000 	C:\Program Files\Java\jdk1.8.0_101\jre\bin\t2k.dll
0x0000000076440000 - 0x0000000076447000 	C:\Program Files\Java\jdk1.8.0_101\jre\bin\jawt.dll
0x0000000074c50000 - 0x0000000074c66000 	C:\Program Files\VideoLAN\VLC\plugins\stream_out\libstream_out_duplicate_plugin.dll
0x0000000076430000 - 0x0000000076440000 	C:\Program Files\VideoLAN\VLC\plugins\stream_out\libstream_out_display_plugin.dll
0x0000000074b90000 - 0x0000000074c4c000 	C:\Program Files\VideoLAN\VLC\plugins\stream_out\libstream_out_rtp_plugin.dll
0x0000000074b60000 - 0x0000000074b88000 	C:\Program Files\VideoLAN\VLC\plugins\mux\libmux_ts_plugin.dll
0x00007ffbb6ef0000 - 0x00007ffbb6f06000 	C:\WINDOWS\system32\napinsp.dll
0x00007ffbb6f20000 - 0x00007ffbb6f3a000 	C:\WINDOWS\system32\pnrpnsp.dll
0x00007ffbb63e0000 - 0x00007ffbb63f8000 	C:\WINDOWS\system32\NLAapi.dll
0x00007ffbbfa20000 - 0x00007ffbbfac4000 	C:\WINDOWS\SYSTEM32\DNSAPI.dll
0x00007ffbb7560000 - 0x00007ffbb756e000 	C:\WINDOWS\System32\winrnr.dll
0x0000000077350000 - 0x0000000077376000 	C:\Program Files\Bonjour\mdnsNSP.dll
0x00007ffbb6450000 - 0x00007ffbb6465000 	C:\WINDOWS\System32\wshbth.dll
0x0000000073580000 - 0x00000000737fc000 	C:\Program Files\VideoLAN\VLC\plugins\access\liblibbluray_plugin.dll
0x0000000074b30000 - 0x0000000074b56000 	C:\Program Files\VideoLAN\VLC\plugins\access\libaccess_bd_plugin.dll
0x0000000074930000 - 0x000000007497b000 	C:\Program Files\VideoLAN\VLC\plugins\access\libdvdnav_plugin.dll
0x0000000074b10000 - 0x0000000074b2f000 	C:\Program Files\VideoLAN\VLC\plugins\access\libvdr_plugin.dll
0x0000000074910000 - 0x0000000074928000 	C:\Program Files\VideoLAN\VLC\plugins\access\libfilesystem_plugin.dll
0x00000000748f0000 - 0x000000007490b000 	C:\Program Files\VideoLAN\VLC\plugins\stream_filter\libsmooth_plugin.dll
0x0000000074840000 - 0x00000000748ef000 	C:\Program Files\VideoLAN\VLC\plugins\stream_filter\libhttplive_plugin.dll
0x00000000734a0000 - 0x0000000073574000 	C:\Program Files\VideoLAN\VLC\plugins\stream_filter\libdash_plugin.dll
0x0000000073470000 - 0x000000007349b000 	C:\Program Files\VideoLAN\VLC\plugins\access\libzip_plugin.dll
0x0000000073450000 - 0x0000000073466000 	C:\Program Files\VideoLAN\VLC\plugins\access\librar_plugin.dll
0x0000000074b00000 - 0x0000000074b0f000 	C:\Program Files\VideoLAN\VLC\plugins\stream_filter\librecord_plugin.dll
0x0000000073400000 - 0x0000000073442000 	C:\Program Files\VideoLAN\VLC\plugins\demux\libmp4_plugin.dll
0x00000000733a0000 - 0x00000000733fa000 	C:\Program Files\VideoLAN\VLC\plugins\codec\libtheora_plugin.dll
0x0000000074830000 - 0x0000000074840000 	C:\Program Files\VideoLAN\VLC\plugins\codec\librawvideo_plugin.dll
0x0000000073360000 - 0x0000000073399000 	C:\Program Files\VideoLAN\VLC\plugins\codec\libspeex_plugin.dll
0x0000000073280000 - 0x0000000073355000 	C:\Program Files\VideoLAN\VLC\plugins\codec\libvorbis_plugin.dll
0x0000000073270000 - 0x0000000073280000 	C:\Program Files\VideoLAN\VLC\plugins\codec\libaes3_plugin.dll
0x0000000073250000 - 0x0000000073261000 	C:\Program Files\VideoLAN\VLC\plugins\codec\liblpcm_plugin.dll
0x0000000073230000 - 0x0000000073250000 	C:\Program Files\VideoLAN\VLC\plugins\packetizer\libpacketizer_h264_plugin.dll
0x0000000073210000 - 0x0000000073221000 	C:\Program Files\VideoLAN\VLC\plugins\packetizer\libpacketizer_flac_plugin.dll
0x00000000731f0000 - 0x0000000073204000 	C:\Program Files\VideoLAN\VLC\plugins\packetizer\libpacketizer_dirac_plugin.dll
0x00000000731d0000 - 0x00000000731e1000 	C:\Program Files\VideoLAN\VLC\plugins\packetizer\libpacketizer_mlp_plugin.dll
0x00000000731b0000 - 0x00000000731ce000 	C:\Program Files\VideoLAN\VLC\plugins\packetizer\libpacketizer_mpeg4audio_plugin.dll
0x0000000073010000 - 0x00000000731a9000 	C:\Program Files\VideoLAN\VLC\plugins\meta_engine\libtaglib_plugin.dll
0x0000000072fb0000 - 0x000000007300c000 	C:\Program Files\VideoLAN\VLC\plugins\lua\liblua_plugin.dll
0x0000000072f50000 - 0x0000000072fa9000 	C:\Program Files\VideoLAN\VLC\plugins\codec\libjpeg_plugin.dll
0x0000000072f30000 - 0x0000000072f41000 	C:\Program Files\VideoLAN\VLC\plugins\codec\libcdg_plugin.dll
0x0000000072ed0000 - 0x0000000072f2c000 	C:\Program Files\VideoLAN\VLC\plugins\codec\libpng_plugin.dll
0x0000000072d50000 - 0x0000000072ecb000 	C:\Program Files\VideoLAN\VLC\plugins\codec\libschroedinger_plugin.dll
0x0000000072d30000 - 0x0000000072d41000 	C:\Program Files\VideoLAN\VLC\plugins\codec\libdts_plugin.dll
0x0000000072d10000 - 0x0000000072d25000 	C:\Program Files\VideoLAN\VLC\plugins\codec\libaraw_plugin.dll
0x0000000072cf0000 - 0x0000000072d07000 	C:\Program Files\VideoLAN\VLC\plugins\codec\libsubstx3g_plugin.dll
0x0000000072c70000 - 0x0000000072ce4000 	C:\Program Files\VideoLAN\VLC\plugins\codec\libflac_plugin.dll
0x0000000072c50000 - 0x0000000072c63000 	C:\Program Files\VideoLAN\VLC\plugins\codec\libg711_plugin.dll
0x0000000072960000 - 0x0000000072c49000 	C:\Program Files\VideoLAN\VLC\plugins\codec\liblibass_plugin.dll
0x00000000728f0000 - 0x000000007295f000 	C:\Program Files\VideoLAN\VLC\plugins\codec\libfaad_plugin.dll
0x00000000728d0000 - 0x00000000728e1000 	C:\Program Files\VideoLAN\VLC\plugins\codec\liba52_plugin.dll
0x00000000728c0000 - 0x00000000728d0000 	C:\Program Files\VideoLAN\VLC\plugins\codec\libmpeg_audio_plugin.dll
0x0000000072840000 - 0x00000000728b7000 	C:\Program Files\VideoLAN\VLC\plugins\codec\libopus_plugin.dll
0x0000000072810000 - 0x0000000072839000 	C:\Program Files\VideoLAN\VLC\plugins\codec\libdvbsub_plugin.dll
0x00000000727f0000 - 0x0000000072801000 	C:\Program Files\VideoLAN\VLC\plugins\codec\libspudec_plugin.dll
0x0000000071210000 - 0x00000000727e9000 	C:\Program Files\VideoLAN\VLC\plugins\codec\libavcodec_plugin.dll
0x0000000071120000 - 0x0000000071208000 	C:\Program Files\VideoLAN\VLC\plugins\text_renderer\libfreetype_plugin.dll
0x00007ffbb2ff0000 - 0x00007ffbb30f5000 	C:\WINDOWS\SYSTEM32\AUDIOSES.DLL
0x00007ffbbca30000 - 0x00007ffbbcb69000 	C:\WINDOWS\SYSTEM32\wintypes.dll

VM Arguments:
jvm_args: -Dfile.encoding=UTF-8 
java_command: rtspstreamserver.RtspStreamServer
java_class_path (initial): C:\Users\Akshay Solanki\Documents\NetBeansProjects\RtspStreamServer\jars\jna-3.5.2.jar;C:\Users\Akshay Solanki\Documents\NetBeansProjects\RtspStreamServer\jars\log4j-1.2.17.jar;C:\Users\Akshay Solanki\Documents\NetBeansProjects\RtspStreamServer\jars\logback.jar;C:\Users\Akshay Solanki\Documents\NetBeansProjects\RtspStreamServer\jars\platform-3.5.2.jar;C:\Users\Akshay Solanki\Documents\NetBeansProjects\RtspStreamServer\jars\slf4j-api-1.7.10.jar;C:\Users\Akshay Solanki\Documents\NetBeansProjects\RtspStreamServer\jars\slf4j-log4j12-1.7.25.jar;C:\Users\Akshay Solanki\Documents\NetBeansProjects\RtspStreamServer\jars\vlcj-3.8.0-javadoc.jar;C:\Users\Akshay Solanki\Documents\NetBeansProjects\RtspStreamServer\jars\vlcj-3.8.0-sources.jar;C:\Users\Akshay Solanki\Documents\NetBeansProjects\RtspStreamServer\jars\vlcj-3.8.0-test-sources.jar;C:\Users\Akshay Solanki\Documents\NetBeansProjects\RtspStreamServer\jars\vlcj-3.8.0-tests.jar;C:\Users\Akshay Solanki\Documents\NetBeansProjects\RtspStreamServer\jars\vlcj-3.8.0.jar;C:\Users\Akshay Solanki\Documents\NetBeansProjects\RtspStreamServer\build\classes
Launcher Type: SUN_STANDARD

Environment Variables:
JAVA_HOME=C:\Program Files\Java\jdk1.8.0_102
CLASSPATH=C:\Program Files\JMF-2.1.1e\lib\jmf.jar
PATH=C:\Program Files\nodejs;C:\Program Files (x86)\Kubernetes\Minikube;C:\Users\Akshay Solanki\Downloads\Programs;C:\Users\Akshay Solanki\Downloads\Compressed\ngrok-stable-windows-amd64_2;C:\Program Files (x86)\CMake 2.8\bin;C:\OpenCV2.2\bin;C:\opencv\sources\3rdparty\ffmpeg\;C:\Program Files\Git\cmd;C:\Android\sdk\tools;C:\Android\sdk\tools\bin;C:\Android\sdk\platform-tools;C:\Windows\System32;C:\Program Files (x86)\Microsoft SQL Server\100\Tools\Binn\;C:\Program Files\Microsoft SQL Server\100\Tools\Binn\;C:\Program Files\Microsoft SQL Server\100\DTS\Binn\;D:\gstreamer\1.0\x86_64\bin;C:\MinGW\bin;C:\Users\Akshay Solanki\Downloads\Compressed\apache-maven-3.5.0-bin\apache-maven-3.5.0\bin;C:\Program Files\MATLAB\R2010b\runtime\win64;C:\Program Files\MATLAB\R2010b\bin;C:\opencv\build\java;C:\Program Files (x86)\AMD APP SDK\3.0\bin\x86_64;C:\Program Files (x86)\AMD APP SDK\3.0\bin\x86;C:\opencv\build\java\x64;C:\Program Files\JMF-2.1.1e\lib;C:\WINDOWS\system32;C:\WINDOWS;C:\WINDOWS\System32\Wbem;C:\WINDOWS\System32\WindowsPowerShell\v1.0\;F:\downloads\Compressed\apache-maven-3.5.0-bin\apache-maven-3.5.0\bin;C:\Program Files\VideoLAN\VLC;C:\Program Files\Java\jdk1.8.0_102\bin;C:\Users\Akshay Solanki\AppData\Roaming\npm;C:\Users\Akshay Solanki\AppData\Local\atom\bin;C:\Program Files (x86)\Microsoft VS Code\bin;C:\Python27;%OPENCV_BUILD%\x86\vc10\bin;C:\Users\Akshay Solanki\Downloads\Compressed\curl-7.54.0-win64-mingw\curl-7.54.0-win64-mingw\bin;C:\OpenCV2.2\bin;C:\Users\Akshay Solanki\AppData\Local\Microsoft\WindowsApps;
USERNAME=Akshay Solanki
OS=Windows_NT
PROCESSOR_IDENTIFIER=Intel64 Family 6 Model 78 Stepping 3, GenuineIntel



---------------  S Y S T E M  ---------------

OS: Windows 10.0 , 64 bit Build 15063 (10.0.15063.296)

CPU:total 4 (2 cores per cpu, 2 threads per core) family 6 model 78 stepping 3, cmov, cx8, fxsr, mmx, sse, sse2, sse3, ssse3, sse4.1, sse4.2, popcnt, avx, avx2, aes, clmul, erms, 3dnowpref, lzcnt, ht, tsc, tscinvbit, bmi1, bmi2, adx

Memory: 4k page, physical 8268040k(1921568k free), swap 22757844k(3691924k free)

vm_info: Java HotSpot(TM) 64-Bit Server VM (25.101-b13) for windows-amd64 JRE (1.8.0_101-b13), built on Jun 22 2016 01:21:29 by "java_re" with MS VC++ 10.0 (VS2010)

time: Sun Jul 23 00:55:38 2017
elapsed time: 240 seconds (0d 0h 4m 0s)

