#
# A fatal error has been detected by the Java Runtime Environment:
#
#  EXCEPTION_ACCESS_VIOLATION (0xc0000005) at pc=0x00007ffbc3f5bbdf, pid=17328, tid=0x0000000000000f00
#
# JRE version: Java(TM) SE Runtime Environment (8.0_101-b13) (build 1.8.0_101-b13)
# Java VM: Java HotSpot(TM) 64-Bit Server VM (25.101-b13 mixed mode windows-amd64 compressed oops)
# Problematic frame:
# C  [ntdll.dll+0x3bbdf]
#
# Failed to write core dump. Minidumps are not enabled by default on client versions of Windows
#
# If you would like to submit a bug report, please visit:
#   http://bugreport.java.com/bugreport/crash.jsp
# The crash happened outside the Java Virtual Machine in native code.
# See problematic frame for where to report the bug.
#

---------------  T H R E A D  ---------------

Current thread (0x000000001a31f000):  JavaThread "pool-1-thread-1" [_thread_in_native, id=3840, stack(0x000000001be20000,0x000000001bf20000)]

siginfo: ExceptionCode=0xc0000005, writing address 0x0000000000000024

Registers:
RAX=0x0000000000000000, RBX=0x000000001c2c86c8, RCX=0x000000001c2c86c8, RDX=0xffffffffffffffff
RSP=0x000000001bf1e220, RBP=0x000000001bf1e290, RSI=0x0000000000000000, RDI=0x0000000000000000
R8 =0x0000000000000000, R9 =0x00007ffbb07905fa, R10=0x00000000000000ae, R11=0x000000001bf1e370
R12=0x0000000000000000, R13=0x000000001bf1eb38, R14=0x0000000000000001, R15=0x0000000000000000
RIP=0x00007ffbc3f5bbdf, EFLAGS=0x0000000000010213

Top of Stack: (sp=0x000000001bf1e220)
0x000000001bf1e220:   ffffffffffffffff 000000001c2c86c8
0x000000001bf1e230:   000000001a4758e0 0000000073bf8e79
0x000000001bf1e240:   000000001a4670b0 00000000740b4ab8
0x000000001bf1e250:   000000001a31f000 0000000000fab000
0x000000001bf1e260:   0000000017643300 000000001a31f000
0x000000001bf1e270:   000000001975e5c8 000000001bf1e428
0x000000001bf1e280:   00000000000003d8 000000001975e1f0
0x000000001bf1e290:   000000001a31f000 0000000000000001
0x000000001bf1e2a0:   000000001bf1eb38 0000000000000000
0x000000001bf1e2b0:   0000000000000000 000000001c2c8600
0x000000001bf1e2c0:   0000000000000001 00007ffbc3f34571
0x000000001bf1e2d0:   000000001a31f000 000000001c2c86c8
0x000000001bf1e2e0:   00000000fffffffa 00007ffbb078fc42
0x000000001bf1e2f0:   000000001bf1eaa8 00007ffbc3f34490
0x000000001bf1e300:   000000001c2c8690 000000001bf1e3a0
0x000000001bf1e310:   000000001c2c86c0 0000000000000000 

Instructions: (pc=0x00007ffbc3f5bbdf)
0x00007ffbc3f5bbbf:   0f 45 fe 48 39 73 18 0f 84 9e 01 00 00 48 83 3b
0x00007ffbc3f5bbcf:   ff 0f 84 a1 01 00 00 48 8b 03 48 83 f8 ff 74 03
0x00007ffbc3f5bbdf:   ff 40 24 48 8b 7b 18 44 8b ee 48 89 7d c0 e8 ee
0x00007ffbc3f5bbef:   57 ff ff 85 c0 0f 85 e2 fe 07 00 b9 82 03 fe 7f 


Register to memory mapping:

RAX=0x0000000000000000 is an unknown value
RBX=0x000000001c2c86c8 is an unknown value
RCX=0x000000001c2c86c8 is an unknown value
RDX=0xffffffffffffffff is an unknown value
RSP=0x000000001bf1e220 is pointing into the stack for thread: 0x000000001a31f000
RBP=0x000000001bf1e290 is pointing into the stack for thread: 0x000000001a31f000
RSI=0x0000000000000000 is an unknown value
RDI=0x0000000000000000 is an unknown value
R8 =0x0000000000000000 is an unknown value
R9 =0x00007ffbb07905fa is an unknown value
R10=0x00000000000000ae is an unknown value
R11=0x000000001bf1e370 is pointing into the stack for thread: 0x000000001a31f000
R12=0x0000000000000000 is an unknown value
R13=0x000000001bf1eb38 is pointing into the stack for thread: 0x000000001a31f000
R14=0x0000000000000001 is an unknown value
R15=0x0000000000000000 is an unknown value


Stack: [0x000000001be20000,0x000000001bf20000],  sp=0x000000001bf1e220,  free space=1016k
Native frames: (J=compiled Java code, j=interpreted, Vv=VM code, C=native code)
C  [ntdll.dll+0x3bbdf]
C  [ntdll.dll+0x14571]
C  [ntdll.dll+0x14490]
C  [libvlc.dll+0xde65]
C  [jna8649930185058187843.dll+0x176f3]
C  [jna8649930185058187843.dll+0xffe7]
C  [jna8649930185058187843.dll+0x3d1a]
C  [jna8649930185058187843.dll+0x4e37]
C  0x0000000003454de3

Java frames: (J=compiled Java code, j=interpreted, Vv=VM code)
J 1112  com.sun.jna.Native.invokeInt(JI[Ljava/lang/Object;)I (0 bytes) @ 0x0000000003454d5d [0x0000000003454d00+0x5d]
J 1794 C2 com.sun.jna.Function.invoke([Ljava/lang/Object;Ljava/lang/Class;Z)Ljava/lang/Object; (1149 bytes) @ 0x00000000033277c4 [0x0000000003327600+0x1c4]
j  com.sun.jna.Function.invoke(Ljava/lang/Class;[Ljava/lang/Object;Ljava/util/Map;)Ljava/lang/Object;+214
J 1793 C2 com.sun.jna.Library$Handler.invoke(Ljava/lang/Object;Ljava/lang/reflect/Method;[Ljava/lang/Object;)Ljava/lang/Object; (345 bytes) @ 0x000000000331fd94 [0x000000000331f920+0x474]
J 1173 C1 com.sun.proxy.$Proxy1.libvlc_media_player_is_playing(Luk/co/caprica/vlcj/binding/internal/libvlc_media_player_t;)I (39 bytes) @ 0x000000000348364c [0x0000000003483380+0x2cc]
J 1172 C1 uk.co.caprica.vlcj.player.DefaultMediaPlayer.isPlaying()Z (34 bytes) @ 0x0000000003482f2c [0x0000000003482da0+0x18c]
j  rtspstreamserver.RtspStreamServer$5.run()V+7
j  java.util.concurrent.Executors$RunnableAdapter.call()Ljava/lang/Object;+4
j  java.util.concurrent.FutureTask.run()V+42
j  java.util.concurrent.ThreadPoolExecutor.runWorker(Ljava/util/concurrent/ThreadPoolExecutor$Worker;)V+95
j  java.util.concurrent.ThreadPoolExecutor$Worker.run()V+5
j  java.lang.Thread.run()V+11
v  ~StubRoutines::call_stub

---------------  P R O C E S S  ---------------

Java Threads: ( => current thread )
=>0x000000001a31f000 JavaThread "pool-1-thread-1" [_thread_in_native, id=3840, stack(0x000000001be20000,0x000000001bf20000)]
  0x000000001a162000 JavaThread "Thread-1" [_thread_in_native, id=14792, stack(0x000000001b780000,0x000000001b880000)]
  0x0000000002f62800 JavaThread "DestroyJavaVM" [_thread_blocked, id=11912, stack(0x0000000002e60000,0x0000000002f60000)]
  0x000000001a0e1000 JavaThread "AWT-EventQueue-0" [_thread_blocked, id=8868, stack(0x000000001ab90000,0x000000001ac90000)]
  0x0000000019909800 JavaThread "AWT-Shutdown" [_thread_blocked, id=14500, stack(0x000000001a990000,0x000000001aa90000)]
  0x000000001989d800 JavaThread "Java2D Disposer" daemon [_thread_blocked, id=9364, stack(0x000000001a890000,0x000000001a990000)]
  0x0000000019610800 JavaThread "Service Thread" daemon [_thread_blocked, id=14936, stack(0x00000000199e0000,0x0000000019ae0000)]
  0x0000000017b97000 JavaThread "C1 CompilerThread2" daemon [_thread_blocked, id=15028, stack(0x00000000194e0000,0x00000000195e0000)]
  0x0000000017b94000 JavaThread "C2 CompilerThread1" daemon [_thread_blocked, id=380, stack(0x00000000193e0000,0x00000000194e0000)]
  0x0000000017b91800 JavaThread "C2 CompilerThread0" daemon [_thread_blocked, id=9980, stack(0x00000000192e0000,0x00000000193e0000)]
  0x0000000017b90000 JavaThread "Attach Listener" daemon [_thread_blocked, id=10024, stack(0x00000000191e0000,0x00000000192e0000)]
  0x0000000017b8c800 JavaThread "Signal Dispatcher" daemon [_thread_blocked, id=18440, stack(0x00000000190e0000,0x00000000191e0000)]
  0x0000000017b7a800 JavaThread "Finalizer" daemon [_thread_blocked, id=1744, stack(0x0000000018df0000,0x0000000018ef0000)]
  0x0000000003050000 JavaThread "Reference Handler" daemon [_thread_blocked, id=8788, stack(0x0000000018cf0000,0x0000000018df0000)]

Other Threads:
  0x0000000017b57800 VMThread [stack: 0x0000000018bf0000,0x0000000018cf0000] [id=7352]
  0x0000000019637800 WatcherThread [stack: 0x0000000019ae0000,0x0000000019be0000] [id=12196]

VM state:not at safepoint (normal execution)

VM Mutex/Monitor currently owned by a thread: None

Heap:
 PSYoungGen      total 36864K, used 35213K [0x00000000d5f00000, 0x00000000d8880000, 0x0000000100000000)
  eden space 32256K, 95% used [0x00000000d5f00000,0x00000000d7d1d040,0x00000000d7e80000)
  from space 4608K, 94% used [0x00000000d8400000,0x00000000d8846528,0x00000000d8880000)
  to   space 5120K, 0% used [0x00000000d7e80000,0x00000000d7e80000,0x00000000d8380000)
 ParOldGen       total 87552K, used 56K [0x0000000081c00000, 0x0000000087180000, 0x00000000d5f00000)
  object space 87552K, 0% used [0x0000000081c00000,0x0000000081c0e000,0x0000000087180000)
 Metaspace       used 12928K, capacity 13224K, committed 13440K, reserved 1060864K
  class space    used 1488K, capacity 1579K, committed 1664K, reserved 1048576K

Card table byte_map: [0x0000000012420000,0x0000000012820000] byte_map_base: 0x0000000012012000

Marking Bits: (ParMarkBitMap*) 0x00000000742ca6d0
 Begin Bits: [0x0000000012ed0000, 0x0000000014e60000)
 End Bits:   [0x0000000014e60000, 0x0000000016df0000)

Polling page: 0x0000000002d50000

CodeCache: size=245760Kb used=6063Kb max_used=6113Kb free=239696Kb
 bounds [0x0000000003060000, 0x0000000003670000, 0x0000000012060000]
 total_blobs=2197 nmethods=1698 adapters=411
 compilation: enabled

Compilation events (10 events):
Event: 185.897 Thread 0x0000000017b97000 1799  s    3       java.awt.KeyboardFocusManager::getCurrentKeyboardFocusManager (32 bytes)
Event: 185.897 Thread 0x0000000017b97000 nmethod 1799 0x0000000003254110 code [0x00000000032542a0, 0x0000000003254888]
Event: 186.207 Thread 0x0000000017b97000 1800       3       java.awt.KeyboardFocusManager::getCurrentKeyboardFocusManager (7 bytes)
Event: 186.207 Thread 0x0000000017b97000 nmethod 1800 0x00000000032b5c10 code [0x00000000032b5dc0, 0x00000000032b6478]
Event: 193.780 Thread 0x0000000017b97000 1801       3       com.sun.jna.Function::invoke (526 bytes)
Event: 193.783 Thread 0x0000000017b97000 nmethod 1801 0x0000000003668390 code [0x0000000003668900, 0x000000000366c678]
Event: 193.783 Thread 0x0000000017b97000 1802       1       org.slf4j.helpers.FormattingTuple::getMessage (5 bytes)
Event: 193.784 Thread 0x0000000017b97000 nmethod 1802 0x000000000319ab90 code [0x000000000319ace0, 0x000000000319adf0]
Event: 193.784 Thread 0x0000000017b97000 1803       1       org.slf4j.helpers.FormattingTuple::getThrowable (5 bytes)
Event: 193.784 Thread 0x0000000017b97000 nmethod 1803 0x00000000031d71d0 code [0x00000000031d7320, 0x00000000031d7430]

GC Heap History (10 events):
Event: 22.120 GC heap before
{Heap before GC invocations=2 (full 0):
 PSYoungGen      total 38400K, used 38013K [0x00000000d5f00000, 0x00000000d8980000, 0x0000000100000000)
  eden space 33280K, 100% used [0x00000000d5f00000,0x00000000d7f80000,0x00000000d7f80000)
  from space 5120K, 92% used [0x00000000d7f80000,0x00000000d841f780,0x00000000d8480000)
  to   space 5120K, 0% used [0x00000000d8480000,0x00000000d8480000,0x00000000d8980000)
 ParOldGen       total 87552K, used 16K [0x0000000081c00000, 0x0000000087180000, 0x00000000d5f00000)
  object space 87552K, 0% used [0x0000000081c00000,0x0000000081c04000,0x0000000087180000)
 Metaspace       used 12551K, capacity 12840K, committed 12928K, reserved 1060864K
  class space    used 1483K, capacity 1579K, committed 1664K, reserved 1048576K
Event: 22.126 GC heap after
Heap after GC invocations=2 (full 0):
 PSYoungGen      total 38400K, used 4169K [0x00000000d5f00000, 0x00000000d8980000, 0x0000000100000000)
  eden space 33280K, 0% used [0x00000000d5f00000,0x00000000d5f00000,0x00000000d7f80000)
  from space 5120K, 81% used [0x00000000d8480000,0x00000000d8892518,0x00000000d8980000)
  to   space 5120K, 0% used [0x00000000d7f80000,0x00000000d7f80000,0x00000000d8480000)
 ParOldGen       total 87552K, used 24K [0x0000000081c00000, 0x0000000087180000, 0x00000000d5f00000)
  object space 87552K, 0% used [0x0000000081c00000,0x0000000081c06000,0x0000000087180000)
 Metaspace       used 12551K, capacity 12840K, committed 12928K, reserved 1060864K
  class space    used 1483K, capacity 1579K, committed 1664K, reserved 1048576K
}
Event: 52.099 GC heap before
{Heap before GC invocations=3 (full 0):
 PSYoungGen      total 38400K, used 37449K [0x00000000d5f00000, 0x00000000d8980000, 0x0000000100000000)
  eden space 33280K, 100% used [0x00000000d5f00000,0x00000000d7f80000,0x00000000d7f80000)
  from space 5120K, 81% used [0x00000000d8480000,0x00000000d8892518,0x00000000d8980000)
  to   space 5120K, 0% used [0x00000000d7f80000,0x00000000d7f80000,0x00000000d8480000)
 ParOldGen       total 87552K, used 24K [0x0000000081c00000, 0x0000000087180000, 0x00000000d5f00000)
  object space 87552K, 0% used [0x0000000081c00000,0x0000000081c06000,0x0000000087180000)
 Metaspace       used 12726K, capacity 13032K, committed 13184K, reserved 1060864K
  class space    used 1486K, capacity 1579K, committed 1664K, reserved 1048576K
Event: 52.105 GC heap after
Heap after GC invocations=3 (full 0):
 PSYoungGen      total 38400K, used 4281K [0x00000000d5f00000, 0x00000000d8980000, 0x0000000100000000)
  eden space 33280K, 0% used [0x00000000d5f00000,0x00000000d5f00000,0x00000000d7f80000)
  from space 5120K, 83% used [0x00000000d7f80000,0x00000000d83ae528,0x00000000d8480000)
  to   space 5120K, 0% used [0x00000000d8480000,0x00000000d8480000,0x00000000d8980000)
 ParOldGen       total 87552K, used 32K [0x0000000081c00000, 0x0000000087180000, 0x00000000d5f00000)
  object space 87552K, 0% used [0x0000000081c00000,0x0000000081c08000,0x0000000087180000)
 Metaspace       used 12726K, capacity 13032K, committed 13184K, reserved 1060864K
  class space    used 1486K, capacity 1579K, committed 1664K, reserved 1048576K
}
Event: 79.792 GC heap before
{Heap before GC invocations=4 (full 0):
 PSYoungGen      total 38400K, used 37561K [0x00000000d5f00000, 0x00000000d8980000, 0x0000000100000000)
  eden space 33280K, 100% used [0x00000000d5f00000,0x00000000d7f80000,0x00000000d7f80000)
  from space 5120K, 83% used [0x00000000d7f80000,0x00000000d83ae528,0x00000000d8480000)
  to   space 5120K, 0% used [0x00000000d8480000,0x00000000d8480000,0x00000000d8980000)
 ParOldGen       total 87552K, used 32K [0x0000000081c00000, 0x0000000087180000, 0x00000000d5f00000)
  object space 87552K, 0% used [0x0000000081c00000,0x0000000081c08000,0x0000000087180000)
 Metaspace       used 12811K, capacity 13096K, committed 13184K, reserved 1060864K
  class space    used 1487K, capacity 1579K, committed 1664K, reserved 1048576K
Event: 79.801 GC heap after
Heap after GC invocations=4 (full 0):
 PSYoungGen      total 38400K, used 4329K [0x00000000d5f00000, 0x00000000d8980000, 0x0000000100000000)
  eden space 33280K, 0% used [0x00000000d5f00000,0x00000000d5f00000,0x00000000d7f80000)
  from space 5120K, 84% used [0x00000000d8480000,0x00000000d88ba518,0x00000000d8980000)
  to   space 5120K, 0% used [0x00000000d7f80000,0x00000000d7f80000,0x00000000d8480000)
 ParOldGen       total 87552K, used 40K [0x0000000081c00000, 0x0000000087180000, 0x00000000d5f00000)
  object space 87552K, 0% used [0x0000000081c00000,0x0000000081c0a000,0x0000000087180000)
 Metaspace       used 12811K, capacity 13096K, committed 13184K, reserved 1060864K
  class space    used 1487K, capacity 1579K, committed 1664K, reserved 1048576K
}
Event: 115.855 GC heap before
{Heap before GC invocations=5 (full 0):
 PSYoungGen      total 38400K, used 37609K [0x00000000d5f00000, 0x00000000d8980000, 0x0000000100000000)
  eden space 33280K, 100% used [0x00000000d5f00000,0x00000000d7f80000,0x00000000d7f80000)
  from space 5120K, 84% used [0x00000000d8480000,0x00000000d88ba518,0x00000000d8980000)
  to   space 5120K, 0% used [0x00000000d7f80000,0x00000000d7f80000,0x00000000d8480000)
 ParOldGen       total 87552K, used 40K [0x0000000081c00000, 0x0000000087180000, 0x00000000d5f00000)
  object space 87552K, 0% used [0x0000000081c00000,0x0000000081c0a000,0x0000000087180000)
 Metaspace       used 12884K, capacity 13160K, committed 13440K, reserved 1060864K
  class space    used 1487K, capacity 1579K, committed 1664K, reserved 1048576K
Event: 115.862 GC heap after
Heap after GC invocations=5 (full 0):
 PSYoungGen      total 37376K, used 4393K [0x00000000d5f00000, 0x00000000d8900000, 0x0000000100000000)
  eden space 32768K, 0% used [0x00000000d5f00000,0x00000000d5f00000,0x00000000d7f00000)
  from space 4608K, 95% used [0x00000000d7f80000,0x00000000d83ca518,0x00000000d8400000)
  to   space 5120K, 0% used [0x00000000d8400000,0x00000000d8400000,0x00000000d8900000)
 ParOldGen       total 87552K, used 48K [0x0000000081c00000, 0x0000000087180000, 0x00000000d5f00000)
  object space 87552K, 0% used [0x0000000081c00000,0x0000000081c0c000,0x0000000087180000)
 Metaspace       used 12884K, capacity 13160K, committed 13440K, reserved 1060864K
  class space    used 1487K, capacity 1579K, committed 1664K, reserved 1048576K
}
Event: 151.871 GC heap before
{Heap before GC invocations=6 (full 0):
 PSYoungGen      total 37376K, used 37161K [0x00000000d5f00000, 0x00000000d8900000, 0x0000000100000000)
  eden space 32768K, 100% used [0x00000000d5f00000,0x00000000d7f00000,0x00000000d7f00000)
  from space 4608K, 95% used [0x00000000d7f80000,0x00000000d83ca518,0x00000000d8400000)
  to   space 5120K, 0% used [0x00000000d8400000,0x00000000d8400000,0x00000000d8900000)
 ParOldGen       total 87552K, used 48K [0x0000000081c00000, 0x0000000087180000, 0x00000000d5f00000)
  object space 87552K, 0% used [0x0000000081c00000,0x0000000081c0c000,0x0000000087180000)
 Metaspace       used 12919K, capacity 13160K, committed 13440K, reserved 1060864K
  class space    used 1488K, capacity 1579K, committed 1664K, reserved 1048576K
Event: 151.878 GC heap after
Heap after GC invocations=6 (full 0):
 PSYoungGen      total 36864K, used 4377K [0x00000000d5f00000, 0x00000000d8880000, 0x0000000100000000)
  eden space 32256K, 0% used [0x00000000d5f00000,0x00000000d5f00000,0x00000000d7e80000)
  from space 4608K, 94% used [0x00000000d8400000,0x00000000d8846528,0x00000000d8880000)
  to   space 5120K, 0% used [0x00000000d7e80000,0x00000000d7e80000,0x00000000d8380000)
 ParOldGen       total 87552K, used 56K [0x0000000081c00000, 0x0000000087180000, 0x00000000d5f00000)
  object space 87552K, 0% used [0x0000000081c00000,0x0000000081c0e000,0x0000000087180000)
 Metaspace       used 12919K, capacity 13160K, committed 13440K, reserved 1060864K
  class space    used 1488K, capacity 1579K, committed 1664K, reserved 1048576K
}

Deoptimization events (10 events):
Event: 87.472 Thread 0x000000001a0e1000 Uncommon trap: reason=unstable_if action=reinterpret pc=0x00000000035f65b8 method=sun.swing.SwingUtilities2.getLeftSideBearing(Ljavax/swing/JComponent;Ljava/awt/FontMetrics;C)I @ 5
Event: 143.281 Thread 0x000000001a0e1000 Uncommon trap: reason=unstable_if action=reinterpret pc=0x00000000035c5404 method=sun.swing.SwingUtilities2.getLeftSideBearing(Ljavax/swing/JComponent;Ljava/awt/FontMetrics;C)I @ 5
Event: 144.581 Thread 0x000000001a31f000 Uncommon trap: reason=null_check action=make_not_entrant pc=0x00000000036584d8 method=com.sun.jna.Function.invoke(Ljava/lang/Class;[Ljava/lang/Object;Ljava/util/Map;)Ljava/lang/Object; @ 152
Event: 186.199 Thread 0x000000001a1b3800 Uncommon trap: reason=unstable_if action=reinterpret pc=0x0000000003163c0c method=java.lang.ThreadLocal$ThreadLocalMap.nextIndex(II)I @ 4
Event: 186.212 Thread 0x000000001a1b3800 Uncommon trap: reason=unstable_if action=reinterpret pc=0x00000000031f931c method=java.lang.ThreadLocal$ThreadLocalMap.cleanSomeSlots(II)Z @ 28
Event: 193.780 Thread 0x000000001a0e1000 Uncommon trap: reason=unstable_if action=reinterpret pc=0x00000000031ebc18 method=com.sun.jna.Function.invoke(Ljava/lang/Class;[Ljava/lang/Object;Ljava/util/Map;)Ljava/lang/Object; @ 155
Event: 193.780 Thread 0x000000001a0e1000 Uncommon trap: reason=bimorphic action=maybe_recompile pc=0x000000000365b068 method=com.sun.jna.NativeMappedConverter.toNative(Ljava/lang/Object;Lcom/sun/jna/ToNativeContext;)Ljava/lang/Object; @ 46
Event: 193.780 Thread 0x000000001a0e1000 Uncommon trap: reason=unstable_if action=reinterpret pc=0x000000000365b090 method=com.sun.jna.Function.convertArgument([Ljava/lang/Object;ILjava/lang/reflect/Method;Lcom/sun/jna/TypeMapper;Z)Ljava/lang/Object; @ 317
Event: 193.781 Thread 0x000000001a0e1000 Uncommon trap: reason=unstable_if action=reinterpret pc=0x0000000003638a54 method=java.util.concurrent.locks.ReentrantLock$Sync.nonfairTryAcquire(I)Z @ 34
Event: 193.781 Thread 0x000000001a0e1000 Uncommon trap: reason=unstable_if action=reinterpret pc=0x00000000036219d4 method=java.util.concurrent.locks.ReentrantLock$Sync.tryRelease(I)Z @ 28

Internal exceptions (10 events):
Event: 0.595 Thread 0x0000000002f62800 Exception <a 'java/lang/NoSuchFieldError': method resolution failed> (0x00000000d653aef0) thrown at [C:\re\workspace\8-2-build-windows-amd64-cygwin\jdk8u101\7261\hotspot\src\share\vm\prims\methodHandles.cpp, line 1146]
Event: 0.597 Thread 0x0000000002f62800 Exception <a 'java/lang/NoSuchFieldError': method resolution failed> (0x00000000d6548328) thrown at [C:\re\workspace\8-2-build-windows-amd64-cygwin\jdk8u101\7261\hotspot\src\share\vm\prims\methodHandles.cpp, line 1146]
Event: 0.659 Thread 0x000000001a0e1000 Exception <a 'java/io/FileNotFoundException'> (0x00000000d66e1460) thrown at [C:\re\workspace\8-2-build-windows-amd64-cygwin\jdk8u101\7261\hotspot\src\share\vm\prims\jni.cpp, line 709]
Event: 0.695 Thread 0x000000001a0e1000 Implicit null exception at 0x00000000031e9215 to 0x00000000031e93f5
Event: 0.718 Thread 0x000000001a0e1000 Exception <a 'java/lang/UnsatisfiedLinkError': The specified module could not be found.
> (0x00000000d692abf8) thrown at [C:\re\workspace\8-2-build-windows-amd64-cygwin\jdk8u101\7261\hotspot\src\share\vm\prims\jni.cpp, line 735]
Event: 0.720 Thread 0x000000001a0e1000 Exception <a 'java/lang/UnsatisfiedLinkError': The specified module could not be found.
> (0x00000000d692af38) thrown at [C:\re\workspace\8-2-build-windows-amd64-cygwin\jdk8u101\7261\hotspot\src\share\vm\prims\jni.cpp, line 735]
Event: 0.722 Thread 0x000000001a0e1000 Exception <a 'java/lang/UnsatisfiedLinkError': The specified module could not be found.
> (0x00000000d692b300) thrown at [C:\re\workspace\8-2-build-windows-amd64-cygwin\jdk8u101\7261\hotspot\src\share\vm\prims\jni.cpp, line 735]
Event: 0.722 Thread 0x000000001a0e1000 Exception <a 'java/lang/UnsatisfiedLinkError'> (0x00000000d692f6f8) thrown at [C:\re\workspace\8-2-build-windows-amd64-cygwin\jdk8u101\7261\hotspot\src\share\vm\oops\instanceKlass.cpp, line 964]
Event: 50.124 Thread 0x000000001a27b800 Exception <a 'sun/net/ConnectionResetException': > (0x00000000d75d3fc0) thrown at [C:\re\workspace\8-2-build-windows-amd64-cygwin\jdk8u101\7261\hotspot\src\share\vm\prims\jni.cpp, line 735]
Event: 50.124 Thread 0x000000001a27b800 Exception <a 'sun/net/ConnectionResetException': > (0x00000000d75d41f0) thrown at [C:\re\workspace\8-2-build-windows-amd64-cygwin\jdk8u101\7261\hotspot\src\share\vm\prims\jni.cpp, line 735]

Events (10 events):
Event: 193.781 Thread 0x000000001a0e1000 DEOPT PACKING pc=0x0000000003638a54 sp=0x000000001ac8cf90
Event: 193.781 Thread 0x000000001a0e1000 DEOPT UNPACKING pc=0x00000000030a582a sp=0x000000001ac8cdb0 mode 2
Event: 193.781 Thread 0x000000001a0e1000 Uncommon trap: trap_request=0xffffff65 fr.pc=0x00000000036219d4
Event: 193.781 Thread 0x000000001a0e1000 DEOPT PACKING pc=0x00000000036219d4 sp=0x000000001ac8cf90
Event: 193.781 Thread 0x000000001a0e1000 DEOPT UNPACKING pc=0x00000000030a582a sp=0x000000001ac8ce70 mode 2
Event: 193.781 Thread 0x000000001a1b3800 Thread added: 0x000000001a1b3800
Event: 193.781 Thread 0x000000001a31d000 Thread exited: 0x000000001a31d000
Event: 193.781 Thread 0x000000001a1ae800 Thread added: 0x000000001a1ae800
Event: 193.782 Thread 0x000000001a1ae800 Thread exited: 0x000000001a1ae800
Event: 193.799 Thread 0x000000001a0e0800 Thread exited: 0x000000001a0e0800


Dynamic libraries:
0x00007ff759740000 - 0x00007ff759777000 	C:\Program Files\Java\jdk1.8.0_101\bin\java.exe
0x00007ffbc3f20000 - 0x00007ffbc40fb000 	C:\WINDOWS\SYSTEM32\ntdll.dll
0x00007ffbc39b0000 - 0x00007ffbc3a5e000 	C:\WINDOWS\System32\KERNEL32.DLL
0x00007ffbc0b40000 - 0x00007ffbc0d89000 	C:\WINDOWS\System32\KERNELBASE.dll
0x00007ffbc1900000 - 0x00007ffbc19a1000 	C:\WINDOWS\System32\ADVAPI32.dll
0x00007ffbc1480000 - 0x00007ffbc151d000 	C:\WINDOWS\System32\msvcrt.dll
0x00007ffbc2e40000 - 0x00007ffbc2e99000 	C:\WINDOWS\System32\sechost.dll
0x00007ffbc3720000 - 0x00007ffbc3845000 	C:\WINDOWS\System32\RPCRT4.dll
0x00007ffbc1520000 - 0x00007ffbc166a000 	C:\WINDOWS\System32\USER32.dll
0x00007ffbc13c0000 - 0x00007ffbc13de000 	C:\WINDOWS\System32\win32u.dll
0x00007ffbc3210000 - 0x00007ffbc3237000 	C:\WINDOWS\System32\GDI32.dll
0x00007ffbc0d90000 - 0x00007ffbc0f18000 	C:\WINDOWS\System32\gdi32full.dll
0x00007ffbc13e0000 - 0x00007ffbc147a000 	C:\WINDOWS\System32\msvcp_win.dll
0x00007ffbc0f20000 - 0x00007ffbc1016000 	C:\WINDOWS\System32\ucrtbase.dll
0x00007ffbbce70000 - 0x00007ffbbd0d7000 	C:\WINDOWS\WinSxS\amd64_microsoft.windows.common-controls_6595b64144ccf1df_6.0.15063.483_none_26002d27e7c744a2\COMCTL32.dll
0x00007ffbc32b0000 - 0x00007ffbc35a9000 	C:\WINDOWS\System32\combase.dll
0x00007ffbc1350000 - 0x00007ffbc13ba000 	C:\WINDOWS\System32\bcryptPrimitives.dll
0x00007ffbc2e10000 - 0x00007ffbc2e3d000 	C:\WINDOWS\System32\IMM32.DLL
0x0000000077050000 - 0x0000000077122000 	C:\Program Files\Java\jdk1.8.0_101\jre\bin\msvcr100.dll
0x0000000073ab0000 - 0x000000007434a000 	C:\Program Files\Java\jdk1.8.0_101\jre\bin\server\jvm.dll
0x00007ffbc2df0000 - 0x00007ffbc2df8000 	C:\WINDOWS\System32\PSAPI.DLL
0x00007ffbb6f10000 - 0x00007ffbb6f19000 	C:\WINDOWS\SYSTEM32\WSOCK32.dll
0x00007ffbb24a0000 - 0x00007ffbb24c3000 	C:\WINDOWS\SYSTEM32\WINMM.dll
0x00007ffbb80e0000 - 0x00007ffbb80ea000 	C:\WINDOWS\SYSTEM32\VERSION.dll
0x00007ffbc3240000 - 0x00007ffbc32ac000 	C:\WINDOWS\System32\WS2_32.dll
0x00007ffbb2470000 - 0x00007ffbb249b000 	C:\WINDOWS\SYSTEM32\WINMMBASE.dll
0x00007ffbc1250000 - 0x00007ffbc1299000 	C:\WINDOWS\System32\cfgmgr32.dll
0x0000000077000000 - 0x000000007700f000 	C:\Program Files\Java\jdk1.8.0_101\jre\bin\verify.dll
0x0000000076b90000 - 0x0000000076bb9000 	C:\Program Files\Java\jdk1.8.0_101\jre\bin\java.dll
0x0000000076b70000 - 0x0000000076b86000 	C:\Program Files\Java\jdk1.8.0_101\jre\bin\zip.dll
0x00007ffbc19b0000 - 0x00007ffbc2de7000 	C:\WINDOWS\System32\SHELL32.dll
0x00007ffbc3160000 - 0x00007ffbc320a000 	C:\WINDOWS\System32\shcore.dll
0x00007ffbc0440000 - 0x00007ffbc0b32000 	C:\WINDOWS\System32\windows.storage.dll
0x00007ffbc18a0000 - 0x00007ffbc18f1000 	C:\WINDOWS\System32\shlwapi.dll
0x00007ffbc0400000 - 0x00007ffbc0411000 	C:\WINDOWS\System32\kernel.appcore.dll
0x00007ffbc03b0000 - 0x00007ffbc03fc000 	C:\WINDOWS\System32\powrprof.dll
0x00007ffbc0420000 - 0x00007ffbc0435000 	C:\WINDOWS\System32\profapi.dll
0x00007ffbbfde0000 - 0x00007ffbbfdf7000 	C:\WINDOWS\SYSTEM32\CRYPTSP.dll
0x00007ffbbf860000 - 0x00007ffbbf894000 	C:\WINDOWS\system32\rsaenh.dll
0x00007ffbc02d0000 - 0x00007ffbc02f5000 	C:\WINDOWS\SYSTEM32\bcrypt.dll
0x00007ffbc0260000 - 0x00007ffbc0289000 	C:\WINDOWS\SYSTEM32\USERENV.dll
0x00007ffbbfe00000 - 0x00007ffbbfe0b000 	C:\WINDOWS\SYSTEM32\CRYPTBASE.dll
0x0000000076b50000 - 0x0000000076b6a000 	C:\Program Files\Java\jdk1.8.0_101\jre\bin\net.dll
0x00007ffbbfc40000 - 0x00007ffbbfc9c000 	C:\WINDOWS\system32\mswsock.dll
0x00007ffbbf9e0000 - 0x00007ffbbfa17000 	C:\WINDOWS\SYSTEM32\IPHLPAPI.DLL
0x00007ffbc2e00000 - 0x00007ffbc2e08000 	C:\WINDOWS\System32\NSI.dll
0x00007ffbb61a0000 - 0x00007ffbb61b6000 	C:\WINDOWS\SYSTEM32\dhcpcsvc6.DLL
0x00007ffbb6120000 - 0x00007ffbb613a000 	C:\WINDOWS\SYSTEM32\dhcpcsvc.DLL
0x0000000076b30000 - 0x0000000076b41000 	C:\Program Files\Java\jdk1.8.0_101\jre\bin\nio.dll
0x00007ffbb0780000 - 0x00007ffbb07b7000 	C:\Users\Akshay Solanki\AppData\Local\Temp\jna-Akshay Solanki\jna8649930185058187843.dll
0x0000000075cd0000 - 0x0000000075e68000 	C:\Program Files\Java\jdk1.8.0_101\jre\bin\awt.dll
0x00007ffbc1670000 - 0x00007ffbc1730000 	C:\WINDOWS\System32\OLEAUT32.dll
0x00007ffbbe7e0000 - 0x00007ffbbe85e000 	C:\WINDOWS\SYSTEM32\apphelp.dll
0x00007ffbbecb0000 - 0x00007ffbbed45000 	C:\WINDOWS\system32\uxtheme.dll
0x00007ffbc1730000 - 0x00007ffbc1896000 	C:\WINDOWS\System32\MSCTF.dll
0x00007ffbbd3c0000 - 0x00007ffbbd3ea000 	C:\WINDOWS\system32\dwmapi.dll
0x00007ffbc3850000 - 0x00007ffbc3995000 	C:\WINDOWS\System32\ole32.dll
0x0000000074920000 - 0x000000007494e000 	C:\Program Files\VideoLAN\VLC\libvlc.dll
0x00000000733a0000 - 0x000000007364d000 	C:\Program Files\VideoLAN\VLC\libvlccore.dll
0x0000000074870000 - 0x0000000074912000 	C:\Program Files\VideoLAN\VLC\plugins\access\libdshow_plugin.dll
0x0000000074850000 - 0x0000000074864000 	C:\Program Files\VideoLAN\VLC\plugins\audio_output\libdirectsound_plugin.dll
0x0000000074830000 - 0x0000000074843000 	C:\Program Files\VideoLAN\VLC\plugins\audio_output\libwaveout_plugin.dll
0x0000000073380000 - 0x000000007339f000 	C:\Program Files\VideoLAN\VLC\plugins\video_output\libdirect3d_plugin.dll
0x0000000073360000 - 0x000000007337d000 	C:\Program Files\VideoLAN\VLC\plugins\video_output\libdirectdraw_plugin.dll
0x00007ffb8cd40000 - 0x00007ffb8cdcc000 	C:\WINDOWS\SYSTEM32\DSOUND.DLL
0x00007ffbc3040000 - 0x00007ffbc30de000 	C:\WINDOWS\System32\clbcatq.dll
0x00007ffbb5ab0000 - 0x00007ffbb5b17000 	C:\WINDOWS\System32\MMDevApi.dll
0x00007ffbb58a0000 - 0x00007ffbb5a36000 	C:\WINDOWS\System32\PROPSYS.dll
0x00007ffbbed50000 - 0x00007ffbbed78000 	C:\WINDOWS\System32\DEVOBJ.dll
0x0000000076ae0000 - 0x0000000076b27000 	C:\Program Files\Java\jdk1.8.0_101\jre\bin\fontmanager.dll
0x0000000076850000 - 0x0000000076892000 	C:\Program Files\Java\jdk1.8.0_101\jre\bin\t2k.dll
0x0000000076430000 - 0x0000000076437000 	C:\Program Files\Java\jdk1.8.0_101\jre\bin\jawt.dll
0x0000000073340000 - 0x0000000073356000 	C:\Program Files\VideoLAN\VLC\plugins\stream_out\libstream_out_duplicate_plugin.dll
0x0000000075bf0000 - 0x0000000075c00000 	C:\Program Files\VideoLAN\VLC\plugins\stream_out\libstream_out_display_plugin.dll
0x0000000073280000 - 0x000000007333c000 	C:\Program Files\VideoLAN\VLC\plugins\stream_out\libstream_out_rtp_plugin.dll
0x0000000073250000 - 0x0000000073278000 	C:\Program Files\VideoLAN\VLC\plugins\mux\libmux_ts_plugin.dll
0x00007ffbb6ef0000 - 0x00007ffbb6f06000 	C:\WINDOWS\system32\napinsp.dll
0x00007ffbb6f20000 - 0x00007ffbb6f3a000 	C:\WINDOWS\system32\pnrpnsp.dll
0x00007ffbb63e0000 - 0x00007ffbb63f8000 	C:\WINDOWS\system32\NLAapi.dll
0x00007ffbbfa20000 - 0x00007ffbbfac4000 	C:\WINDOWS\SYSTEM32\DNSAPI.dll
0x00007ffbb7560000 - 0x00007ffbb756e000 	C:\WINDOWS\System32\winrnr.dll
0x0000000077350000 - 0x0000000077376000 	C:\Program Files\Bonjour\mdnsNSP.dll
0x00007ffbb6450000 - 0x00007ffbb6465000 	C:\WINDOWS\System32\wshbth.dll
0x0000000072fd0000 - 0x000000007324c000 	C:\Program Files\VideoLAN\VLC\plugins\access\liblibbluray_plugin.dll
0x0000000072fa0000 - 0x0000000072fc6000 	C:\Program Files\VideoLAN\VLC\plugins\access\libaccess_bd_plugin.dll
0x0000000072f50000 - 0x0000000072f9b000 	C:\Program Files\VideoLAN\VLC\plugins\access\libdvdnav_plugin.dll
0x0000000072f30000 - 0x0000000072f4f000 	C:\Program Files\VideoLAN\VLC\plugins\access\libvdr_plugin.dll
0x0000000072f10000 - 0x0000000072f28000 	C:\Program Files\VideoLAN\VLC\plugins\access\libfilesystem_plugin.dll
0x0000000072ef0000 - 0x0000000072f0b000 	C:\Program Files\VideoLAN\VLC\plugins\stream_filter\libsmooth_plugin.dll
0x0000000072e40000 - 0x0000000072eef000 	C:\Program Files\VideoLAN\VLC\plugins\stream_filter\libhttplive_plugin.dll
0x0000000072d60000 - 0x0000000072e34000 	C:\Program Files\VideoLAN\VLC\plugins\stream_filter\libdash_plugin.dll
0x0000000072d30000 - 0x0000000072d5b000 	C:\Program Files\VideoLAN\VLC\plugins\access\libzip_plugin.dll
0x0000000072d10000 - 0x0000000072d26000 	C:\Program Files\VideoLAN\VLC\plugins\access\librar_plugin.dll
0x0000000072d00000 - 0x0000000072d0f000 	C:\Program Files\VideoLAN\VLC\plugins\stream_filter\librecord_plugin.dll
0x0000000072cb0000 - 0x0000000072cf2000 	C:\Program Files\VideoLAN\VLC\plugins\demux\libmp4_plugin.dll
0x0000000072c50000 - 0x0000000072caa000 	C:\Program Files\VideoLAN\VLC\plugins\codec\libtheora_plugin.dll
0x0000000072c40000 - 0x0000000072c50000 	C:\Program Files\VideoLAN\VLC\plugins\codec\librawvideo_plugin.dll
0x0000000072c00000 - 0x0000000072c39000 	C:\Program Files\VideoLAN\VLC\plugins\codec\libspeex_plugin.dll
0x0000000072b20000 - 0x0000000072bf5000 	C:\Program Files\VideoLAN\VLC\plugins\codec\libvorbis_plugin.dll
0x0000000072b10000 - 0x0000000072b20000 	C:\Program Files\VideoLAN\VLC\plugins\codec\libaes3_plugin.dll
0x0000000072af0000 - 0x0000000072b01000 	C:\Program Files\VideoLAN\VLC\plugins\codec\liblpcm_plugin.dll
0x0000000072ad0000 - 0x0000000072af0000 	C:\Program Files\VideoLAN\VLC\plugins\packetizer\libpacketizer_h264_plugin.dll
0x0000000072ab0000 - 0x0000000072ac1000 	C:\Program Files\VideoLAN\VLC\plugins\packetizer\libpacketizer_flac_plugin.dll
0x0000000072a90000 - 0x0000000072aa4000 	C:\Program Files\VideoLAN\VLC\plugins\packetizer\libpacketizer_dirac_plugin.dll
0x0000000072a70000 - 0x0000000072a81000 	C:\Program Files\VideoLAN\VLC\plugins\packetizer\libpacketizer_mlp_plugin.dll
0x0000000072a50000 - 0x0000000072a6e000 	C:\Program Files\VideoLAN\VLC\plugins\packetizer\libpacketizer_mpeg4audio_plugin.dll
0x00000000728b0000 - 0x0000000072a49000 	C:\Program Files\VideoLAN\VLC\plugins\meta_engine\libtaglib_plugin.dll
0x0000000072850000 - 0x00000000728ac000 	C:\Program Files\VideoLAN\VLC\plugins\lua\liblua_plugin.dll
0x00000000727f0000 - 0x0000000072849000 	C:\Program Files\VideoLAN\VLC\plugins\codec\libjpeg_plugin.dll
0x00000000727d0000 - 0x00000000727e1000 	C:\Program Files\VideoLAN\VLC\plugins\codec\libcdg_plugin.dll
0x0000000072770000 - 0x00000000727cc000 	C:\Program Files\VideoLAN\VLC\plugins\codec\libpng_plugin.dll
0x00000000725f0000 - 0x000000007276b000 	C:\Program Files\VideoLAN\VLC\plugins\codec\libschroedinger_plugin.dll
0x00000000725d0000 - 0x00000000725e1000 	C:\Program Files\VideoLAN\VLC\plugins\codec\libdts_plugin.dll
0x00000000725b0000 - 0x00000000725c5000 	C:\Program Files\VideoLAN\VLC\plugins\codec\libaraw_plugin.dll
0x0000000072590000 - 0x00000000725a7000 	C:\Program Files\VideoLAN\VLC\plugins\codec\libsubstx3g_plugin.dll
0x0000000072510000 - 0x0000000072584000 	C:\Program Files\VideoLAN\VLC\plugins\codec\libflac_plugin.dll
0x00000000724f0000 - 0x0000000072503000 	C:\Program Files\VideoLAN\VLC\plugins\codec\libg711_plugin.dll
0x0000000072200000 - 0x00000000724e9000 	C:\Program Files\VideoLAN\VLC\plugins\codec\liblibass_plugin.dll
0x0000000072190000 - 0x00000000721ff000 	C:\Program Files\VideoLAN\VLC\plugins\codec\libfaad_plugin.dll
0x0000000072170000 - 0x0000000072181000 	C:\Program Files\VideoLAN\VLC\plugins\codec\liba52_plugin.dll
0x0000000072160000 - 0x0000000072170000 	C:\Program Files\VideoLAN\VLC\plugins\codec\libmpeg_audio_plugin.dll
0x00000000720e0000 - 0x0000000072157000 	C:\Program Files\VideoLAN\VLC\plugins\codec\libopus_plugin.dll
0x00000000720b0000 - 0x00000000720d9000 	C:\Program Files\VideoLAN\VLC\plugins\codec\libdvbsub_plugin.dll
0x0000000072090000 - 0x00000000720a1000 	C:\Program Files\VideoLAN\VLC\plugins\codec\libspudec_plugin.dll
0x0000000070ab0000 - 0x0000000072089000 	C:\Program Files\VideoLAN\VLC\plugins\codec\libavcodec_plugin.dll
0x00000000709c0000 - 0x0000000070aa8000 	C:\Program Files\VideoLAN\VLC\plugins\text_renderer\libfreetype_plugin.dll
0x00007ffbb2ff0000 - 0x00007ffbb30f5000 	C:\WINDOWS\SYSTEM32\AUDIOSES.DLL
0x00007ffbbca30000 - 0x00007ffbbcb69000 	C:\WINDOWS\SYSTEM32\wintypes.dll

VM Arguments:
jvm_args: -Dfile.encoding=UTF-8 
java_command: rtspstreamserver.RtspStreamServer
java_class_path (initial): C:\Users\Akshay Solanki\Documents\NetBeansProjects\RtspStreamServer\jars\jna-3.5.2.jar;C:\Users\Akshay Solanki\Documents\NetBeansProjects\RtspStreamServer\jars\log4j-1.2.17.jar;C:\Users\Akshay Solanki\Documents\NetBeansProjects\RtspStreamServer\jars\logback.jar;C:\Users\Akshay Solanki\Documents\NetBeansProjects\RtspStreamServer\jars\platform-3.5.2.jar;C:\Users\Akshay Solanki\Documents\NetBeansProjects\RtspStreamServer\jars\slf4j-api-1.7.10.jar;C:\Users\Akshay Solanki\Documents\NetBeansProjects\RtspStreamServer\jars\slf4j-log4j12-1.7.25.jar;C:\Users\Akshay Solanki\Documents\NetBeansProjects\RtspStreamServer\jars\vlcj-3.8.0-javadoc.jar;C:\Users\Akshay Solanki\Documents\NetBeansProjects\RtspStreamServer\jars\vlcj-3.8.0-sources.jar;C:\Users\Akshay Solanki\Documents\NetBeansProjects\RtspStreamServer\jars\vlcj-3.8.0-test-sources.jar;C:\Users\Akshay Solanki\Documents\NetBeansProjects\RtspStreamServer\jars\vlcj-3.8.0-tests.jar;C:\Users\Akshay Solanki\Documents\NetBeansProjects\RtspStreamServer\jars\vlcj-3.8.0.jar;C:\Users\Akshay Solanki\Documents\NetBeansProjects\RtspStreamServer\build\classes
Launcher Type: SUN_STANDARD

Environment Variables:
JAVA_HOME=C:\Program Files\Java\jdk1.8.0_102
CLASSPATH=C:\Program Files\JMF-2.1.1e\lib\jmf.jar
PATH=C:\Program Files\nodejs;C:\Program Files (x86)\Kubernetes\Minikube;C:\Users\Akshay Solanki\Downloads\Programs;C:\Users\Akshay Solanki\Downloads\Compressed\ngrok-stable-windows-amd64_2;C:\Program Files (x86)\CMake 2.8\bin;C:\OpenCV2.2\bin;C:\opencv\sources\3rdparty\ffmpeg\;C:\Program Files\Git\cmd;C:\Android\sdk\tools;C:\Android\sdk\tools\bin;C:\Android\sdk\platform-tools;C:\Windows\System32;C:\Program Files (x86)\Microsoft SQL Server\100\Tools\Binn\;C:\Program Files\Microsoft SQL Server\100\Tools\Binn\;C:\Program Files\Microsoft SQL Server\100\DTS\Binn\;D:\gstreamer\1.0\x86_64\bin;C:\MinGW\bin;C:\Users\Akshay Solanki\Downloads\Compressed\apache-maven-3.5.0-bin\apache-maven-3.5.0\bin;C:\Program Files\MATLAB\R2010b\runtime\win64;C:\Program Files\MATLAB\R2010b\bin;C:\opencv\build\java;C:\Program Files (x86)\AMD APP SDK\3.0\bin\x86_64;C:\Program Files (x86)\AMD APP SDK\3.0\bin\x86;C:\opencv\build\java\x64;C:\Program Files\JMF-2.1.1e\lib;C:\WINDOWS\system32;C:\WINDOWS;C:\WINDOWS\System32\Wbem;C:\WINDOWS\System32\WindowsPowerShell\v1.0\;F:\downloads\Compressed\apache-maven-3.5.0-bin\apache-maven-3.5.0\bin;C:\Program Files\VideoLAN\VLC;C:\Program Files\Java\jdk1.8.0_102\bin;C:\Users\Akshay Solanki\AppData\Roaming\npm;C:\Users\Akshay Solanki\AppData\Local\atom\bin;C:\Program Files (x86)\Microsoft VS Code\bin;C:\Python27;%OPENCV_BUILD%\x86\vc10\bin;C:\Users\Akshay Solanki\Downloads\Compressed\curl-7.54.0-win64-mingw\curl-7.54.0-win64-mingw\bin;C:\OpenCV2.2\bin;C:\Users\Akshay Solanki\AppData\Local\Microsoft\WindowsApps;
USERNAME=Akshay Solanki
OS=Windows_NT
PROCESSOR_IDENTIFIER=Intel64 Family 6 Model 78 Stepping 3, GenuineIntel



---------------  S Y S T E M  ---------------

OS: Windows 10.0 , 64 bit Build 15063 (10.0.15063.296)

CPU:total 4 (2 cores per cpu, 2 threads per core) family 6 model 78 stepping 3, cmov, cx8, fxsr, mmx, sse, sse2, sse3, ssse3, sse4.1, sse4.2, popcnt, avx, avx2, aes, clmul, erms, 3dnowpref, lzcnt, ht, tsc, tscinvbit, bmi1, bmi2, adx

Memory: 4k page, physical 8268040k(1324744k free), swap 23221772k(4144464k free)

vm_info: Java HotSpot(TM) 64-Bit Server VM (25.101-b13) for windows-amd64 JRE (1.8.0_101-b13), built on Jun 22 2016 01:21:29 by "java_re" with MS VC++ 10.0 (VS2010)

time: Sun Jul 23 10:48:50 2017
elapsed time: 193 seconds (0d 0h 3m 13s)

