#
# A fatal error has been detected by the Java Runtime Environment:
#
#  EXCEPTION_ACCESS_VIOLATION (0xc0000005) at pc=0x00007ffbc3f5bbdf, pid=16924, tid=0x0000000000004130
#
# JRE version: Java(TM) SE Runtime Environment (8.0_101-b13) (build 1.8.0_101-b13)
# Java VM: Java HotSpot(TM) 64-Bit Server VM (25.101-b13 mixed mode windows-amd64 compressed oops)
# Problematic frame:
# C  [ntdll.dll+0x3bbdf]
#
# Failed to write core dump. Minidumps are not enabled by default on client versions of Windows
#
# If you would like to submit a bug report, please visit:
#   http://bugreport.java.com/bugreport/crash.jsp
# The crash happened outside the Java Virtual Machine in native code.
# See problematic frame for where to report the bug.
#

---------------  T H R E A D  ---------------

Current thread (0x0000000019920000):  JavaThread "pool-1-thread-1" [_thread_in_native, id=16688, stack(0x000000001bf60000,0x000000001c060000)]

siginfo: ExceptionCode=0xc0000005, writing address 0x0000000000000024

Registers:
RAX=0x0000000000000000, RBX=0x000000001b8e86c8, RCX=0x000000001b8e86c8, RDX=0xffffffffffffffff
RSP=0x000000001c05e5c0, RBP=0x000000001c05e630, RSI=0x0000000000000000, RDI=0x0000000000000000
R8 =0x0000000000000000, R9 =0x00007ffbb07905fa, R10=0x0000000000000022, R11=0x000000001c05e710
R12=0x0000000000000000, R13=0x00000000d7fcb0e8, R14=0x0000000000000001, R15=0x0000000000000000
RIP=0x00007ffbc3f5bbdf, EFLAGS=0x0000000000010213

Top of Stack: (sp=0x000000001c05e5c0)
0x000000001c05e5c0:   ffffffffffffffff 000000001b8e86c8
0x000000001c05e5d0:   0000000019920000 000000001c05e588
0x000000001c05e5e0:   000000001c05e5c9 0000000800000001
0x000000001c05e5f0:   0000000000000000 00000000005d8000
0x000000001c05e600:   0000034a8aaa6c51 00007ffbb078fc42
0x000000001c05e610:   000000001c05e790 0000000019920000
0x000000001c05e620:   000000001c05edd8 0000000002a37e84
0x000000001c05e630:   0000000019920000 0000000000000001
0x000000001c05e640:   00000000d7fcb0e8 0000000000000000
0x000000001c05e650:   0000000000000000 000000001b8e8600
0x000000001c05e660:   0000000000000001 00007ffbc3f34571
0x000000001c05e670:   000000001c05e600 000000001b8e86c8
0x000000001c05e680:   00000000fffffffa 00007ffbb078fc42
0x000000001c05e690:   000000001c05ee48 00007ffbc3f34490
0x000000001c05e6a0:   000000001b8e8690 000000001c05e740
0x000000001c05e6b0:   000000001b8e86c0 00000000d645ac88 

Instructions: (pc=0x00007ffbc3f5bbdf)
0x00007ffbc3f5bbbf:   0f 45 fe 48 39 73 18 0f 84 9e 01 00 00 48 83 3b
0x00007ffbc3f5bbcf:   ff 0f 84 a1 01 00 00 48 8b 03 48 83 f8 ff 74 03
0x00007ffbc3f5bbdf:   ff 40 24 48 8b 7b 18 44 8b ee 48 89 7d c0 e8 ee
0x00007ffbc3f5bbef:   57 ff ff 85 c0 0f 85 e2 fe 07 00 b9 82 03 fe 7f 


Register to memory mapping:

RAX=0x0000000000000000 is an unknown value
RBX=0x000000001b8e86c8 is an unknown value
RCX=0x000000001b8e86c8 is an unknown value
RDX=0xffffffffffffffff is an unknown value
RSP=0x000000001c05e5c0 is pointing into the stack for thread: 0x0000000019920000
RBP=0x000000001c05e630 is pointing into the stack for thread: 0x0000000019920000
RSI=0x0000000000000000 is an unknown value
RDI=0x0000000000000000 is an unknown value
R8 =0x0000000000000000 is an unknown value
R9 =0x00007ffbb07905fa is an unknown value
R10=0x0000000000000022 is an unknown value
R11=0x000000001c05e710 is pointing into the stack for thread: 0x0000000019920000
R12=0x0000000000000000 is an unknown value
R13=0x00000000d7fcb0e8 is an oop
java.lang.reflect.Method 
 - klass: 'java/lang/reflect/Method'
R14=0x0000000000000001 is an unknown value
R15=0x0000000000000000 is an unknown value


Stack: [0x000000001bf60000,0x000000001c060000],  sp=0x000000001c05e5c0,  free space=1017k
Native frames: (J=compiled Java code, j=interpreted, Vv=VM code, C=native code)
C  [ntdll.dll+0x3bbdf]
C  [ntdll.dll+0x14571]
C  [ntdll.dll+0x14490]
C  [libvlc.dll+0xde65]
C  [jna3871759436252444213.dll+0x176f3]
C  [jna3871759436252444213.dll+0xffe7]
C  [jna3871759436252444213.dll+0x3d1a]
C  [jna3871759436252444213.dll+0x4e37]
C  0x0000000002a9a2e3

Java frames: (J=compiled Java code, j=interpreted, Vv=VM code)
J 1114  com.sun.jna.Native.invokeInt(JI[Ljava/lang/Object;)I (0 bytes) @ 0x0000000002a9a25d [0x0000000002a9a200+0x5d]
J 1093 C1 com.sun.jna.Function.invoke([Ljava/lang/Object;Ljava/lang/Class;Z)Ljava/lang/Object; (1149 bytes) @ 0x0000000002a85fec [0x0000000002a7eec0+0x712c]
J 1138 C1 com.sun.jna.Function.invoke(Ljava/lang/Class;[Ljava/lang/Object;Ljava/util/Map;)Ljava/lang/Object; (526 bytes) @ 0x0000000002ab2bb4 [0x0000000002ab1740+0x1474]
J 1092 C1 com.sun.jna.Library$Handler.invoke(Ljava/lang/Object;Ljava/lang/reflect/Method;[Ljava/lang/Object;)Ljava/lang/Object; (345 bytes) @ 0x0000000002a7bd44 [0x0000000002a79dc0+0x1f84]
J 1168 C1 com.sun.proxy.$Proxy1.libvlc_media_player_is_playing(Luk/co/caprica/vlcj/binding/internal/libvlc_media_player_t;)I (39 bytes) @ 0x0000000002ac43cc [0x0000000002ac4100+0x2cc]
J 1167 C1 uk.co.caprica.vlcj.player.DefaultMediaPlayer.isPlaying()Z (34 bytes) @ 0x0000000002ac4dac [0x0000000002ac4c20+0x18c]
j  rtspstreamserver.RtspStreamServer$5.run()V+7
j  java.util.concurrent.Executors$RunnableAdapter.call()Ljava/lang/Object;+4
j  java.util.concurrent.FutureTask.run()V+42
j  java.util.concurrent.ThreadPoolExecutor.runWorker(Ljava/util/concurrent/ThreadPoolExecutor$Worker;)V+95
j  java.util.concurrent.ThreadPoolExecutor$Worker.run()V+5
j  java.lang.Thread.run()V+11
v  ~StubRoutines::call_stub

---------------  P R O C E S S  ---------------

Java Threads: ( => current thread )
  0x0000000019aea800 JavaThread "Thread-0" daemon [_thread_in_native, id=19592, stack(0x00000000280c0000,0x00000000281c0000)]
  0x0000000019cd2800 JavaThread "Thread-58" [_thread_in_native, id=20240, stack(0x00000000266f0000,0x00000000267f0000)]
=>0x0000000019920000 JavaThread "pool-1-thread-1" [_thread_in_native, id=16688, stack(0x000000001bf60000,0x000000001c060000)]
  0x0000000018e6f800 JavaThread "Thread-1" [_thread_in_native, id=9328, stack(0x000000001ada0000,0x000000001aea0000)]
  0x00000000025b2800 JavaThread "DestroyJavaVM" [_thread_blocked, id=13736, stack(0x00000000024b0000,0x00000000025b0000)]
  0x0000000019870000 JavaThread "AWT-EventQueue-0" [_thread_blocked, id=18484, stack(0x000000001a260000,0x000000001a360000)]
  0x0000000019896800 JavaThread "AWT-Shutdown" [_thread_blocked, id=4880, stack(0x000000001a060000,0x000000001a160000)]
  0x0000000019896000 JavaThread "Java2D Disposer" daemon [_thread_blocked, id=20612, stack(0x0000000019f60000,0x000000001a060000)]
  0x0000000018c60000 JavaThread "Service Thread" daemon [_thread_blocked, id=12984, stack(0x0000000019020000,0x0000000019120000)]
  0x00000000171e7800 JavaThread "C1 CompilerThread2" daemon [_thread_blocked, id=3680, stack(0x0000000018b20000,0x0000000018c20000)]
  0x00000000171e4800 JavaThread "C2 CompilerThread1" daemon [_thread_blocked, id=13960, stack(0x0000000018a20000,0x0000000018b20000)]
  0x00000000171e2000 JavaThread "C2 CompilerThread0" daemon [_thread_in_native, id=15836, stack(0x0000000018920000,0x0000000018a20000)]
  0x00000000171e0000 JavaThread "Attach Listener" daemon [_thread_blocked, id=4160, stack(0x0000000018820000,0x0000000018920000)]
  0x00000000171dd000 JavaThread "Signal Dispatcher" daemon [_thread_blocked, id=11612, stack(0x0000000018720000,0x0000000018820000)]
  0x00000000026ab000 JavaThread "Finalizer" daemon [_thread_blocked, id=20996, stack(0x0000000018430000,0x0000000018530000)]
  0x00000000026a0000 JavaThread "Reference Handler" daemon [_thread_blocked, id=17984, stack(0x0000000018330000,0x0000000018430000)]

Other Threads:
  0x00000000171a7800 VMThread [stack: 0x0000000018230000,0x0000000018330000] [id=3532]
  0x0000000018c7b800 WatcherThread [stack: 0x0000000019120000,0x0000000019220000] [id=20348]

VM state:not at safepoint (normal execution)

VM Mutex/Monitor currently owned by a thread: None

Heap:
 PSYoungGen      total 38400K, used 28407K [0x00000000d5f00000, 0x00000000d8980000, 0x0000000100000000)
  eden space 33280K, 71% used [0x00000000d5f00000,0x00000000d761e6a0,0x00000000d7f80000)
  from space 5120K, 92% used [0x00000000d7f80000,0x00000000d841f7a0,0x00000000d8480000)
  to   space 5120K, 0% used [0x00000000d8480000,0x00000000d8480000,0x00000000d8980000)
 ParOldGen       total 87552K, used 16K [0x0000000081c00000, 0x0000000087180000, 0x00000000d5f00000)
  object space 87552K, 0% used [0x0000000081c00000,0x0000000081c04000,0x0000000087180000)
 Metaspace       used 12510K, capacity 12768K, committed 12928K, reserved 1060864K
  class space    used 1485K, capacity 1579K, committed 1664K, reserved 1048576K

Card table byte_map: [0x0000000011a70000,0x0000000011e70000] byte_map_base: 0x0000000011662000

Marking Bits: (ParMarkBitMap*) 0x00000000742ca6d0
 Begin Bits: [0x0000000012520000, 0x00000000144b0000)
 End Bits:   [0x00000000144b0000, 0x0000000016440000)

Polling page: 0x00000000003f0000

CodeCache: size=245760Kb used=4249Kb max_used=4260Kb free=241510Kb
 bounds [0x00000000026b0000, 0x0000000002ae0000, 0x00000000116b0000]
 total_blobs=1689 nmethods=1190 adapters=411
 compilation: enabled

Compilation events (10 events):
Event: 20.046 Thread 0x00000000171e7800 1187       3       org.slf4j.impl.Log4jLoggerAdapter::trace (48 bytes)
Event: 20.048 Thread 0x00000000171e7800 nmethod 1187 0x0000000002ad4e50 code [0x0000000002ad5080, 0x0000000002ad5f98]
Event: 20.139 Thread 0x00000000171e4800 1188       4       com.sun.jna.Native::getNativeSize (551 bytes)
Event: 20.150 Thread 0x00000000171e4800 nmethod 1188 0x0000000002ad9f50 code [0x0000000002ada160, 0x0000000002adad88]
Event: 20.202 Thread 0x00000000171e7800 1189       3       java.awt.EventQueue::eventToCacheIndex (80 bytes)
Event: 20.202 Thread 0x00000000171e7800 nmethod 1189 0x0000000002ad9850 code [0x0000000002ad99c0, 0x0000000002ad9e90]
Event: 20.203 Thread 0x00000000171e7800 1190       1       org.slf4j.helpers.FormattingTuple::getMessage (5 bytes)
Event: 20.203 Thread 0x00000000171e7800 nmethod 1190 0x0000000002ad9590 code [0x0000000002ad96e0, 0x0000000002ad97f0]
Event: 20.203 Thread 0x00000000171e7800 1191       1       org.slf4j.helpers.FormattingTuple::getThrowable (5 bytes)
Event: 20.203 Thread 0x00000000171e7800 nmethod 1191 0x0000000002ad92d0 code [0x0000000002ad9420, 0x0000000002ad9530]

GC Heap History (2 events):
Event: 1.154 GC heap before
{Heap before GC invocations=1 (full 0):
 PSYoungGen      total 38400K, used 33280K [0x00000000d5f00000, 0x00000000d8980000, 0x0000000100000000)
  eden space 33280K, 100% used [0x00000000d5f00000,0x00000000d7f80000,0x00000000d7f80000)
  from space 5120K, 0% used [0x00000000d8480000,0x00000000d8480000,0x00000000d8980000)
  to   space 5120K, 0% used [0x00000000d7f80000,0x00000000d7f80000,0x00000000d8480000)
 ParOldGen       total 87552K, used 0K [0x0000000081c00000, 0x0000000087180000, 0x00000000d5f00000)
  object space 87552K, 0% used [0x0000000081c00000,0x0000000081c00000,0x0000000087180000)
 Metaspace       used 12060K, capacity 12342K, committed 12672K, reserved 1060864K
  class space    used 1458K, capacity 1546K, committed 1664K, reserved 1048576K
Event: 1.163 GC heap after
Heap after GC invocations=1 (full 0):
 PSYoungGen      total 38400K, used 4733K [0x00000000d5f00000, 0x00000000d8980000, 0x0000000100000000)
  eden space 33280K, 0% used [0x00000000d5f00000,0x00000000d5f00000,0x00000000d7f80000)
  from space 5120K, 92% used [0x00000000d7f80000,0x00000000d841f7a0,0x00000000d8480000)
  to   space 5120K, 0% used [0x00000000d8480000,0x00000000d8480000,0x00000000d8980000)
 ParOldGen       total 87552K, used 16K [0x0000000081c00000, 0x0000000087180000, 0x00000000d5f00000)
  object space 87552K, 0% used [0x0000000081c00000,0x0000000081c04000,0x0000000087180000)
 Metaspace       used 12060K, capacity 12342K, committed 12672K, reserved 1060864K
  class space    used 1458K, capacity 1546K, committed 1664K, reserved 1048576K
}

Deoptimization events (3 events):
Event: 0.387 Thread 0x00000000025b2800 Uncommon trap: reason=unstable_if action=reinterpret pc=0x0000000002803990 method=java.lang.String.startsWith(Ljava/lang/String;I)Z @ 25
Event: 0.625 Thread 0x0000000019870000 Uncommon trap: reason=unstable_if action=reinterpret pc=0x000000000283b1c4 method=java.util.HashMap.hash(Ljava/lang/Object;)I @ 1
Event: 7.286 Thread 0x0000000019a16800 Uncommon trap: reason=null_check action=make_not_entrant pc=0x0000000002a93e54 method=com.sun.jna.Native.getNativeSize(Ljava/lang/Class;Ljava/lang/Object;)I @ 83

Internal exceptions (10 events):
Event: 0.451 Thread 0x00000000025b2800 Exception <a 'java/lang/UnsatisfiedLinkError': The specified procedure could not be found.
> (0x00000000d6458370) thrown at [C:\re\workspace\8-2-build-windows-amd64-cygwin\jdk8u101\7261\hotspot\src\share\vm\prims\jni.cpp, line 735]
Event: 0.466 Thread 0x00000000025b2800 Exception <a 'java/io/FileNotFoundException'> (0x00000000d646ca80) thrown at [C:\re\workspace\8-2-build-windows-amd64-cygwin\jdk8u101\7261\hotspot\src\share\vm\prims\jni.cpp, line 709]
Event: 0.510 Thread 0x00000000025b2800 Exception <a 'java/lang/NoSuchFieldError': method resolution failed> (0x00000000d6539370) thrown at [C:\re\workspace\8-2-build-windows-amd64-cygwin\jdk8u101\7261\hotspot\src\share\vm\prims\methodHandles.cpp, line 1146]
Event: 0.515 Thread 0x00000000025b2800 Exception <a 'java/lang/NoSuchFieldError': method resolution failed> (0x00000000d65467a8) thrown at [C:\re\workspace\8-2-build-windows-amd64-cygwin\jdk8u101\7261\hotspot\src\share\vm\prims\methodHandles.cpp, line 1146]
Event: 0.592 Thread 0x0000000019870000 Exception <a 'java/io/FileNotFoundException'> (0x00000000d67860a0) thrown at [C:\re\workspace\8-2-build-windows-amd64-cygwin\jdk8u101\7261\hotspot\src\share\vm\prims\jni.cpp, line 709]
Event: 0.625 Thread 0x0000000019870000 Implicit null exception at 0x000000000283afd5 to 0x000000000283b1b5
Event: 0.646 Thread 0x0000000019870000 Exception <a 'java/lang/UnsatisfiedLinkError': The specified module could not be found.
> (0x00000000d6929060) thrown at [C:\re\workspace\8-2-build-windows-amd64-cygwin\jdk8u101\7261\hotspot\src\share\vm\prims\jni.cpp, line 735]
Event: 0.647 Thread 0x0000000019870000 Exception <a 'java/lang/UnsatisfiedLinkError': The specified module could not be found.
> (0x00000000d69293a0) thrown at [C:\re\workspace\8-2-build-windows-amd64-cygwin\jdk8u101\7261\hotspot\src\share\vm\prims\jni.cpp, line 735]
Event: 0.649 Thread 0x0000000019870000 Exception <a 'java/lang/UnsatisfiedLinkError': The specified module could not be found.
> (0x00000000d6929768) thrown at [C:\re\workspace\8-2-build-windows-amd64-cygwin\jdk8u101\7261\hotspot\src\share\vm\prims\jni.cpp, line 735]
Event: 0.649 Thread 0x0000000019870000 Exception <a 'java/lang/UnsatisfiedLinkError'> (0x00000000d692db60) thrown at [C:\re\workspace\8-2-build-windows-amd64-cygwin\jdk8u101\7261\hotspot\src\share\vm\oops\instanceKlass.cpp, line 964]

Events (10 events):
Event: 19.883 Thread 0x0000000019b6a800 Thread added: 0x0000000019b6a800
Event: 19.883 Thread 0x0000000019b6a800 Thread exited: 0x0000000019b6a800
Event: 20.137 Thread 0x0000000019b6a800 Thread added: 0x0000000019b6a800
Event: 20.138 Thread 0x0000000019b6a800 Thread exited: 0x0000000019b6a800
Event: 20.138 Thread 0x0000000019b6a800 Thread added: 0x0000000019b6a800
Event: 20.139 Thread 0x0000000019b6a800 Thread exited: 0x0000000019b6a800
Event: 20.243 Thread 0x0000000019b6a800 Thread added: 0x0000000019b6a800
Event: 20.243 Thread 0x0000000019aea800 Thread exited: 0x0000000019aea800
Event: 20.243 Thread 0x0000000019aea800 Thread added: 0x0000000019aea800
Event: 20.243 Thread 0x0000000019b6a800 Thread exited: 0x0000000019b6a800


Dynamic libraries:
0x00007ff759740000 - 0x00007ff759777000 	C:\Program Files\Java\jdk1.8.0_101\bin\java.exe
0x00007ffbc3f20000 - 0x00007ffbc40fb000 	C:\WINDOWS\SYSTEM32\ntdll.dll
0x00007ffbc39b0000 - 0x00007ffbc3a5e000 	C:\WINDOWS\System32\KERNEL32.DLL
0x00007ffbc0b40000 - 0x00007ffbc0d89000 	C:\WINDOWS\System32\KERNELBASE.dll
0x00007ffbc1900000 - 0x00007ffbc19a1000 	C:\WINDOWS\System32\ADVAPI32.dll
0x00007ffbc1480000 - 0x00007ffbc151d000 	C:\WINDOWS\System32\msvcrt.dll
0x00007ffbc2e40000 - 0x00007ffbc2e99000 	C:\WINDOWS\System32\sechost.dll
0x00007ffbc3720000 - 0x00007ffbc3845000 	C:\WINDOWS\System32\RPCRT4.dll
0x00007ffbc1520000 - 0x00007ffbc166a000 	C:\WINDOWS\System32\USER32.dll
0x00007ffbc13c0000 - 0x00007ffbc13de000 	C:\WINDOWS\System32\win32u.dll
0x00007ffbc3210000 - 0x00007ffbc3237000 	C:\WINDOWS\System32\GDI32.dll
0x00007ffbc0d90000 - 0x00007ffbc0f18000 	C:\WINDOWS\System32\gdi32full.dll
0x00007ffbc13e0000 - 0x00007ffbc147a000 	C:\WINDOWS\System32\msvcp_win.dll
0x00007ffbc0f20000 - 0x00007ffbc1016000 	C:\WINDOWS\System32\ucrtbase.dll
0x00007ffbbce70000 - 0x00007ffbbd0d7000 	C:\WINDOWS\WinSxS\amd64_microsoft.windows.common-controls_6595b64144ccf1df_6.0.15063.483_none_26002d27e7c744a2\COMCTL32.dll
0x00007ffbc32b0000 - 0x00007ffbc35a9000 	C:\WINDOWS\System32\combase.dll
0x00007ffbc1350000 - 0x00007ffbc13ba000 	C:\WINDOWS\System32\bcryptPrimitives.dll
0x00007ffbc2e10000 - 0x00007ffbc2e3d000 	C:\WINDOWS\System32\IMM32.DLL
0x0000000077050000 - 0x0000000077122000 	C:\Program Files\Java\jdk1.8.0_101\jre\bin\msvcr100.dll
0x0000000073ab0000 - 0x000000007434a000 	C:\Program Files\Java\jdk1.8.0_101\jre\bin\server\jvm.dll
0x00007ffbc2df0000 - 0x00007ffbc2df8000 	C:\WINDOWS\System32\PSAPI.DLL
0x00007ffbb6f10000 - 0x00007ffbb6f19000 	C:\WINDOWS\SYSTEM32\WSOCK32.dll
0x00007ffbb24a0000 - 0x00007ffbb24c3000 	C:\WINDOWS\SYSTEM32\WINMM.dll
0x00007ffbc3240000 - 0x00007ffbc32ac000 	C:\WINDOWS\System32\WS2_32.dll
0x00007ffbb80e0000 - 0x00007ffbb80ea000 	C:\WINDOWS\SYSTEM32\VERSION.dll
0x00007ffbb2470000 - 0x00007ffbb249b000 	C:\WINDOWS\SYSTEM32\WINMMBASE.dll
0x00007ffbc1250000 - 0x00007ffbc1299000 	C:\WINDOWS\System32\cfgmgr32.dll
0x0000000077000000 - 0x000000007700f000 	C:\Program Files\Java\jdk1.8.0_101\jre\bin\verify.dll
0x0000000076b90000 - 0x0000000076bb9000 	C:\Program Files\Java\jdk1.8.0_101\jre\bin\java.dll
0x0000000076b70000 - 0x0000000076b86000 	C:\Program Files\Java\jdk1.8.0_101\jre\bin\zip.dll
0x00007ffbc19b0000 - 0x00007ffbc2de7000 	C:\WINDOWS\System32\SHELL32.dll
0x00007ffbc3160000 - 0x00007ffbc320a000 	C:\WINDOWS\System32\shcore.dll
0x00007ffbc0440000 - 0x00007ffbc0b32000 	C:\WINDOWS\System32\windows.storage.dll
0x00007ffbc18a0000 - 0x00007ffbc18f1000 	C:\WINDOWS\System32\shlwapi.dll
0x00007ffbc0400000 - 0x00007ffbc0411000 	C:\WINDOWS\System32\kernel.appcore.dll
0x00007ffbc03b0000 - 0x00007ffbc03fc000 	C:\WINDOWS\System32\powrprof.dll
0x00007ffbc0420000 - 0x00007ffbc0435000 	C:\WINDOWS\System32\profapi.dll
0x00007ffbbfde0000 - 0x00007ffbbfdf7000 	C:\WINDOWS\SYSTEM32\CRYPTSP.dll
0x00007ffbbf860000 - 0x00007ffbbf894000 	C:\WINDOWS\system32\rsaenh.dll
0x00007ffbc02d0000 - 0x00007ffbc02f5000 	C:\WINDOWS\SYSTEM32\bcrypt.dll
0x00007ffbc0260000 - 0x00007ffbc0289000 	C:\WINDOWS\SYSTEM32\USERENV.dll
0x00007ffbbfe00000 - 0x00007ffbbfe0b000 	C:\WINDOWS\SYSTEM32\CRYPTBASE.dll
0x0000000076b50000 - 0x0000000076b6a000 	C:\Program Files\Java\jdk1.8.0_101\jre\bin\net.dll
0x00007ffbbfc40000 - 0x00007ffbbfc9c000 	C:\WINDOWS\system32\mswsock.dll
0x00007ffbbf9e0000 - 0x00007ffbbfa17000 	C:\WINDOWS\SYSTEM32\IPHLPAPI.DLL
0x00007ffbc2e00000 - 0x00007ffbc2e08000 	C:\WINDOWS\System32\NSI.dll
0x00007ffbb61a0000 - 0x00007ffbb61b6000 	C:\WINDOWS\SYSTEM32\dhcpcsvc6.DLL
0x00007ffbb6120000 - 0x00007ffbb613a000 	C:\WINDOWS\SYSTEM32\dhcpcsvc.DLL
0x0000000076b30000 - 0x0000000076b41000 	C:\Program Files\Java\jdk1.8.0_101\jre\bin\nio.dll
0x00007ffbb0780000 - 0x00007ffbb07b7000 	C:\Users\Akshay Solanki\AppData\Local\Temp\jna-Akshay Solanki\jna3871759436252444213.dll
0x0000000075cd0000 - 0x0000000075e68000 	C:\Program Files\Java\jdk1.8.0_101\jre\bin\awt.dll
0x00007ffbc1670000 - 0x00007ffbc1730000 	C:\WINDOWS\System32\OLEAUT32.dll
0x00007ffbbe7e0000 - 0x00007ffbbe85e000 	C:\WINDOWS\SYSTEM32\apphelp.dll
0x00007ffbbecb0000 - 0x00007ffbbed45000 	C:\WINDOWS\system32\uxtheme.dll
0x00007ffbc1730000 - 0x00007ffbc1896000 	C:\WINDOWS\System32\MSCTF.dll
0x00007ffbbd3c0000 - 0x00007ffbbd3ea000 	C:\WINDOWS\system32\dwmapi.dll
0x00007ffbc3850000 - 0x00007ffbc3995000 	C:\WINDOWS\System32\ole32.dll
0x0000000075c70000 - 0x0000000075c9e000 	C:\Program Files\VideoLAN\VLC\libvlc.dll
0x0000000074b20000 - 0x0000000074dcd000 	C:\Program Files\VideoLAN\VLC\libvlccore.dll
0x00000000748d0000 - 0x0000000074972000 	C:\Program Files\VideoLAN\VLC\plugins\access\libdshow_plugin.dll
0x0000000076430000 - 0x0000000076444000 	C:\Program Files\VideoLAN\VLC\plugins\audio_output\libdirectsound_plugin.dll
0x0000000075c50000 - 0x0000000075c63000 	C:\Program Files\VideoLAN\VLC\plugins\audio_output\libwaveout_plugin.dll
0x0000000075c30000 - 0x0000000075c4f000 	C:\Program Files\VideoLAN\VLC\plugins\video_output\libdirect3d_plugin.dll
0x0000000075c10000 - 0x0000000075c2d000 	C:\Program Files\VideoLAN\VLC\plugins\video_output\libdirectdraw_plugin.dll
0x00007ffb8cd40000 - 0x00007ffb8cdcc000 	C:\WINDOWS\SYSTEM32\DSOUND.DLL
0x00007ffbc3040000 - 0x00007ffbc30de000 	C:\WINDOWS\System32\clbcatq.dll
0x00007ffbb5ab0000 - 0x00007ffbb5b17000 	C:\WINDOWS\System32\MMDevApi.dll
0x00007ffbb58a0000 - 0x00007ffbb5a36000 	C:\WINDOWS\System32\PROPSYS.dll
0x00007ffbbed50000 - 0x00007ffbbed78000 	C:\WINDOWS\System32\DEVOBJ.dll
0x0000000076ae0000 - 0x0000000076b27000 	C:\Program Files\Java\jdk1.8.0_101\jre\bin\fontmanager.dll
0x0000000076850000 - 0x0000000076892000 	C:\Program Files\Java\jdk1.8.0_101\jre\bin\t2k.dll
0x0000000075c00000 - 0x0000000075c07000 	C:\Program Files\Java\jdk1.8.0_101\jre\bin\jawt.dll
0x0000000074b00000 - 0x0000000074b16000 	C:\Program Files\VideoLAN\VLC\plugins\stream_out\libstream_out_duplicate_plugin.dll
0x0000000075bf0000 - 0x0000000075c00000 	C:\Program Files\VideoLAN\VLC\plugins\stream_out\libstream_out_display_plugin.dll
0x00000000739f0000 - 0x0000000073aac000 	C:\Program Files\VideoLAN\VLC\plugins\stream_out\libstream_out_rtp_plugin.dll
0x00000000748a0000 - 0x00000000748c8000 	C:\Program Files\VideoLAN\VLC\plugins\mux\libmux_ts_plugin.dll
0x00007ffbb6ef0000 - 0x00007ffbb6f06000 	C:\WINDOWS\system32\napinsp.dll
0x00007ffbb6f20000 - 0x00007ffbb6f3a000 	C:\WINDOWS\system32\pnrpnsp.dll
0x00007ffbb63e0000 - 0x00007ffbb63f8000 	C:\WINDOWS\system32\NLAapi.dll
0x00007ffbbfa20000 - 0x00007ffbbfac4000 	C:\WINDOWS\SYSTEM32\DNSAPI.dll
0x00007ffbb7560000 - 0x00007ffbb756e000 	C:\WINDOWS\System32\winrnr.dll
0x0000000077350000 - 0x0000000077376000 	C:\Program Files\Bonjour\mdnsNSP.dll
0x00007ffbb6450000 - 0x00007ffbb6465000 	C:\WINDOWS\System32\wshbth.dll
0x0000000073770000 - 0x00000000739ec000 	C:\Program Files\VideoLAN\VLC\plugins\access\liblibbluray_plugin.dll
0x0000000074870000 - 0x0000000074896000 	C:\Program Files\VideoLAN\VLC\plugins\access\libaccess_bd_plugin.dll
0x0000000073720000 - 0x000000007376b000 	C:\Program Files\VideoLAN\VLC\plugins\access\libdvdnav_plugin.dll
0x0000000074850000 - 0x000000007486f000 	C:\Program Files\VideoLAN\VLC\plugins\access\libvdr_plugin.dll
0x0000000074830000 - 0x0000000074848000 	C:\Program Files\VideoLAN\VLC\plugins\access\libfilesystem_plugin.dll
0x0000000073700000 - 0x000000007371b000 	C:\Program Files\VideoLAN\VLC\plugins\stream_filter\libsmooth_plugin.dll
0x0000000073650000 - 0x00000000736ff000 	C:\Program Files\VideoLAN\VLC\plugins\stream_filter\libhttplive_plugin.dll
0x0000000073570000 - 0x0000000073644000 	C:\Program Files\VideoLAN\VLC\plugins\stream_filter\libdash_plugin.dll
0x0000000073540000 - 0x000000007356b000 	C:\Program Files\VideoLAN\VLC\plugins\access\libzip_plugin.dll
0x0000000073520000 - 0x0000000073536000 	C:\Program Files\VideoLAN\VLC\plugins\access\librar_plugin.dll
0x0000000073510000 - 0x000000007351f000 	C:\Program Files\VideoLAN\VLC\plugins\stream_filter\librecord_plugin.dll
0x00000000734c0000 - 0x0000000073502000 	C:\Program Files\VideoLAN\VLC\plugins\demux\libmp4_plugin.dll
0x0000000073460000 - 0x00000000734ba000 	C:\Program Files\VideoLAN\VLC\plugins\codec\libtheora_plugin.dll
0x0000000073450000 - 0x0000000073460000 	C:\Program Files\VideoLAN\VLC\plugins\codec\librawvideo_plugin.dll
0x0000000073410000 - 0x0000000073449000 	C:\Program Files\VideoLAN\VLC\plugins\codec\libspeex_plugin.dll
0x0000000073330000 - 0x0000000073405000 	C:\Program Files\VideoLAN\VLC\plugins\codec\libvorbis_plugin.dll
0x0000000073320000 - 0x0000000073330000 	C:\Program Files\VideoLAN\VLC\plugins\codec\libaes3_plugin.dll
0x0000000073300000 - 0x0000000073311000 	C:\Program Files\VideoLAN\VLC\plugins\codec\liblpcm_plugin.dll
0x00000000732e0000 - 0x0000000073300000 	C:\Program Files\VideoLAN\VLC\plugins\packetizer\libpacketizer_h264_plugin.dll
0x00000000732c0000 - 0x00000000732d1000 	C:\Program Files\VideoLAN\VLC\plugins\packetizer\libpacketizer_flac_plugin.dll
0x00000000732a0000 - 0x00000000732b4000 	C:\Program Files\VideoLAN\VLC\plugins\packetizer\libpacketizer_dirac_plugin.dll
0x0000000073280000 - 0x0000000073291000 	C:\Program Files\VideoLAN\VLC\plugins\packetizer\libpacketizer_mlp_plugin.dll
0x0000000073260000 - 0x000000007327e000 	C:\Program Files\VideoLAN\VLC\plugins\packetizer\libpacketizer_mpeg4audio_plugin.dll
0x00000000730c0000 - 0x0000000073259000 	C:\Program Files\VideoLAN\VLC\plugins\meta_engine\libtaglib_plugin.dll
0x0000000073060000 - 0x00000000730bc000 	C:\Program Files\VideoLAN\VLC\plugins\lua\liblua_plugin.dll
0x0000000073000000 - 0x0000000073059000 	C:\Program Files\VideoLAN\VLC\plugins\codec\libjpeg_plugin.dll
0x0000000072fe0000 - 0x0000000072ff1000 	C:\Program Files\VideoLAN\VLC\plugins\codec\libcdg_plugin.dll
0x0000000072f80000 - 0x0000000072fdc000 	C:\Program Files\VideoLAN\VLC\plugins\codec\libpng_plugin.dll
0x0000000072e00000 - 0x0000000072f7b000 	C:\Program Files\VideoLAN\VLC\plugins\codec\libschroedinger_plugin.dll
0x0000000072de0000 - 0x0000000072df1000 	C:\Program Files\VideoLAN\VLC\plugins\codec\libdts_plugin.dll
0x0000000072dc0000 - 0x0000000072dd5000 	C:\Program Files\VideoLAN\VLC\plugins\codec\libaraw_plugin.dll
0x0000000072da0000 - 0x0000000072db7000 	C:\Program Files\VideoLAN\VLC\plugins\codec\libsubstx3g_plugin.dll
0x0000000072d20000 - 0x0000000072d94000 	C:\Program Files\VideoLAN\VLC\plugins\codec\libflac_plugin.dll
0x0000000072d00000 - 0x0000000072d13000 	C:\Program Files\VideoLAN\VLC\plugins\codec\libg711_plugin.dll
0x0000000072a10000 - 0x0000000072cf9000 	C:\Program Files\VideoLAN\VLC\plugins\codec\liblibass_plugin.dll
0x00000000729a0000 - 0x0000000072a0f000 	C:\Program Files\VideoLAN\VLC\plugins\codec\libfaad_plugin.dll
0x0000000072980000 - 0x0000000072991000 	C:\Program Files\VideoLAN\VLC\plugins\codec\liba52_plugin.dll
0x0000000072970000 - 0x0000000072980000 	C:\Program Files\VideoLAN\VLC\plugins\codec\libmpeg_audio_plugin.dll
0x00000000728f0000 - 0x0000000072967000 	C:\Program Files\VideoLAN\VLC\plugins\codec\libopus_plugin.dll
0x00000000728c0000 - 0x00000000728e9000 	C:\Program Files\VideoLAN\VLC\plugins\codec\libdvbsub_plugin.dll
0x00000000728a0000 - 0x00000000728b1000 	C:\Program Files\VideoLAN\VLC\plugins\codec\libspudec_plugin.dll
0x00000000712c0000 - 0x0000000072899000 	C:\Program Files\VideoLAN\VLC\plugins\codec\libavcodec_plugin.dll
0x00000000711d0000 - 0x00000000712b8000 	C:\Program Files\VideoLAN\VLC\plugins\text_renderer\libfreetype_plugin.dll
0x00000000711b0000 - 0x00000000711c5000 	C:\Program Files\VideoLAN\VLC\plugins\video_chroma\libi420_yuy2_sse2_plugin.dll
0x00007ffbb2ff0000 - 0x00007ffbb30f5000 	C:\WINDOWS\SYSTEM32\AUDIOSES.DLL

VM Arguments:
jvm_args: -Dfile.encoding=UTF-8 
java_command: rtspstreamserver.RtspStreamServer
java_class_path (initial): C:\Users\Akshay Solanki\Documents\NetBeansProjects\RtspStreamServer\jars\jna-3.5.2.jar;C:\Users\Akshay Solanki\Documents\NetBeansProjects\RtspStreamServer\jars\log4j-1.2.17.jar;C:\Users\Akshay Solanki\Documents\NetBeansProjects\RtspStreamServer\jars\logback.jar;C:\Users\Akshay Solanki\Documents\NetBeansProjects\RtspStreamServer\jars\platform-3.5.2.jar;C:\Users\Akshay Solanki\Documents\NetBeansProjects\RtspStreamServer\jars\slf4j-api-1.7.10.jar;C:\Users\Akshay Solanki\Documents\NetBeansProjects\RtspStreamServer\jars\slf4j-log4j12-1.7.25.jar;C:\Users\Akshay Solanki\Documents\NetBeansProjects\RtspStreamServer\jars\vlcj-3.8.0-javadoc.jar;C:\Users\Akshay Solanki\Documents\NetBeansProjects\RtspStreamServer\jars\vlcj-3.8.0-sources.jar;C:\Users\Akshay Solanki\Documents\NetBeansProjects\RtspStreamServer\jars\vlcj-3.8.0-test-sources.jar;C:\Users\Akshay Solanki\Documents\NetBeansProjects\RtspStreamServer\jars\vlcj-3.8.0-tests.jar;C:\Users\Akshay Solanki\Documents\NetBeansProjects\RtspStreamServer\jars\vlcj-3.8.0.jar;C:\Users\Akshay Solanki\Documents\NetBeansProjects\RtspStreamServer\build\classes
Launcher Type: SUN_STANDARD

Environment Variables:
JAVA_HOME=C:\Program Files\Java\jdk1.8.0_102
CLASSPATH=C:\Program Files\JMF-2.1.1e\lib\jmf.jar
PATH=C:\Program Files\nodejs;C:\Program Files (x86)\Kubernetes\Minikube;C:\Users\Akshay Solanki\Downloads\Programs;C:\Users\Akshay Solanki\Downloads\Compressed\ngrok-stable-windows-amd64_2;C:\Program Files (x86)\CMake 2.8\bin;C:\OpenCV2.2\bin;C:\opencv\sources\3rdparty\ffmpeg\;C:\Program Files\Git\cmd;C:\Android\sdk\tools;C:\Android\sdk\tools\bin;C:\Android\sdk\platform-tools;C:\Windows\System32;C:\Program Files (x86)\Microsoft SQL Server\100\Tools\Binn\;C:\Program Files\Microsoft SQL Server\100\Tools\Binn\;C:\Program Files\Microsoft SQL Server\100\DTS\Binn\;D:\gstreamer\1.0\x86_64\bin;C:\MinGW\bin;C:\Users\Akshay Solanki\Downloads\Compressed\apache-maven-3.5.0-bin\apache-maven-3.5.0\bin;C:\Program Files\MATLAB\R2010b\runtime\win64;C:\Program Files\MATLAB\R2010b\bin;C:\opencv\build\java;C:\Program Files (x86)\AMD APP SDK\3.0\bin\x86_64;C:\Program Files (x86)\AMD APP SDK\3.0\bin\x86;C:\opencv\build\java\x64;C:\Program Files\JMF-2.1.1e\lib;C:\WINDOWS\system32;C:\WINDOWS;C:\WINDOWS\System32\Wbem;C:\WINDOWS\System32\WindowsPowerShell\v1.0\;F:\downloads\Compressed\apache-maven-3.5.0-bin\apache-maven-3.5.0\bin;C:\Program Files\VideoLAN\VLC;C:\Program Files\Java\jdk1.8.0_102\bin;C:\Users\Akshay Solanki\AppData\Roaming\npm;C:\Users\Akshay Solanki\AppData\Local\atom\bin;C:\Program Files (x86)\Microsoft VS Code\bin;C:\Python27;%OPENCV_BUILD%\x86\vc10\bin;C:\Users\Akshay Solanki\Downloads\Compressed\curl-7.54.0-win64-mingw\curl-7.54.0-win64-mingw\bin;C:\OpenCV2.2\bin;C:\Users\Akshay Solanki\AppData\Local\Microsoft\WindowsApps;
USERNAME=Akshay Solanki
OS=Windows_NT
PROCESSOR_IDENTIFIER=Intel64 Family 6 Model 78 Stepping 3, GenuineIntel



---------------  S Y S T E M  ---------------

OS: Windows 10.0 , 64 bit Build 15063 (10.0.15063.296)

CPU:total 4 (2 cores per cpu, 2 threads per core) family 6 model 78 stepping 3, cmov, cx8, fxsr, mmx, sse, sse2, sse3, ssse3, sse4.1, sse4.2, popcnt, avx, avx2, aes, clmul, erms, 3dnowpref, lzcnt, ht, tsc, tscinvbit, bmi1, bmi2, adx

Memory: 4k page, physical 8268040k(1428020k free), swap 23221772k(4086588k free)

vm_info: Java HotSpot(TM) 64-Bit Server VM (25.101-b13) for windows-amd64 JRE (1.8.0_101-b13), built on Jun 22 2016 01:21:29 by "java_re" with MS VC++ 10.0 (VS2010)

time: Sun Jul 23 03:16:40 2017
elapsed time: 20 seconds (0d 0h 0m 20s)

