#
# A fatal error has been detected by the Java Runtime Environment:
#
#  EXCEPTION_ACCESS_VIOLATION (0xc0000005) at pc=0x00007ffbc3f5bbdf, pid=17180, tid=0x0000000000003088
#
# JRE version: Java(TM) SE Runtime Environment (8.0_101-b13) (build 1.8.0_101-b13)
# Java VM: Java HotSpot(TM) 64-Bit Server VM (25.101-b13 mixed mode windows-amd64 compressed oops)
# Problematic frame:
# C  [ntdll.dll+0x3bbdf]
#
# Failed to write core dump. Minidumps are not enabled by default on client versions of Windows
#
# If you would like to submit a bug report, please visit:
#   http://bugreport.java.com/bugreport/crash.jsp
# The crash happened outside the Java Virtual Machine in native code.
# See problematic frame for where to report the bug.
#

---------------  T H R E A D  ---------------

Current thread (0x000000001a6db000):  JavaThread "pool-1-thread-1" [_thread_in_native, id=12424, stack(0x000000001cbe0000,0x000000001cce0000)]

siginfo: ExceptionCode=0xc0000005, writing address 0x0000000000000024

Registers:
RAX=0x0000000000000000, RBX=0x000000001c6286c8, RCX=0x000000001c6286c8, RDX=0xffffffffffffffff
RSP=0x000000001ccde230, RBP=0x000000001ccde2a0, RSI=0x0000000000000000, RDI=0x0000000000000000
R8 =0x0000000000000000, R9 =0x00007ffbaeeb05fa, R10=0x0000000000000064, R11=0x000000001ccde380
R12=0x0000000000000000, R13=0x00000000d8220468, R14=0x0000000000000001, R15=0x0000000000000000
RIP=0x00007ffbc3f5bbdf, EFLAGS=0x0000000000010213

Top of Stack: (sp=0x000000001ccde230)
0x000000001ccde230:   ffffffffffffffff 000000001c6286c8
0x000000001ccde240:   0000000000000000 0000000000000000
0x000000001ccde250:   0000000000000000 0000000017963300
0x000000001ccde260:   000000001a6db000 00000000010c6000
0x000000001ccde270:   000000001ccde200 0000000800000000
0x000000001ccde280:   00000357de6c3988 00007ffbaeeafc42
0x000000001ccde290:   00000357de6c3998 000000001a6db000
0x000000001ccde2a0:   000000001a6db000 0000000000000001
0x000000001ccde2b0:   00000000d8220468 0000000000000000
0x000000001ccde2c0:   0000000000000000 000000001c628600
0x000000001ccde2d0:   0000000000000001 00007ffbc3f34571
0x000000001ccde2e0:   000000001ccde400 000000001c6286c8
0x000000001ccde2f0:   00000357fffffffa 00007ffbaeeafc42
0x000000001ccde300:   000000001ccdeab8 00007ffbc3f34490
0x000000001ccde310:   000000001c628690 000000001ccde3b0
0x000000001ccde320:   000000001c6286c0 00000000d5f899c0 

Instructions: (pc=0x00007ffbc3f5bbdf)
0x00007ffbc3f5bbbf:   0f 45 fe 48 39 73 18 0f 84 9e 01 00 00 48 83 3b
0x00007ffbc3f5bbcf:   ff 0f 84 a1 01 00 00 48 8b 03 48 83 f8 ff 74 03
0x00007ffbc3f5bbdf:   ff 40 24 48 8b 7b 18 44 8b ee 48 89 7d c0 e8 ee
0x00007ffbc3f5bbef:   57 ff ff 85 c0 0f 85 e2 fe 07 00 b9 82 03 fe 7f 


Register to memory mapping:

RAX=0x0000000000000000 is an unknown value
RBX=0x000000001c6286c8 is an unknown value
RCX=0x000000001c6286c8 is an unknown value
RDX=0xffffffffffffffff is an unknown value
RSP=0x000000001ccde230 is pointing into the stack for thread: 0x000000001a6db000
RBP=0x000000001ccde2a0 is pointing into the stack for thread: 0x000000001a6db000
RSI=0x0000000000000000 is an unknown value
RDI=0x0000000000000000 is an unknown value
R8 =0x0000000000000000 is an unknown value
R9 =0x00007ffbaeeb05fa is an unknown value
R10=0x0000000000000064 is an unknown value
R11=0x000000001ccde380 is pointing into the stack for thread: 0x000000001a6db000
R12=0x0000000000000000 is an unknown value
R13=0x00000000d8220468 is an oop
java.lang.reflect.Method 
 - klass: 'java/lang/reflect/Method'
R14=0x0000000000000001 is an unknown value
R15=0x0000000000000000 is an unknown value


Stack: [0x000000001cbe0000,0x000000001cce0000],  sp=0x000000001ccde230,  free space=1016k
Native frames: (J=compiled Java code, j=interpreted, Vv=VM code, C=native code)
C  [ntdll.dll+0x3bbdf]
C  [ntdll.dll+0x14571]
C  [ntdll.dll+0x14490]
C  [libvlc.dll+0xde65]
C  [jna1036159310794237473.dll+0x176f3]
C  [jna1036159310794237473.dll+0xffe7]
C  [jna1036159310794237473.dll+0x3d1a]
C  [jna1036159310794237473.dll+0x4e37]
C  0x00000000037715a3

Java frames: (J=compiled Java code, j=interpreted, Vv=VM code)
J 1103  com.sun.jna.Native.invokeInt(JI[Ljava/lang/Object;)I (0 bytes) @ 0x000000000377151d [0x00000000037714c0+0x5d]
J 1067 C1 com.sun.jna.Function.invoke([Ljava/lang/Object;Ljava/lang/Class;Z)Ljava/lang/Object; (1149 bytes) @ 0x000000000374886c [0x0000000003741740+0x712c]
J 1134 C1 com.sun.jna.Function.invoke(Ljava/lang/Class;[Ljava/lang/Object;Ljava/util/Map;)Ljava/lang/Object; (526 bytes) @ 0x000000000377f6b4 [0x000000000377e240+0x1474]
J 1066 C1 com.sun.jna.Library$Handler.invoke(Ljava/lang/Object;Ljava/lang/reflect/Method;[Ljava/lang/Object;)Ljava/lang/Object; (345 bytes) @ 0x000000000373e5c4 [0x000000000373c640+0x1f84]
J 1163 C1 com.sun.proxy.$Proxy1.libvlc_media_player_is_playing(Luk/co/caprica/vlcj/binding/internal/libvlc_media_player_t;)I (39 bytes) @ 0x0000000003798b0c [0x0000000003798840+0x2cc]
J 1162 C1 uk.co.caprica.vlcj.player.DefaultMediaPlayer.isPlaying()Z (34 bytes) @ 0x00000000037983ec [0x0000000003798260+0x18c]
j  rtspstreamserver.RtspStreamServer$5.run()V+7
j  java.util.concurrent.Executors$RunnableAdapter.call()Ljava/lang/Object;+4
j  java.util.concurrent.FutureTask.run()V+42
j  java.util.concurrent.ThreadPoolExecutor.runWorker(Ljava/util/concurrent/ThreadPoolExecutor$Worker;)V+95
j  java.util.concurrent.ThreadPoolExecutor$Worker.run()V+5
j  java.lang.Thread.run()V+11
v  ~StubRoutines::call_stub

---------------  P R O C E S S  ---------------

Java Threads: ( => current thread )
  0x0000000019a12800 JavaThread "Thread-0" daemon [_thread_in_native, id=20116, stack(0x0000000024750000,0x0000000024850000)]
=>0x000000001a6db000 JavaThread "pool-1-thread-1" [_thread_in_native, id=12424, stack(0x000000001cbe0000,0x000000001cce0000)]
  0x000000001a55d000 JavaThread "Thread-1" [_thread_in_native, id=19328, stack(0x000000001bae0000,0x000000001bbe0000)]
  0x00000000031e2800 JavaThread "DestroyJavaVM" [_thread_blocked, id=9380, stack(0x0000000003080000,0x0000000003180000)]
  0x000000001a554800 JavaThread "AWT-EventQueue-0" [_thread_blocked, id=21368, stack(0x000000001af10000,0x000000001b010000)]
  0x000000001a54d000 JavaThread "AWT-Shutdown" [_thread_blocked, id=12236, stack(0x000000001ad10000,0x000000001ae10000)]
  0x000000001a54c000 JavaThread "Java2D Disposer" daemon [_thread_blocked, id=10048, stack(0x000000001ac10000,0x000000001ad10000)]
  0x0000000017f0d800 JavaThread "Service Thread" daemon [_thread_blocked, id=13580, stack(0x0000000019d20000,0x0000000019e20000)]
  0x0000000017eb7800 JavaThread "C1 CompilerThread2" daemon [_thread_blocked, id=12696, stack(0x0000000019820000,0x0000000019920000)]
  0x0000000017eb4800 JavaThread "C2 CompilerThread1" daemon [_thread_blocked, id=11520, stack(0x0000000019720000,0x0000000019820000)]
  0x0000000017eb2000 JavaThread "C2 CompilerThread0" daemon [_thread_blocked, id=4684, stack(0x0000000019620000,0x0000000019720000)]
  0x0000000017eb0000 JavaThread "Attach Listener" daemon [_thread_blocked, id=15172, stack(0x0000000019520000,0x0000000019620000)]
  0x0000000017ead000 JavaThread "Signal Dispatcher" daemon [_thread_blocked, id=14004, stack(0x0000000019420000,0x0000000019520000)]
  0x00000000032db000 JavaThread "Finalizer" daemon [_thread_blocked, id=16472, stack(0x0000000019130000,0x0000000019230000)]
  0x00000000032d0000 JavaThread "Reference Handler" daemon [_thread_blocked, id=16184, stack(0x0000000019030000,0x0000000019130000)]

Other Threads:
  0x0000000017e77800 VMThread [stack: 0x0000000018f30000,0x0000000019030000] [id=11268]
  0x000000001995e000 WatcherThread [stack: 0x0000000019e20000,0x0000000019f20000] [id=10840]

VM state:not at safepoint (normal execution)

VM Mutex/Monitor currently owned by a thread: None

Heap:
 PSYoungGen      total 38400K, used 9265K [0x00000000d5f00000, 0x00000000d8980000, 0x0000000100000000)
  eden space 33280K, 14% used [0x00000000d5f00000,0x00000000d63d9fc8,0x00000000d7f80000)
  from space 5120K, 83% used [0x00000000d7f80000,0x00000000d83b2518,0x00000000d8480000)
  to   space 5120K, 0% used [0x00000000d8480000,0x00000000d8480000,0x00000000d8980000)
 ParOldGen       total 87552K, used 3410K [0x0000000081c00000, 0x0000000087180000, 0x00000000d5f00000)
  object space 87552K, 3% used [0x0000000081c00000,0x0000000081f54a10,0x0000000087180000)
 Metaspace       used 12805K, capacity 13096K, committed 13184K, reserved 1060864K
  class space    used 1488K, capacity 1579K, committed 1664K, reserved 1048576K

Card table byte_map: [0x0000000012740000,0x0000000012b40000] byte_map_base: 0x0000000012332000

Marking Bits: (ParMarkBitMap*) 0x00000000742ca6d0
 Begin Bits: [0x00000000131f0000, 0x0000000015180000)
 End Bits:   [0x0000000015180000, 0x0000000017110000)

Polling page: 0x0000000003180000

CodeCache: size=245760Kb used=5474Kb max_used=5474Kb free=240285Kb
 bounds [0x0000000003380000, 0x00000000038e0000, 0x0000000012380000]
 total_blobs=2044 nmethods=1542 adapters=414
 compilation: enabled

Compilation events (10 events):
Event: 55.546 Thread 0x0000000017eb7800 1547  s    3       sun.java2d.loops.RenderCache::get (100 bytes)
Event: 55.546 Thread 0x0000000017eb7800 nmethod 1547 0x00000000038db090 code [0x00000000038db240, 0x00000000038dbb88]
Event: 59.145 Thread 0x0000000017eb7800 1548       3       sun.util.locale.LocaleUtils::toLower (17 bytes)
Event: 59.146 Thread 0x0000000017eb7800 nmethod 1548 0x00000000038dac10 code [0x00000000038dad80, 0x00000000038daff0]
Event: 60.512 Thread 0x0000000017eb7800 1549       3       java.lang.Character::isHighSurrogate (18 bytes)
Event: 60.512 Thread 0x0000000017eb7800 nmethod 1549 0x00000000038da890 code [0x00000000038da9e0, 0x00000000038dabb0]
Event: 60.512 Thread 0x0000000017eb7800 1550       1       org.slf4j.helpers.FormattingTuple::getMessage (5 bytes)
Event: 60.513 Thread 0x0000000017eb7800 nmethod 1550 0x00000000038da5d0 code [0x00000000038da720, 0x00000000038da830]
Event: 60.513 Thread 0x0000000017eb7800 1551       1       org.slf4j.helpers.FormattingTuple::getThrowable (5 bytes)
Event: 60.513 Thread 0x0000000017eb7800 nmethod 1551 0x00000000038da310 code [0x00000000038da460, 0x00000000038da570]

GC Heap History (6 events):
Event: 1.240 GC heap before
{Heap before GC invocations=1 (full 0):
 PSYoungGen      total 38400K, used 33280K [0x00000000d5f00000, 0x00000000d8980000, 0x0000000100000000)
  eden space 33280K, 100% used [0x00000000d5f00000,0x00000000d7f80000,0x00000000d7f80000)
  from space 5120K, 0% used [0x00000000d8480000,0x00000000d8480000,0x00000000d8980000)
  to   space 5120K, 0% used [0x00000000d7f80000,0x00000000d7f80000,0x00000000d8480000)
 ParOldGen       total 87552K, used 0K [0x0000000081c00000, 0x0000000087180000, 0x00000000d5f00000)
  object space 87552K, 0% used [0x0000000081c00000,0x0000000081c00000,0x0000000087180000)
 Metaspace       used 12050K, capacity 12342K, committed 12672K, reserved 1060864K
  class space    used 1453K, capacity 1546K, committed 1664K, reserved 1048576K
Event: 1.245 GC heap after
Heap after GC invocations=1 (full 0):
 PSYoungGen      total 38400K, used 4733K [0x00000000d5f00000, 0x00000000d8980000, 0x0000000100000000)
  eden space 33280K, 0% used [0x00000000d5f00000,0x00000000d5f00000,0x00000000d7f80000)
  from space 5120K, 92% used [0x00000000d7f80000,0x00000000d841f780,0x00000000d8480000)
  to   space 5120K, 0% used [0x00000000d8480000,0x00000000d8480000,0x00000000d8980000)
 ParOldGen       total 87552K, used 16K [0x0000000081c00000, 0x0000000087180000, 0x00000000d5f00000)
  object space 87552K, 0% used [0x0000000081c00000,0x0000000081c04000,0x0000000087180000)
 Metaspace       used 12050K, capacity 12342K, committed 12672K, reserved 1060864K
  class space    used 1453K, capacity 1546K, committed 1664K, reserved 1048576K
}
Event: 21.724 GC heap before
{Heap before GC invocations=2 (full 0):
 PSYoungGen      total 38400K, used 38013K [0x00000000d5f00000, 0x00000000d8980000, 0x0000000100000000)
  eden space 33280K, 100% used [0x00000000d5f00000,0x00000000d7f80000,0x00000000d7f80000)
  from space 5120K, 92% used [0x00000000d7f80000,0x00000000d841f780,0x00000000d8480000)
  to   space 5120K, 0% used [0x00000000d8480000,0x00000000d8480000,0x00000000d8980000)
 ParOldGen       total 87552K, used 16K [0x0000000081c00000, 0x0000000087180000, 0x00000000d5f00000)
  object space 87552K, 0% used [0x0000000081c00000,0x0000000081c04000,0x0000000087180000)
 Metaspace       used 12543K, capacity 12840K, committed 12928K, reserved 1060864K
  class space    used 1480K, capacity 1579K, committed 1664K, reserved 1048576K
Event: 21.730 GC heap after
Heap after GC invocations=2 (full 0):
 PSYoungGen      total 38400K, used 4185K [0x00000000d5f00000, 0x00000000d8980000, 0x0000000100000000)
  eden space 33280K, 0% used [0x00000000d5f00000,0x00000000d5f00000,0x00000000d7f80000)
  from space 5120K, 81% used [0x00000000d8480000,0x00000000d8896508,0x00000000d8980000)
  to   space 5120K, 0% used [0x00000000d7f80000,0x00000000d7f80000,0x00000000d8480000)
 ParOldGen       total 87552K, used 3402K [0x0000000081c00000, 0x0000000087180000, 0x00000000d5f00000)
  object space 87552K, 3% used [0x0000000081c00000,0x0000000081f52a10,0x0000000087180000)
 Metaspace       used 12543K, capacity 12840K, committed 12928K, reserved 1060864K
  class space    used 1480K, capacity 1579K, committed 1664K, reserved 1048576K
}
Event: 51.096 GC heap before
{Heap before GC invocations=3 (full 0):
 PSYoungGen      total 38400K, used 37465K [0x00000000d5f00000, 0x00000000d8980000, 0x0000000100000000)
  eden space 33280K, 100% used [0x00000000d5f00000,0x00000000d7f80000,0x00000000d7f80000)
  from space 5120K, 81% used [0x00000000d8480000,0x00000000d8896508,0x00000000d8980000)
  to   space 5120K, 0% used [0x00000000d7f80000,0x00000000d7f80000,0x00000000d8480000)
 ParOldGen       total 87552K, used 3402K [0x0000000081c00000, 0x0000000087180000, 0x00000000d5f00000)
  object space 87552K, 3% used [0x0000000081c00000,0x0000000081f52a10,0x0000000087180000)
 Metaspace       used 12763K, capacity 13032K, committed 13184K, reserved 1060864K
  class space    used 1487K, capacity 1579K, committed 1664K, reserved 1048576K
Event: 51.101 GC heap after
Heap after GC invocations=3 (full 0):
 PSYoungGen      total 38400K, used 4297K [0x00000000d5f00000, 0x00000000d8980000, 0x0000000100000000)
  eden space 33280K, 0% used [0x00000000d5f00000,0x00000000d5f00000,0x00000000d7f80000)
  from space 5120K, 83% used [0x00000000d7f80000,0x00000000d83b2518,0x00000000d8480000)
  to   space 5120K, 0% used [0x00000000d8480000,0x00000000d8480000,0x00000000d8980000)
 ParOldGen       total 87552K, used 3410K [0x0000000081c00000, 0x0000000087180000, 0x00000000d5f00000)
  object space 87552K, 3% used [0x0000000081c00000,0x0000000081f54a10,0x0000000087180000)
 Metaspace       used 12763K, capacity 13032K, committed 13184K, reserved 1060864K
  class space    used 1487K, capacity 1579K, committed 1664K, reserved 1048576K
}

Deoptimization events (10 events):
Event: 0.396 Thread 0x00000000031e2800 Uncommon trap: reason=unstable_if action=reinterpret pc=0x00000000034d2510 method=java.lang.String.startsWith(Ljava/lang/String;I)Z @ 25
Event: 0.612 Thread 0x000000001a554800 Uncommon trap: reason=unstable_if action=reinterpret pc=0x000000000350da4c method=java.util.HashMap.hash(Ljava/lang/Object;)I @ 1
Event: 7.374 Thread 0x000000001a7e5800 Uncommon trap: reason=null_check action=make_not_entrant pc=0x00000000037566d4 method=com.sun.jna.Native.getNativeSize(Ljava/lang/Class;Ljava/lang/Object;)I @ 83
Event: 14.269 Thread 0x0000000027240800 Uncommon trap: reason=null_check action=make_not_entrant pc=0x000000000379e5d0 method=com.sun.jna.Native.getNativeSize(Ljava/lang/Class;)I @ 23
Event: 27.712 Thread 0x000000001a6db000 Uncommon trap: reason=null_check action=make_not_entrant pc=0x000000000381d35c method=com.sun.jna.Structure.readField(Lcom/sun/jna/Structure$StructField;)Ljava/lang/Object; @ 51
Event: 28.363 Thread 0x00000000270d3000 Uncommon trap: reason=null_check action=make_not_entrant pc=0x0000000003821690 method=com.sun.jna.Structure.readField(Lcom/sun/jna/Structure$StructField;)Ljava/lang/Object; @ 79
Event: 28.815 Thread 0x000000001a6db000 Uncommon trap: reason=null_check action=make_not_entrant pc=0x00000000038282d4 method=com.sun.jna.Pointer.getValue(JLjava/lang/Class;Ljava/lang/Object;)Ljava/lang/Object; @ 25
Event: 29.016 Thread 0x000000001a6db000 Uncommon trap: reason=null_check action=make_not_entrant pc=0x000000000383e41c method=com.sun.jna.Structure.readField(Lcom/sun/jna/Structure$StructField;)Ljava/lang/Object; @ 113
Event: 29.718 Thread 0x000000001a6db000 Uncommon trap: reason=null_check action=make_not_entrant pc=0x0000000003847578 method=com.sun.jna.Structure.readField(Lcom/sun/jna/Structure$StructField;)Ljava/lang/Object; @ 141
Event: 30.407 Thread 0x00000000270f8000 Uncommon trap: reason=null_check action=make_not_entrant pc=0x0000000003848b00 method=com.sun.jna.Structure.readField(Lcom/sun/jna/Structure$StructField;)Ljava/lang/Object; @ 169

Internal exceptions (10 events):
Event: 0.429 Thread 0x00000000031e2800 Exception <a 'java/lang/UnsatisfiedLinkError': The specified procedure could not be found.
> (0x00000000d64582e0) thrown at [C:\re\workspace\8-2-build-windows-amd64-cygwin\jdk8u101\7261\hotspot\src\share\vm\prims\jni.cpp, line 735]
Event: 0.469 Thread 0x00000000031e2800 Exception <a 'java/io/FileNotFoundException'> (0x00000000d646c9f0) thrown at [C:\re\workspace\8-2-build-windows-amd64-cygwin\jdk8u101\7261\hotspot\src\share\vm\prims\jni.cpp, line 709]
Event: 0.509 Thread 0x00000000031e2800 Exception <a 'java/lang/NoSuchFieldError': method resolution failed> (0x00000000d65392e0) thrown at [C:\re\workspace\8-2-build-windows-amd64-cygwin\jdk8u101\7261\hotspot\src\share\vm\prims\methodHandles.cpp, line 1146]
Event: 0.514 Thread 0x00000000031e2800 Exception <a 'java/lang/NoSuchFieldError': method resolution failed> (0x00000000d6546718) thrown at [C:\re\workspace\8-2-build-windows-amd64-cygwin\jdk8u101\7261\hotspot\src\share\vm\prims\methodHandles.cpp, line 1146]
Event: 0.581 Thread 0x000000001a554800 Exception <a 'java/io/FileNotFoundException'> (0x00000000d6786010) thrown at [C:\re\workspace\8-2-build-windows-amd64-cygwin\jdk8u101\7261\hotspot\src\share\vm\prims\jni.cpp, line 709]
Event: 0.612 Thread 0x000000001a554800 Implicit null exception at 0x000000000350d855 to 0x000000000350da3d
Event: 0.631 Thread 0x000000001a554800 Exception <a 'java/lang/UnsatisfiedLinkError': The specified module could not be found.
> (0x00000000d6928fb0) thrown at [C:\re\workspace\8-2-build-windows-amd64-cygwin\jdk8u101\7261\hotspot\src\share\vm\prims\jni.cpp, line 735]
Event: 0.632 Thread 0x000000001a554800 Exception <a 'java/lang/UnsatisfiedLinkError': The specified module could not be found.
> (0x00000000d69292f0) thrown at [C:\re\workspace\8-2-build-windows-amd64-cygwin\jdk8u101\7261\hotspot\src\share\vm\prims\jni.cpp, line 735]
Event: 0.633 Thread 0x000000001a554800 Exception <a 'java/lang/UnsatisfiedLinkError': The specified module could not be found.
> (0x00000000d69296b8) thrown at [C:\re\workspace\8-2-build-windows-amd64-cygwin\jdk8u101\7261\hotspot\src\share\vm\prims\jni.cpp, line 735]
Event: 0.633 Thread 0x000000001a554800 Exception <a 'java/lang/UnsatisfiedLinkError'> (0x00000000d692dab0) thrown at [C:\re\workspace\8-2-build-windows-amd64-cygwin\jdk8u101\7261\hotspot\src\share\vm\oops\instanceKlass.cpp, line 964]

Events (10 events):
Event: 54.668 Thread 0x0000000019a12800 Thread exited: 0x0000000019a12800
Event: 54.668 Thread 0x0000000019a12800 Thread added: 0x0000000019a12800
Event: 54.668 loading class uk/co/caprica/vlcj/player/events/MediaPlayerPausedEvent
Event: 54.669 loading class uk/co/caprica/vlcj/player/events/MediaPlayerPausedEvent done
Event: 54.669 Thread 0x0000000019a12800 Thread exited: 0x0000000019a12800
Event: 60.552 Thread 0x0000000019a12800 Thread added: 0x0000000019a12800
Event: 60.552 Thread 0x000000001a657800 Thread exited: 0x000000001a657800
Event: 60.552 Thread 0x0000000019a13000 Thread added: 0x0000000019a13000
Event: 60.553 Thread 0x0000000019a13000 Thread exited: 0x0000000019a13000
Event: 60.571 Thread 0x000000001a551800 Thread exited: 0x000000001a551800


Dynamic libraries:
0x00007ff759740000 - 0x00007ff759777000 	C:\Program Files\Java\jdk1.8.0_101\bin\java.exe
0x00007ffbc3f20000 - 0x00007ffbc40fb000 	C:\WINDOWS\SYSTEM32\ntdll.dll
0x00007ffbc39b0000 - 0x00007ffbc3a5e000 	C:\WINDOWS\System32\KERNEL32.DLL
0x00007ffbc0b40000 - 0x00007ffbc0d89000 	C:\WINDOWS\System32\KERNELBASE.dll
0x00007ffbc1900000 - 0x00007ffbc19a1000 	C:\WINDOWS\System32\ADVAPI32.dll
0x00007ffbc1480000 - 0x00007ffbc151d000 	C:\WINDOWS\System32\msvcrt.dll
0x00007ffbc2e40000 - 0x00007ffbc2e99000 	C:\WINDOWS\System32\sechost.dll
0x00007ffbc3720000 - 0x00007ffbc3845000 	C:\WINDOWS\System32\RPCRT4.dll
0x00007ffbc1520000 - 0x00007ffbc166a000 	C:\WINDOWS\System32\USER32.dll
0x00007ffbc13c0000 - 0x00007ffbc13de000 	C:\WINDOWS\System32\win32u.dll
0x00007ffbc3210000 - 0x00007ffbc3237000 	C:\WINDOWS\System32\GDI32.dll
0x00007ffbc0d90000 - 0x00007ffbc0f18000 	C:\WINDOWS\System32\gdi32full.dll
0x00007ffbc13e0000 - 0x00007ffbc147a000 	C:\WINDOWS\System32\msvcp_win.dll
0x00007ffbc0f20000 - 0x00007ffbc1016000 	C:\WINDOWS\System32\ucrtbase.dll
0x00007ffbbce70000 - 0x00007ffbbd0d7000 	C:\WINDOWS\WinSxS\amd64_microsoft.windows.common-controls_6595b64144ccf1df_6.0.15063.483_none_26002d27e7c744a2\COMCTL32.dll
0x00007ffbc32b0000 - 0x00007ffbc35a9000 	C:\WINDOWS\System32\combase.dll
0x00007ffbc1350000 - 0x00007ffbc13ba000 	C:\WINDOWS\System32\bcryptPrimitives.dll
0x00007ffbc2e10000 - 0x00007ffbc2e3d000 	C:\WINDOWS\System32\IMM32.DLL
0x0000000077050000 - 0x0000000077122000 	C:\Program Files\Java\jdk1.8.0_101\jre\bin\msvcr100.dll
0x0000000073ab0000 - 0x000000007434a000 	C:\Program Files\Java\jdk1.8.0_101\jre\bin\server\jvm.dll
0x00007ffbc2df0000 - 0x00007ffbc2df8000 	C:\WINDOWS\System32\PSAPI.DLL
0x00007ffbb24a0000 - 0x00007ffbb24c3000 	C:\WINDOWS\SYSTEM32\WINMM.dll
0x00007ffbb6f10000 - 0x00007ffbb6f19000 	C:\WINDOWS\SYSTEM32\WSOCK32.dll
0x00007ffbb80e0000 - 0x00007ffbb80ea000 	C:\WINDOWS\SYSTEM32\VERSION.dll
0x00007ffbc3240000 - 0x00007ffbc32ac000 	C:\WINDOWS\System32\WS2_32.dll
0x00007ffbb2470000 - 0x00007ffbb249b000 	C:\WINDOWS\SYSTEM32\winmmbase.dll
0x00007ffbc1250000 - 0x00007ffbc1299000 	C:\WINDOWS\System32\cfgmgr32.dll
0x0000000077000000 - 0x000000007700f000 	C:\Program Files\Java\jdk1.8.0_101\jre\bin\verify.dll
0x0000000076b90000 - 0x0000000076bb9000 	C:\Program Files\Java\jdk1.8.0_101\jre\bin\java.dll
0x0000000076b70000 - 0x0000000076b86000 	C:\Program Files\Java\jdk1.8.0_101\jre\bin\zip.dll
0x00007ffbc19b0000 - 0x00007ffbc2de7000 	C:\WINDOWS\System32\SHELL32.dll
0x00007ffbc3160000 - 0x00007ffbc320a000 	C:\WINDOWS\System32\shcore.dll
0x00007ffbc0440000 - 0x00007ffbc0b32000 	C:\WINDOWS\System32\windows.storage.dll
0x00007ffbc18a0000 - 0x00007ffbc18f1000 	C:\WINDOWS\System32\shlwapi.dll
0x00007ffbc0400000 - 0x00007ffbc0411000 	C:\WINDOWS\System32\kernel.appcore.dll
0x00007ffbc03b0000 - 0x00007ffbc03fc000 	C:\WINDOWS\System32\powrprof.dll
0x00007ffbc0420000 - 0x00007ffbc0435000 	C:\WINDOWS\System32\profapi.dll
0x00007ffbbfde0000 - 0x00007ffbbfdf7000 	C:\WINDOWS\SYSTEM32\CRYPTSP.dll
0x00007ffbbf860000 - 0x00007ffbbf894000 	C:\WINDOWS\system32\rsaenh.dll
0x00007ffbc02d0000 - 0x00007ffbc02f5000 	C:\WINDOWS\SYSTEM32\bcrypt.dll
0x00007ffbc0260000 - 0x00007ffbc0289000 	C:\WINDOWS\SYSTEM32\USERENV.dll
0x00007ffbbfe00000 - 0x00007ffbbfe0b000 	C:\WINDOWS\SYSTEM32\CRYPTBASE.dll
0x0000000076b50000 - 0x0000000076b6a000 	C:\Program Files\Java\jdk1.8.0_101\jre\bin\net.dll
0x00007ffbbfc40000 - 0x00007ffbbfc9c000 	C:\WINDOWS\system32\mswsock.dll
0x00007ffbbf9e0000 - 0x00007ffbbfa17000 	C:\WINDOWS\SYSTEM32\IPHLPAPI.DLL
0x00007ffbc2e00000 - 0x00007ffbc2e08000 	C:\WINDOWS\System32\NSI.dll
0x00007ffbb61a0000 - 0x00007ffbb61b6000 	C:\WINDOWS\SYSTEM32\dhcpcsvc6.DLL
0x00007ffbb6120000 - 0x00007ffbb613a000 	C:\WINDOWS\SYSTEM32\dhcpcsvc.DLL
0x0000000076b30000 - 0x0000000076b41000 	C:\Program Files\Java\jdk1.8.0_101\jre\bin\nio.dll
0x00007ffbaeea0000 - 0x00007ffbaeed7000 	C:\Users\Akshay Solanki\AppData\Local\Temp\jna-Akshay Solanki\jna1036159310794237473.dll
0x0000000075cd0000 - 0x0000000075e68000 	C:\Program Files\Java\jdk1.8.0_101\jre\bin\awt.dll
0x00007ffbc1670000 - 0x00007ffbc1730000 	C:\WINDOWS\System32\OLEAUT32.dll
0x00007ffbbe7e0000 - 0x00007ffbbe85e000 	C:\WINDOWS\SYSTEM32\apphelp.dll
0x00007ffbbecb0000 - 0x00007ffbbed45000 	C:\WINDOWS\system32\uxtheme.dll
0x00007ffbc1730000 - 0x00007ffbc1896000 	C:\WINDOWS\System32\MSCTF.dll
0x00007ffbbd3c0000 - 0x00007ffbbd3ea000 	C:\WINDOWS\system32\dwmapi.dll
0x00007ffbc3850000 - 0x00007ffbc3995000 	C:\WINDOWS\System32\ole32.dll
0x0000000075c70000 - 0x0000000075c9e000 	C:\Program Files\VideoLAN\VLC\libvlc.dll
0x0000000074b20000 - 0x0000000074dcd000 	C:\Program Files\VideoLAN\VLC\libvlccore.dll
0x00000000748d0000 - 0x0000000074972000 	C:\Program Files\VideoLAN\VLC\plugins\access\libdshow_plugin.dll
0x0000000076430000 - 0x0000000076444000 	C:\Program Files\VideoLAN\VLC\plugins\audio_output\libdirectsound_plugin.dll
0x0000000075c50000 - 0x0000000075c63000 	C:\Program Files\VideoLAN\VLC\plugins\audio_output\libwaveout_plugin.dll
0x0000000075c30000 - 0x0000000075c4f000 	C:\Program Files\VideoLAN\VLC\plugins\video_output\libdirect3d_plugin.dll
0x0000000075c10000 - 0x0000000075c2d000 	C:\Program Files\VideoLAN\VLC\plugins\video_output\libdirectdraw_plugin.dll
0x00007ffb8cd40000 - 0x00007ffb8cdcc000 	C:\WINDOWS\SYSTEM32\DSOUND.DLL
0x00007ffbc3040000 - 0x00007ffbc30de000 	C:\WINDOWS\System32\clbcatq.dll
0x00007ffbb5ab0000 - 0x00007ffbb5b17000 	C:\WINDOWS\System32\MMDevApi.dll
0x00007ffbb58a0000 - 0x00007ffbb5a36000 	C:\WINDOWS\System32\PROPSYS.dll
0x00007ffbbed50000 - 0x00007ffbbed78000 	C:\WINDOWS\System32\DEVOBJ.dll
0x0000000076ae0000 - 0x0000000076b27000 	C:\Program Files\Java\jdk1.8.0_101\jre\bin\fontmanager.dll
0x0000000076850000 - 0x0000000076892000 	C:\Program Files\Java\jdk1.8.0_101\jre\bin\t2k.dll
0x0000000075bf0000 - 0x0000000075bf7000 	C:\Program Files\Java\jdk1.8.0_101\jre\bin\jawt.dll
0x0000000074b00000 - 0x0000000074b16000 	C:\Program Files\VideoLAN\VLC\plugins\stream_out\libstream_out_duplicate_plugin.dll
0x0000000074860000 - 0x0000000074870000 	C:\Program Files\VideoLAN\VLC\plugins\stream_out\libstream_out_display_plugin.dll
0x00000000737a0000 - 0x000000007385c000 	C:\Program Files\VideoLAN\VLC\plugins\stream_out\libstream_out_rtp_plugin.dll
0x0000000074830000 - 0x0000000074858000 	C:\Program Files\VideoLAN\VLC\plugins\mux\libmux_ts_plugin.dll
0x00007ffbb6ef0000 - 0x00007ffbb6f06000 	C:\WINDOWS\system32\napinsp.dll
0x00007ffbb6f20000 - 0x00007ffbb6f3a000 	C:\WINDOWS\system32\pnrpnsp.dll
0x00007ffbb63e0000 - 0x00007ffbb63f8000 	C:\WINDOWS\system32\NLAapi.dll
0x00007ffbbfa20000 - 0x00007ffbbfac4000 	C:\WINDOWS\SYSTEM32\DNSAPI.dll
0x00007ffbb7560000 - 0x00007ffbb756e000 	C:\WINDOWS\System32\winrnr.dll
0x0000000077350000 - 0x0000000077376000 	C:\Program Files\Bonjour\mdnsNSP.dll
0x00007ffbb6450000 - 0x00007ffbb6465000 	C:\WINDOWS\System32\wshbth.dll
0x0000000073520000 - 0x000000007379c000 	C:\Program Files\VideoLAN\VLC\plugins\access\liblibbluray_plugin.dll
0x00000000734f0000 - 0x0000000073516000 	C:\Program Files\VideoLAN\VLC\plugins\access\libaccess_bd_plugin.dll
0x00000000734a0000 - 0x00000000734eb000 	C:\Program Files\VideoLAN\VLC\plugins\access\libdvdnav_plugin.dll
0x0000000073480000 - 0x000000007349f000 	C:\Program Files\VideoLAN\VLC\plugins\access\libvdr_plugin.dll
0x0000000073460000 - 0x0000000073478000 	C:\Program Files\VideoLAN\VLC\plugins\access\libfilesystem_plugin.dll
0x0000000073440000 - 0x000000007345b000 	C:\Program Files\VideoLAN\VLC\plugins\stream_filter\libsmooth_plugin.dll
0x0000000073390000 - 0x000000007343f000 	C:\Program Files\VideoLAN\VLC\plugins\stream_filter\libhttplive_plugin.dll
0x00000000732b0000 - 0x0000000073384000 	C:\Program Files\VideoLAN\VLC\plugins\stream_filter\libdash_plugin.dll
0x0000000073280000 - 0x00000000732ab000 	C:\Program Files\VideoLAN\VLC\plugins\access\libzip_plugin.dll
0x0000000073260000 - 0x0000000073276000 	C:\Program Files\VideoLAN\VLC\plugins\access\librar_plugin.dll
0x0000000073250000 - 0x000000007325f000 	C:\Program Files\VideoLAN\VLC\plugins\stream_filter\librecord_plugin.dll
0x0000000073200000 - 0x0000000073242000 	C:\Program Files\VideoLAN\VLC\plugins\demux\libmp4_plugin.dll
0x00000000731a0000 - 0x00000000731fa000 	C:\Program Files\VideoLAN\VLC\plugins\codec\libtheora_plugin.dll
0x0000000073190000 - 0x00000000731a0000 	C:\Program Files\VideoLAN\VLC\plugins\codec\librawvideo_plugin.dll
0x0000000073150000 - 0x0000000073189000 	C:\Program Files\VideoLAN\VLC\plugins\codec\libspeex_plugin.dll
0x0000000073070000 - 0x0000000073145000 	C:\Program Files\VideoLAN\VLC\plugins\codec\libvorbis_plugin.dll
0x0000000073060000 - 0x0000000073070000 	C:\Program Files\VideoLAN\VLC\plugins\codec\libaes3_plugin.dll
0x0000000073040000 - 0x0000000073051000 	C:\Program Files\VideoLAN\VLC\plugins\codec\liblpcm_plugin.dll
0x0000000073020000 - 0x0000000073040000 	C:\Program Files\VideoLAN\VLC\plugins\packetizer\libpacketizer_h264_plugin.dll
0x0000000073000000 - 0x0000000073011000 	C:\Program Files\VideoLAN\VLC\plugins\packetizer\libpacketizer_flac_plugin.dll
0x0000000072fe0000 - 0x0000000072ff4000 	C:\Program Files\VideoLAN\VLC\plugins\packetizer\libpacketizer_dirac_plugin.dll
0x0000000072fc0000 - 0x0000000072fd1000 	C:\Program Files\VideoLAN\VLC\plugins\packetizer\libpacketizer_mlp_plugin.dll
0x0000000072fa0000 - 0x0000000072fbe000 	C:\Program Files\VideoLAN\VLC\plugins\packetizer\libpacketizer_mpeg4audio_plugin.dll
0x0000000073860000 - 0x00000000739f9000 	C:\Program Files\VideoLAN\VLC\plugins\meta_engine\libtaglib_plugin.dll
0x0000000074870000 - 0x00000000748cc000 	C:\Program Files\VideoLAN\VLC\plugins\lua\liblua_plugin.dll
0x0000000072f40000 - 0x0000000072f99000 	C:\Program Files\VideoLAN\VLC\plugins\codec\libjpeg_plugin.dll
0x0000000072f20000 - 0x0000000072f31000 	C:\Program Files\VideoLAN\VLC\plugins\codec\libcdg_plugin.dll
0x0000000072ec0000 - 0x0000000072f1c000 	C:\Program Files\VideoLAN\VLC\plugins\codec\libpng_plugin.dll
0x0000000072d40000 - 0x0000000072ebb000 	C:\Program Files\VideoLAN\VLC\plugins\codec\libschroedinger_plugin.dll
0x0000000072d20000 - 0x0000000072d31000 	C:\Program Files\VideoLAN\VLC\plugins\codec\libdts_plugin.dll
0x0000000072d00000 - 0x0000000072d15000 	C:\Program Files\VideoLAN\VLC\plugins\codec\libaraw_plugin.dll
0x0000000072ce0000 - 0x0000000072cf7000 	C:\Program Files\VideoLAN\VLC\plugins\codec\libsubstx3g_plugin.dll
0x0000000072c60000 - 0x0000000072cd4000 	C:\Program Files\VideoLAN\VLC\plugins\codec\libflac_plugin.dll
0x0000000072c40000 - 0x0000000072c53000 	C:\Program Files\VideoLAN\VLC\plugins\codec\libg711_plugin.dll
0x0000000072950000 - 0x0000000072c39000 	C:\Program Files\VideoLAN\VLC\plugins\codec\liblibass_plugin.dll
0x00000000728e0000 - 0x000000007294f000 	C:\Program Files\VideoLAN\VLC\plugins\codec\libfaad_plugin.dll
0x00000000728c0000 - 0x00000000728d1000 	C:\Program Files\VideoLAN\VLC\plugins\codec\liba52_plugin.dll
0x00000000728b0000 - 0x00000000728c0000 	C:\Program Files\VideoLAN\VLC\plugins\codec\libmpeg_audio_plugin.dll
0x0000000072830000 - 0x00000000728a7000 	C:\Program Files\VideoLAN\VLC\plugins\codec\libopus_plugin.dll
0x0000000072800000 - 0x0000000072829000 	C:\Program Files\VideoLAN\VLC\plugins\codec\libdvbsub_plugin.dll
0x00000000727e0000 - 0x00000000727f1000 	C:\Program Files\VideoLAN\VLC\plugins\codec\libspudec_plugin.dll
0x0000000071200000 - 0x00000000727d9000 	C:\Program Files\VideoLAN\VLC\plugins\codec\libavcodec_plugin.dll
0x0000000071110000 - 0x00000000711f8000 	C:\Program Files\VideoLAN\VLC\plugins\text_renderer\libfreetype_plugin.dll
0x00007ffbb2ff0000 - 0x00007ffbb30f5000 	C:\WINDOWS\SYSTEM32\AUDIOSES.DLL
0x00007ffbbca30000 - 0x00007ffbbcb69000 	C:\WINDOWS\SYSTEM32\wintypes.dll

VM Arguments:
jvm_args: -Dfile.encoding=UTF-8 
java_command: rtspstreamserver.RtspStreamServer
java_class_path (initial): C:\Users\Akshay Solanki\Documents\NetBeansProjects\RtspStreamServer\jars\jna-3.5.2.jar;C:\Users\Akshay Solanki\Documents\NetBeansProjects\RtspStreamServer\jars\log4j-1.2.17.jar;C:\Users\Akshay Solanki\Documents\NetBeansProjects\RtspStreamServer\jars\logback.jar;C:\Users\Akshay Solanki\Documents\NetBeansProjects\RtspStreamServer\jars\platform-3.5.2.jar;C:\Users\Akshay Solanki\Documents\NetBeansProjects\RtspStreamServer\jars\slf4j-api-1.7.10.jar;C:\Users\Akshay Solanki\Documents\NetBeansProjects\RtspStreamServer\jars\slf4j-log4j12-1.7.25.jar;C:\Users\Akshay Solanki\Documents\NetBeansProjects\RtspStreamServer\jars\vlcj-3.8.0-javadoc.jar;C:\Users\Akshay Solanki\Documents\NetBeansProjects\RtspStreamServer\jars\vlcj-3.8.0-sources.jar;C:\Users\Akshay Solanki\Documents\NetBeansProjects\RtspStreamServer\jars\vlcj-3.8.0-test-sources.jar;C:\Users\Akshay Solanki\Documents\NetBeansProjects\RtspStreamServer\jars\vlcj-3.8.0-tests.jar;C:\Users\Akshay Solanki\Documents\NetBeansProjects\RtspStreamServer\jars\vlcj-3.8.0.jar;C:\Users\Akshay Solanki\Documents\NetBeansProjects\RtspStreamServer\build\classes
Launcher Type: SUN_STANDARD

Environment Variables:
JAVA_HOME=C:\Program Files\Java\jdk1.8.0_102
CLASSPATH=C:\Program Files\JMF-2.1.1e\lib\jmf.jar
PATH=C:\Program Files\nodejs;C:\Program Files (x86)\Kubernetes\Minikube;C:\Users\Akshay Solanki\Downloads\Programs;C:\Users\Akshay Solanki\Downloads\Compressed\ngrok-stable-windows-amd64_2;C:\Program Files (x86)\CMake 2.8\bin;C:\OpenCV2.2\bin;C:\opencv\sources\3rdparty\ffmpeg\;C:\Program Files\Git\cmd;C:\Android\sdk\tools;C:\Android\sdk\tools\bin;C:\Android\sdk\platform-tools;C:\Windows\System32;C:\Program Files (x86)\Microsoft SQL Server\100\Tools\Binn\;C:\Program Files\Microsoft SQL Server\100\Tools\Binn\;C:\Program Files\Microsoft SQL Server\100\DTS\Binn\;D:\gstreamer\1.0\x86_64\bin;C:\MinGW\bin;C:\Users\Akshay Solanki\Downloads\Compressed\apache-maven-3.5.0-bin\apache-maven-3.5.0\bin;C:\Program Files\MATLAB\R2010b\runtime\win64;C:\Program Files\MATLAB\R2010b\bin;C:\opencv\build\java;C:\Program Files (x86)\AMD APP SDK\3.0\bin\x86_64;C:\Program Files (x86)\AMD APP SDK\3.0\bin\x86;C:\opencv\build\java\x64;C:\Program Files\JMF-2.1.1e\lib;C:\WINDOWS\system32;C:\WINDOWS;C:\WINDOWS\System32\Wbem;C:\WINDOWS\System32\WindowsPowerShell\v1.0\;F:\downloads\Compressed\apache-maven-3.5.0-bin\apache-maven-3.5.0\bin;C:\Program Files\VideoLAN\VLC;C:\Program Files\Java\jdk1.8.0_102\bin;C:\Users\Akshay Solanki\AppData\Roaming\npm;C:\Users\Akshay Solanki\AppData\Local\atom\bin;C:\Program Files (x86)\Microsoft VS Code\bin;C:\Python27;%OPENCV_BUILD%\x86\vc10\bin;C:\Users\Akshay Solanki\Downloads\Compressed\curl-7.54.0-win64-mingw\curl-7.54.0-win64-mingw\bin;C:\OpenCV2.2\bin;C:\Users\Akshay Solanki\AppData\Local\Microsoft\WindowsApps;
USERNAME=Akshay Solanki
OS=Windows_NT
PROCESSOR_IDENTIFIER=Intel64 Family 6 Model 78 Stepping 3, GenuineIntel



---------------  S Y S T E M  ---------------

OS: Windows 10.0 , 64 bit Build 15063 (10.0.15063.296)

CPU:total 4 (2 cores per cpu, 2 threads per core) family 6 model 78 stepping 3, cmov, cx8, fxsr, mmx, sse, sse2, sse3, ssse3, sse4.1, sse4.2, popcnt, avx, avx2, aes, clmul, erms, 3dnowpref, lzcnt, ht, tsc, tscinvbit, bmi1, bmi2, adx

Memory: 4k page, physical 8268040k(1078568k free), swap 22552948k(3583392k free)

vm_info: Java HotSpot(TM) 64-Bit Server VM (25.101-b13) for windows-amd64 JRE (1.8.0_101-b13), built on Jun 22 2016 01:21:29 by "java_re" with MS VC++ 10.0 (VS2010)

time: Sun Jul 23 02:46:26 2017
elapsed time: 60 seconds (0d 0h 1m 0s)

