#
# A fatal error has been detected by the Java Runtime Environment:
#
#  EXCEPTION_ACCESS_VIOLATION (0xc0000005) at pc=0x00007ffbc3f5bbdf, pid=2816, tid=0x0000000000001b48
#
# JRE version: Java(TM) SE Runtime Environment (8.0_121-b13) (build 1.8.0_121-b13)
# Java VM: Java HotSpot(TM) 64-Bit Server VM (25.121-b13 mixed mode windows-amd64 compressed oops)
# Problematic frame:
# C  [ntdll.dll+0x3bbdf]
#
# Failed to write core dump. Minidumps are not enabled by default on client versions of Windows
#
# If you would like to submit a bug report, please visit:
#   http://bugreport.java.com/bugreport/crash.jsp
# The crash happened outside the Java Virtual Machine in native code.
# See problematic frame for where to report the bug.
#

---------------  T H R E A D  ---------------

Current thread (0x000000001a794800):  JavaThread "pool-1-thread-1" [_thread_in_native, id=6984, stack(0x000000001cbb0000,0x000000001ccb0000)]

siginfo: ExceptionCode=0xc0000005, writing address 0x0000000000000024

Registers:
RAX=0x0000000000000000, RBX=0x000000001c4f5a48, RCX=0x000000001c4f5a48, RDX=0xffffffffffffffff
RSP=0x000000001ccaded0, RBP=0x000000001ccadf40, RSI=0x0000000000000000, RDI=0x0000000000000000
R8 =0x0000000000000000, R9 =0x00007ffbaee505fa, R10=0x0000000000000046, R11=0x000000001ccae020
R12=0x0000000000000000, R13=0x00000000da572a58, R14=0x0000000000000001, R15=0x0000000000000000
RIP=0x00007ffbc3f5bbdf, EFLAGS=0x0000000000010213

Top of Stack: (sp=0x000000001ccaded0)
0x000000001ccaded0:   ffffffffffffffff 000000001c4f5a48
0x000000001ccadee0:   00000000037cc850 000000001ccade98
0x000000001ccadef0:   000000001ccaded9 0000000800000001
0x000000001ccadf00:   000000001a794800 0000000001129000
0x000000001ccadf10:   000003fb3ca1a666 00007ffbaee4fc42
0x000000001ccadf20:   000000001a794800 000000001a794800
0x000000001ccadf30:   000000001ccae6e8 00000000da573560
0x000000001ccadf40:   000000001a794800 0000000000000001
0x000000001ccadf50:   00000000da572a58 0000000000000000
0x000000001ccadf60:   0000000000000000 000000001c4f5a00
0x000000001ccadf70:   0000000000000001 00007ffbc3f34571
0x000000001ccadf80:   000000001ccadf00 000000001c4f5a48
0x000000001ccadf90:   00000000fffffffa 00007ffbaee4fc42
0x000000001ccadfa0:   000000001ccae758 00007ffbc3f34490
0x000000001ccadfb0:   000000001c4f5a10 000000001ccae050
0x000000001ccadfc0:   000000001c4f5a40 00000000d5f2e710 

Instructions: (pc=0x00007ffbc3f5bbdf)
0x00007ffbc3f5bbbf:   0f 45 fe 48 39 73 18 0f 84 9e 01 00 00 48 83 3b
0x00007ffbc3f5bbcf:   ff 0f 84 a1 01 00 00 48 8b 03 48 83 f8 ff 74 03
0x00007ffbc3f5bbdf:   ff 40 24 48 8b 7b 18 44 8b ee 48 89 7d c0 e8 ee
0x00007ffbc3f5bbef:   57 ff ff 85 c0 0f 85 e2 fe 07 00 b9 82 03 fe 7f 


Register to memory mapping:

RAX=0x0000000000000000 is an unknown value
RBX=0x000000001c4f5a48 is an unknown value
RCX=0x000000001c4f5a48 is an unknown value
RDX=0xffffffffffffffff is an unknown value
RSP=0x000000001ccaded0 is pointing into the stack for thread: 0x000000001a794800
RBP=0x000000001ccadf40 is pointing into the stack for thread: 0x000000001a794800
RSI=0x0000000000000000 is an unknown value
RDI=0x0000000000000000 is an unknown value
R8 =0x0000000000000000 is an unknown value
R9 =0x00007ffbaee505fa is an unknown value
R10=0x0000000000000046 is an unknown value
R11=0x000000001ccae020 is pointing into the stack for thread: 0x000000001a794800
R12=0x0000000000000000 is an unknown value
R13=0x00000000da572a58 is an oop
java.lang.reflect.Method 
 - klass: 'java/lang/reflect/Method'
R14=0x0000000000000001 is an unknown value
R15=0x0000000000000000 is an unknown value


Stack: [0x000000001cbb0000,0x000000001ccb0000],  sp=0x000000001ccaded0,  free space=1015k
Native frames: (J=compiled Java code, j=interpreted, Vv=VM code, C=native code)
C  [ntdll.dll+0x3bbdf]
C  [ntdll.dll+0x14571]
C  [ntdll.dll+0x14490]
C  [libvlc.dll+0xde65]
C  [jna7877590124841416736.dll+0x176f3]
C  [jna7877590124841416736.dll+0xffe7]
C  [jna7877590124841416736.dll+0x3d1a]
C  [jna7877590124841416736.dll+0x4e37]
C  0x00000000036dd523

Java frames: (J=compiled Java code, j=interpreted, Vv=VM code)
J 1092  com.sun.jna.Native.invokeInt(JI[Ljava/lang/Object;)I (0 bytes) @ 0x00000000036dd49d [0x00000000036dd440+0x5d]
J 1062 C1 com.sun.jna.Function.invoke([Ljava/lang/Object;Ljava/lang/Class;Z)Ljava/lang/Object; (1149 bytes) @ 0x00000000036bc8ec [0x00000000036b57c0+0x712c]
J 1132 C1 com.sun.jna.Function.invoke(Ljava/lang/Class;[Ljava/lang/Object;Ljava/util/Map;)Ljava/lang/Object; (526 bytes) @ 0x00000000036f7474 [0x00000000036f6000+0x1474]
J 1061 C1 com.sun.jna.Library$Handler.invoke(Ljava/lang/Object;Ljava/lang/reflect/Method;[Ljava/lang/Object;)Ljava/lang/Object; (345 bytes) @ 0x00000000036b264c [0x00000000036b06c0+0x1f8c]
J 1158 C1 com.sun.proxy.$Proxy1.libvlc_media_player_is_playing(Luk/co/caprica/vlcj/binding/internal/libvlc_media_player_t;)I (39 bytes) @ 0x000000000371780c [0x0000000003717540+0x2cc]
J 1157 C1 uk.co.caprica.vlcj.player.DefaultMediaPlayer.isPlaying()Z (34 bytes) @ 0x00000000037181ec [0x0000000003718060+0x18c]
j  rtspstreamserver.RtspStreamServer$5.run()V+7
j  java.util.concurrent.Executors$RunnableAdapter.call()Ljava/lang/Object;+4
j  java.util.concurrent.FutureTask.run()V+42
j  java.util.concurrent.ThreadPoolExecutor.runWorker(Ljava/util/concurrent/ThreadPoolExecutor$Worker;)V+95
j  java.util.concurrent.ThreadPoolExecutor$Worker.run()V+5
j  java.lang.Thread.run()V+11
v  ~StubRoutines::call_stub

---------------  P R O C E S S  ---------------

Java Threads: ( => current thread )
  0x000000001a809000 JavaThread "Thread-110" [_thread_in_native, id=17632, stack(0x0000000027e90000,0x0000000027f90000)]
=>0x000000001a794800 JavaThread "pool-1-thread-1" [_thread_in_native, id=6984, stack(0x000000001cbb0000,0x000000001ccb0000)]
  0x000000001a5f4000 JavaThread "Thread-1" [_thread_in_native, id=16544, stack(0x000000001b9c0000,0x000000001bac0000)]
  0x0000000002fde000 JavaThread "DestroyJavaVM" [_thread_blocked, id=9524, stack(0x0000000003100000,0x0000000003200000)]
  0x000000001a5eb000 JavaThread "AWT-EventQueue-0" [_thread_blocked, id=12944, stack(0x000000001b8c0000,0x000000001b9c0000)]
  0x000000001a5ad800 JavaThread "AWT-Shutdown" [_thread_blocked, id=3324, stack(0x000000001acc0000,0x000000001adc0000)]
  0x0000000019c9e000 JavaThread "Java2D Disposer" daemon [_thread_blocked, id=12244, stack(0x000000001a330000,0x000000001a430000)]
  0x00000000198c8800 JavaThread "Service Thread" daemon [_thread_blocked, id=20060, stack(0x0000000019ca0000,0x0000000019da0000)]
  0x0000000017e6a000 JavaThread "C1 CompilerThread2" daemon [_thread_blocked, id=17172, stack(0x00000000197a0000,0x00000000198a0000)]
  0x0000000017e64000 JavaThread "C2 CompilerThread1" daemon [_thread_blocked, id=13076, stack(0x00000000196a0000,0x00000000197a0000)]
  0x0000000017e62000 JavaThread "C2 CompilerThread0" daemon [_thread_blocked, id=11320, stack(0x00000000195a0000,0x00000000196a0000)]
  0x0000000017e60800 JavaThread "Attach Listener" daemon [_thread_blocked, id=16572, stack(0x00000000194a0000,0x00000000195a0000)]
  0x0000000017e5d000 JavaThread "Signal Dispatcher" daemon [_thread_blocked, id=13520, stack(0x00000000193a0000,0x00000000194a0000)]
  0x0000000017e4a800 JavaThread "Finalizer" daemon [_thread_blocked, id=18640, stack(0x00000000190b0000,0x00000000191b0000)]
  0x00000000032f2800 JavaThread "Reference Handler" daemon [_thread_blocked, id=18536, stack(0x0000000018fb0000,0x00000000190b0000)]

Other Threads:
  0x0000000017e27800 VMThread [stack: 0x0000000018eb0000,0x0000000018fb0000] [id=18744]
  0x00000000198df800 WatcherThread [stack: 0x0000000019da0000,0x0000000019ea0000] [id=16332]

VM state:not at safepoint (normal execution)

VM Mutex/Monitor currently owned by a thread: None

Heap:
 PSYoungGen      total 38400K, used 17888K [0x00000000d5f00000, 0x00000000daa00000, 0x0000000100000000)
  eden space 33280K, 38% used [0x00000000d5f00000,0x00000000d6b7b790,0x00000000d7f80000)
  from space 5120K, 99% used [0x00000000da500000,0x00000000da9fca10,0x00000000daa00000)
  to   space 5120K, 0% used [0x00000000d7f80000,0x00000000d7f80000,0x00000000d8480000)
 ParOldGen       total 87552K, used 736K [0x0000000081c00000, 0x0000000087180000, 0x00000000d5f00000)
  object space 87552K, 0% used [0x0000000081c00000,0x0000000081cb8000,0x0000000087180000)
 Metaspace       used 12465K, capacity 12744K, committed 12928K, reserved 1060864K
  class space    used 1507K, capacity 1611K, committed 1664K, reserved 1048576K

Card table byte_map: [0x00000000126c0000,0x0000000012ac0000] byte_map_base: 0x00000000122b2000

Marking Bits: (ParMarkBitMap*) 0x0000000073a2b6d0
 Begin Bits: [0x0000000013170000, 0x0000000015100000)
 End Bits:   [0x0000000015100000, 0x0000000017090000)

Polling page: 0x0000000002f80000

CodeCache: size=245760Kb used=4898Kb max_used=4903Kb free=240862Kb
 bounds [0x0000000003300000, 0x00000000037d0000, 0x0000000012300000]
 total_blobs=1886 nmethods=1387 adapters=411
 compilation: enabled

Compilation events (10 events):
Event: 32.296 Thread 0x0000000017e6a000 1383   !   3       javax.swing.JComponent::fetchRectangle (58 bytes)
Event: 32.297 Thread 0x0000000017e6a000 nmethod 1383 0x00000000037bdb50 code [0x00000000037bdd00, 0x00000000037be498]
Event: 32.639 Thread 0x0000000017e6a000 1384       3       java.lang.System::getProperty (25 bytes)
Event: 32.640 Thread 0x0000000017e6a000 nmethod 1384 0x00000000037cbd90 code [0x00000000037cbf60, 0x00000000037cc5c8]
Event: 32.640 Thread 0x0000000017e6a000 1385       3       java.lang.Character::isHighSurrogate (18 bytes)
Event: 32.640 Thread 0x0000000017e6a000 nmethod 1385 0x00000000037c3a90 code [0x00000000037c3be0, 0x00000000037c3db0]
Event: 32.641 Thread 0x0000000017e6a000 1386       1       org.slf4j.helpers.FormattingTuple::getMessage (5 bytes)
Event: 32.641 Thread 0x0000000017e6a000 nmethod 1386 0x00000000037b6f10 code [0x00000000037b7060, 0x00000000037b7170]
Event: 32.641 Thread 0x0000000017e6a000 1387       1       org.slf4j.helpers.FormattingTuple::getThrowable (5 bytes)
Event: 32.642 Thread 0x0000000017e6a000 nmethod 1387 0x00000000037c37d0 code [0x00000000037c3920, 0x00000000037c3a30]

GC Heap History (4 events):
Event: 1.933 GC heap before
{Heap before GC invocations=1 (full 0):
 PSYoungGen      total 38400K, used 33280K [0x00000000d5f00000, 0x00000000d8980000, 0x0000000100000000)
  eden space 33280K, 100% used [0x00000000d5f00000,0x00000000d7f80000,0x00000000d7f80000)
  from space 5120K, 0% used [0x00000000d8480000,0x00000000d8480000,0x00000000d8980000)
  to   space 5120K, 0% used [0x00000000d7f80000,0x00000000d7f80000,0x00000000d8480000)
 ParOldGen       total 87552K, used 0K [0x0000000081c00000, 0x0000000087180000, 0x00000000d5f00000)
  object space 87552K, 0% used [0x0000000081c00000,0x0000000081c00000,0x0000000087180000)
 Metaspace       used 11865K, capacity 12182K, committed 12416K, reserved 1060864K
  class space    used 1477K, capacity 1578K, committed 1664K, reserved 1048576K
Event: 1.973 GC heap after
Heap after GC invocations=1 (full 0):
 PSYoungGen      total 38400K, used 4731K [0x00000000d5f00000, 0x00000000daa00000, 0x0000000100000000)
  eden space 33280K, 0% used [0x00000000d5f00000,0x00000000d5f00000,0x00000000d7f80000)
  from space 5120K, 92% used [0x00000000d7f80000,0x00000000d841ecd0,0x00000000d8480000)
  to   space 5120K, 0% used [0x00000000da500000,0x00000000da500000,0x00000000daa00000)
 ParOldGen       total 87552K, used 8K [0x0000000081c00000, 0x0000000087180000, 0x00000000d5f00000)
  object space 87552K, 0% used [0x0000000081c00000,0x0000000081c02000,0x0000000087180000)
 Metaspace       used 11865K, capacity 12182K, committed 12416K, reserved 1060864K
  class space    used 1477K, capacity 1578K, committed 1664K, reserved 1048576K
}
Event: 22.029 GC heap before
{Heap before GC invocations=2 (full 0):
 PSYoungGen      total 38400K, used 38011K [0x00000000d5f00000, 0x00000000daa00000, 0x0000000100000000)
  eden space 33280K, 100% used [0x00000000d5f00000,0x00000000d7f80000,0x00000000d7f80000)
  from space 5120K, 92% used [0x00000000d7f80000,0x00000000d841ecd0,0x00000000d8480000)
  to   space 5120K, 0% used [0x00000000da500000,0x00000000da500000,0x00000000daa00000)
 ParOldGen       total 87552K, used 8K [0x0000000081c00000, 0x0000000087180000, 0x00000000d5f00000)
  object space 87552K, 0% used [0x0000000081c00000,0x0000000081c02000,0x0000000087180000)
 Metaspace       used 12364K, capacity 12616K, committed 12672K, reserved 1060864K
  class space    used 1506K, capacity 1611K, committed 1664K, reserved 1048576K
Event: 22.057 GC heap after
Heap after GC invocations=2 (full 0):
 PSYoungGen      total 38400K, used 5106K [0x00000000d5f00000, 0x00000000daa00000, 0x0000000100000000)
  eden space 33280K, 0% used [0x00000000d5f00000,0x00000000d5f00000,0x00000000d7f80000)
  from space 5120K, 99% used [0x00000000da500000,0x00000000da9fca10,0x00000000daa00000)
  to   space 5120K, 0% used [0x00000000d7f80000,0x00000000d7f80000,0x00000000d8480000)
 ParOldGen       total 87552K, used 736K [0x0000000081c00000, 0x0000000087180000, 0x00000000d5f00000)
  object space 87552K, 0% used [0x0000000081c00000,0x0000000081cb8000,0x0000000087180000)
 Metaspace       used 12364K, capacity 12616K, committed 12672K, reserved 1060864K
  class space    used 1506K, capacity 1611K, committed 1664K, reserved 1048576K
}

Deoptimization events (10 events):
Event: 0.892 Thread 0x0000000002fde000 Uncommon trap: reason=unstable_if action=reinterpret pc=0x0000000003455190 method=java.lang.String.startsWith(Ljava/lang/String;I)Z @ 25
Event: 1.202 Thread 0x000000001a5eb000 Uncommon trap: reason=unstable_if action=reinterpret pc=0x0000000003491fc4 method=java.util.HashMap.hash(Ljava/lang/Object;)I @ 1
Event: 8.235 Thread 0x000000001a806000 Uncommon trap: reason=null_check action=make_not_entrant pc=0x00000000036ca7ac method=com.sun.jna.Native.getNativeSize(Ljava/lang/Class;Ljava/lang/Object;)I @ 83
Event: 15.131 Thread 0x000000001a807800 Uncommon trap: reason=null_check action=make_not_entrant pc=0x000000000371174c method=com.sun.jna.Native.getNativeSize(Ljava/lang/Class;)I @ 23
Event: 28.414 Thread 0x000000001a809800 Uncommon trap: reason=null_check action=make_not_entrant pc=0x000000000378fe1c method=com.sun.jna.Structure.readField(Lcom/sun/jna/Structure$StructField;)Ljava/lang/Object; @ 51
Event: 29.079 Thread 0x000000001a794800 Uncommon trap: reason=null_check action=make_not_entrant pc=0x0000000003796dd0 method=com.sun.jna.Structure.readField(Lcom/sun/jna/Structure$StructField;)Ljava/lang/Object; @ 79
Event: 29.427 Thread 0x000000001a807800 Uncommon trap: reason=null_check action=make_not_entrant pc=0x000000000379d85c method=com.sun.jna.Pointer.getValue(JLjava/lang/Class;Ljava/lang/Object;)Ljava/lang/Object; @ 25
Event: 29.785 Thread 0x000000001a794800 Uncommon trap: reason=null_check action=make_not_entrant pc=0x00000000037b409c method=com.sun.jna.Structure.readField(Lcom/sun/jna/Structure$StructField;)Ljava/lang/Object; @ 113
Event: 30.456 Thread 0x000000001a80b000 Uncommon trap: reason=null_check action=make_not_entrant pc=0x00000000037bacb8 method=com.sun.jna.Structure.readField(Lcom/sun/jna/Structure$StructField;)Ljava/lang/Object; @ 141
Event: 31.190 Thread 0x000000001a794800 Uncommon trap: reason=null_check action=make_not_entrant pc=0x00000000037c1180 method=com.sun.jna.Structure.readField(Lcom/sun/jna/Structure$StructField;)Ljava/lang/Object; @ 169

Internal exceptions (10 events):
Event: 1.066 Thread 0x0000000002fde000 Exception <a 'java/lang/NoSuchFieldError': method resolution failed> (0x00000000d6548870) thrown at [C:\re\workspace\8-2-build-windows-amd64-cygwin\jdk8u121\8372\hotspot\src\share\vm\prims\methodHandles.cpp, line 1146]
Event: 1.174 Thread 0x000000001a5eb000 Exception <a 'java/io/FileNotFoundException'> (0x00000000d66fdab8) thrown at [C:\re\workspace\8-2-build-windows-amd64-cygwin\jdk8u121\8372\hotspot\src\share\vm\prims\jni.cpp, line 709]
Event: 1.202 Thread 0x000000001a5eb000 Implicit null exception at 0x0000000003491dd5 to 0x0000000003491fb5
Event: 1.222 Thread 0x000000001a5eb000 Exception <a 'java/lang/UnsatisfiedLinkError': The specified module could not be found.
> (0x00000000d6946688) thrown at [C:\re\workspace\8-2-build-windows-amd64-cygwin\jdk8u121\8372\hotspot\src\share\vm\prims\jni.cpp, line 735]
Event: 1.224 Thread 0x000000001a5eb000 Exception <a 'java/lang/UnsatisfiedLinkError': The specified module could not be found.
> (0x00000000d69469c8) thrown at [C:\re\workspace\8-2-build-windows-amd64-cygwin\jdk8u121\8372\hotspot\src\share\vm\prims\jni.cpp, line 735]
Event: 1.225 Thread 0x000000001a5eb000 Exception <a 'java/lang/UnsatisfiedLinkError': The specified module could not be found.
> (0x00000000d6946d90) thrown at [C:\re\workspace\8-2-build-windows-amd64-cygwin\jdk8u121\8372\hotspot\src\share\vm\prims\jni.cpp, line 735]
Event: 1.225 Thread 0x000000001a5eb000 Exception <a 'java/lang/UnsatisfiedLinkError'> (0x00000000d6948588) thrown at [C:\re\workspace\8-2-build-windows-amd64-cygwin\jdk8u121\8372\hotspot\src\share\vm\oops\instanceKlass.cpp, line 964]
Event: 10.997 Thread 0x000000001a809000 Exception <a 'java/io/IOException'> (0x00000000d70816c0) thrown at [C:\re\workspace\8-2-build-windows-amd64-cygwin\jdk8u121\8372\hotspot\src\share\vm\prims\jni.cpp, line 709]
Event: 10.997 Thread 0x000000001a809000 Exception <a 'java/io/IOException'> (0x00000000d7081950) thrown at [C:\re\workspace\8-2-build-windows-amd64-cygwin\jdk8u121\8372\hotspot\src\share\vm\prims\jni.cpp, line 709]
Event: 10.997 Thread 0x000000001a809000 Exception <a 'java/io/IOException'> (0x00000000d7081bb0) thrown at [C:\re\workspace\8-2-build-windows-amd64-cygwin\jdk8u121\8372\hotspot\src\share\vm\prims\jni.cpp, line 709]

Events (10 events):
Event: 32.245 Thread 0x000000001a806800 Thread added: 0x000000001a806800
Event: 32.246 Thread 0x000000001a806800 Thread exited: 0x000000001a806800
Event: 32.500 Thread 0x000000001a806800 Thread added: 0x000000001a806800
Event: 32.500 Thread 0x000000001a806800 Thread exited: 0x000000001a806800
Event: 32.500 Thread 0x000000001a80b000 Thread added: 0x000000001a80b000
Event: 32.501 Thread 0x000000001a80b000 Thread exited: 0x000000001a80b000
Event: 32.691 Thread 0x000000001a809800 Thread added: 0x000000001a809800
Event: 32.691 Thread 0x000000001a80b000 Thread added: 0x000000001a80b000
Event: 32.691 Thread 0x000000001a791800 Thread exited: 0x000000001a791800
Event: 32.691 Thread 0x000000001a809800 Thread exited: 0x000000001a809800


Dynamic libraries:
0x00007ff7a0380000 - 0x00007ff7a03b7000 	C:\Program Files\Java\jre1.8.0_121\bin\javaw.exe
0x00007ffbc3f20000 - 0x00007ffbc40fb000 	C:\WINDOWS\SYSTEM32\ntdll.dll
0x00007ffbc39b0000 - 0x00007ffbc3a5e000 	C:\WINDOWS\System32\KERNEL32.DLL
0x00007ffbc0b40000 - 0x00007ffbc0d89000 	C:\WINDOWS\System32\KERNELBASE.dll
0x00007ffbc1900000 - 0x00007ffbc19a1000 	C:\WINDOWS\System32\ADVAPI32.dll
0x00007ffbc1480000 - 0x00007ffbc151d000 	C:\WINDOWS\System32\msvcrt.dll
0x00007ffbc2e40000 - 0x00007ffbc2e99000 	C:\WINDOWS\System32\sechost.dll
0x00007ffbc3720000 - 0x00007ffbc3845000 	C:\WINDOWS\System32\RPCRT4.dll
0x00007ffbc1520000 - 0x00007ffbc166a000 	C:\WINDOWS\System32\USER32.dll
0x00007ffbc13c0000 - 0x00007ffbc13de000 	C:\WINDOWS\System32\win32u.dll
0x00007ffbc3210000 - 0x00007ffbc3237000 	C:\WINDOWS\System32\GDI32.dll
0x00007ffbc0d90000 - 0x00007ffbc0f18000 	C:\WINDOWS\System32\gdi32full.dll
0x00007ffbc13e0000 - 0x00007ffbc147a000 	C:\WINDOWS\System32\msvcp_win.dll
0x00007ffbc0f20000 - 0x00007ffbc1016000 	C:\WINDOWS\System32\ucrtbase.dll
0x00007ffbbce70000 - 0x00007ffbbd0d7000 	C:\WINDOWS\WinSxS\amd64_microsoft.windows.common-controls_6595b64144ccf1df_6.0.15063.483_none_26002d27e7c744a2\COMCTL32.dll
0x00007ffbc32b0000 - 0x00007ffbc35a9000 	C:\WINDOWS\System32\combase.dll
0x00007ffbc1350000 - 0x00007ffbc13ba000 	C:\WINDOWS\System32\bcryptPrimitives.dll
0x00007ffbc2e10000 - 0x00007ffbc2e3d000 	C:\WINDOWS\System32\IMM32.DLL
0x0000000074cf0000 - 0x0000000074dc2000 	C:\Program Files\Java\jre1.8.0_121\bin\msvcr100.dll
0x0000000073210000 - 0x0000000073aab000 	C:\Program Files\Java\jre1.8.0_121\bin\server\jvm.dll
0x00007ffbc2df0000 - 0x00007ffbc2df8000 	C:\WINDOWS\System32\PSAPI.DLL
0x00007ffbb80e0000 - 0x00007ffbb80ea000 	C:\WINDOWS\SYSTEM32\VERSION.dll
0x00007ffbb6f10000 - 0x00007ffbb6f19000 	C:\WINDOWS\SYSTEM32\WSOCK32.dll
0x00007ffbb24a0000 - 0x00007ffbb24c3000 	C:\WINDOWS\SYSTEM32\WINMM.dll
0x00007ffbc3240000 - 0x00007ffbc32ac000 	C:\WINDOWS\System32\WS2_32.dll
0x00007ffbb2470000 - 0x00007ffbb249b000 	C:\WINDOWS\SYSTEM32\WINMMBASE.dll
0x00007ffbc1250000 - 0x00007ffbc1299000 	C:\WINDOWS\System32\cfgmgr32.dll
0x0000000076440000 - 0x000000007644f000 	C:\Program Files\Java\jre1.8.0_121\bin\verify.dll
0x0000000075c70000 - 0x0000000075c99000 	C:\Program Files\Java\jre1.8.0_121\bin\java.dll
0x0000000075c50000 - 0x0000000075c66000 	C:\Program Files\Java\jre1.8.0_121\bin\zip.dll
0x00007ffbc19b0000 - 0x00007ffbc2de7000 	C:\WINDOWS\System32\SHELL32.dll
0x00007ffbc3160000 - 0x00007ffbc320a000 	C:\WINDOWS\System32\shcore.dll
0x00007ffbc0440000 - 0x00007ffbc0b32000 	C:\WINDOWS\System32\windows.storage.dll
0x00007ffbc18a0000 - 0x00007ffbc18f1000 	C:\WINDOWS\System32\shlwapi.dll
0x00007ffbc0400000 - 0x00007ffbc0411000 	C:\WINDOWS\System32\kernel.appcore.dll
0x00007ffbc03b0000 - 0x00007ffbc03fc000 	C:\WINDOWS\System32\powrprof.dll
0x00007ffbc0420000 - 0x00007ffbc0435000 	C:\WINDOWS\System32\profapi.dll
0x00007ffbbfde0000 - 0x00007ffbbfdf7000 	C:\WINDOWS\SYSTEM32\CRYPTSP.dll
0x00007ffbbf860000 - 0x00007ffbbf894000 	C:\WINDOWS\system32\rsaenh.dll
0x00007ffbc02d0000 - 0x00007ffbc02f5000 	C:\WINDOWS\SYSTEM32\bcrypt.dll
0x00007ffbc0260000 - 0x00007ffbc0289000 	C:\WINDOWS\SYSTEM32\USERENV.dll
0x00007ffbbfe00000 - 0x00007ffbbfe0b000 	C:\WINDOWS\SYSTEM32\CRYPTBASE.dll
0x0000000075c30000 - 0x0000000075c4a000 	C:\Program Files\Java\jre1.8.0_121\bin\net.dll
0x00007ffbbfc40000 - 0x00007ffbbfc9c000 	C:\WINDOWS\system32\mswsock.dll
0x00007ffbbf9e0000 - 0x00007ffbbfa17000 	C:\WINDOWS\SYSTEM32\IPHLPAPI.DLL
0x00007ffbc2e00000 - 0x00007ffbc2e08000 	C:\WINDOWS\System32\NSI.dll
0x00007ffbb61a0000 - 0x00007ffbb61b6000 	C:\WINDOWS\SYSTEM32\dhcpcsvc6.DLL
0x00007ffbb6120000 - 0x00007ffbb613a000 	C:\WINDOWS\SYSTEM32\dhcpcsvc.DLL
0x0000000075c10000 - 0x0000000075c21000 	C:\Program Files\Java\jre1.8.0_121\bin\nio.dll
0x00007ffbaee40000 - 0x00007ffbaee77000 	C:\Users\Akshay Solanki\AppData\Local\Temp\jna-Akshay Solanki\jna7877590124841416736.dll
0x0000000074b50000 - 0x0000000074ce8000 	C:\Program Files\Java\jre1.8.0_121\bin\awt.dll
0x00007ffbc1670000 - 0x00007ffbc1730000 	C:\WINDOWS\System32\OLEAUT32.dll
0x00007ffbbe7e0000 - 0x00007ffbbe85e000 	C:\WINDOWS\SYSTEM32\apphelp.dll
0x00007ffbbecb0000 - 0x00007ffbbed45000 	C:\WINDOWS\system32\uxtheme.dll
0x00007ffbc1730000 - 0x00007ffbc1896000 	C:\WINDOWS\System32\MSCTF.dll
0x00007ffbbd3c0000 - 0x00007ffbbd3ea000 	C:\WINDOWS\system32\dwmapi.dll
0x00007ffbc3850000 - 0x00007ffbc3995000 	C:\WINDOWS\System32\ole32.dll
0x00007ffb9ced0000 - 0x00007ffb9cff1000 	C:\WINDOWS\system32\opengl32.dll
0x00007ffbb91a0000 - 0x00007ffbb91cc000 	C:\WINDOWS\SYSTEM32\GLU32.dll
0x0000000074b20000 - 0x0000000074b4e000 	C:\Program Files\VideoLAN\VLC\libvlc.dll
0x0000000072f60000 - 0x000000007320d000 	C:\Program Files\VideoLAN\VLC\libvlccore.dll
0x00000000748d0000 - 0x0000000074972000 	C:\Program Files\VideoLAN\VLC\plugins\access\libdshow_plugin.dll
0x0000000075bf0000 - 0x0000000075c04000 	C:\Program Files\VideoLAN\VLC\plugins\audio_output\libdirectsound_plugin.dll
0x0000000074b00000 - 0x0000000074b13000 	C:\Program Files\VideoLAN\VLC\plugins\audio_output\libwaveout_plugin.dll
0x00000000748b0000 - 0x00000000748cf000 	C:\Program Files\VideoLAN\VLC\plugins\video_output\libdirect3d_plugin.dll
0x0000000074890000 - 0x00000000748ad000 	C:\Program Files\VideoLAN\VLC\plugins\video_output\libdirectdraw_plugin.dll
0x00007ffb8cd40000 - 0x00007ffb8cdcc000 	C:\WINDOWS\SYSTEM32\DSOUND.DLL
0x00007ffbc3040000 - 0x00007ffbc30de000 	C:\WINDOWS\System32\clbcatq.dll
0x00007ffbb5ab0000 - 0x00007ffbb5b17000 	C:\WINDOWS\System32\MMDevApi.dll
0x00007ffbb58a0000 - 0x00007ffbb5a36000 	C:\WINDOWS\System32\PROPSYS.dll
0x00007ffbbed50000 - 0x00007ffbbed78000 	C:\WINDOWS\System32\DEVOBJ.dll
0x0000000074840000 - 0x0000000074887000 	C:\Program Files\Java\jre1.8.0_121\bin\fontmanager.dll
0x00007ffba0dc0000 - 0x00007ffba0e42000 	C:\WINDOWS\System32\TextInputFramework.dll
0x00007ffbbcb90000 - 0x00007ffbbce62000 	C:\WINDOWS\System32\CoreUIComponents.dll
0x00007ffbbdbd0000 - 0x00007ffbbdcb3000 	C:\WINDOWS\System32\CoreMessaging.dll
0x00007ffbbf690000 - 0x00007ffbbf6c1000 	C:\WINDOWS\SYSTEM32\ntmarta.dll
0x00007ffbbcb70000 - 0x00007ffbbcb85000 	C:\WINDOWS\SYSTEM32\usermgrcli.dll
0x00007ffbbca30000 - 0x00007ffbbcb69000 	C:\WINDOWS\SYSTEM32\wintypes.dll
0x0000000072f10000 - 0x0000000072f52000 	C:\Program Files\Java\jre1.8.0_121\bin\t2k.dll
0x0000000076430000 - 0x0000000076437000 	C:\Program Files\Java\jre1.8.0_121\bin\jawt.dll
0x0000000072ef0000 - 0x0000000072f06000 	C:\Program Files\VideoLAN\VLC\plugins\stream_out\libstream_out_duplicate_plugin.dll
0x0000000074830000 - 0x0000000074840000 	C:\Program Files\VideoLAN\VLC\plugins\stream_out\libstream_out_display_plugin.dll
0x0000000072e30000 - 0x0000000072eec000 	C:\Program Files\VideoLAN\VLC\plugins\stream_out\libstream_out_rtp_plugin.dll
0x0000000072e00000 - 0x0000000072e28000 	C:\Program Files\VideoLAN\VLC\plugins\mux\libmux_ts_plugin.dll
0x00007ffbb6ef0000 - 0x00007ffbb6f06000 	C:\WINDOWS\system32\napinsp.dll
0x00007ffbb6f20000 - 0x00007ffbb6f3a000 	C:\WINDOWS\system32\pnrpnsp.dll
0x00007ffbb63e0000 - 0x00007ffbb63f8000 	C:\WINDOWS\system32\NLAapi.dll
0x00007ffbbfa20000 - 0x00007ffbbfac4000 	C:\WINDOWS\SYSTEM32\DNSAPI.dll
0x00007ffbb7560000 - 0x00007ffbb756e000 	C:\WINDOWS\System32\winrnr.dll
0x0000000077350000 - 0x0000000077376000 	C:\Program Files\Bonjour\mdnsNSP.dll
0x00007ffbb6450000 - 0x00007ffbb6465000 	C:\WINDOWS\System32\wshbth.dll
0x0000000072b80000 - 0x0000000072dfc000 	C:\Program Files\VideoLAN\VLC\plugins\access\liblibbluray_plugin.dll
0x0000000072b50000 - 0x0000000072b76000 	C:\Program Files\VideoLAN\VLC\plugins\access\libaccess_bd_plugin.dll
0x0000000072b00000 - 0x0000000072b4b000 	C:\Program Files\VideoLAN\VLC\plugins\access\libdvdnav_plugin.dll
0x0000000072ae0000 - 0x0000000072aff000 	C:\Program Files\VideoLAN\VLC\plugins\access\libvdr_plugin.dll
0x0000000072ac0000 - 0x0000000072ad8000 	C:\Program Files\VideoLAN\VLC\plugins\access\libfilesystem_plugin.dll
0x0000000072aa0000 - 0x0000000072abb000 	C:\Program Files\VideoLAN\VLC\plugins\stream_filter\libsmooth_plugin.dll
0x00000000729f0000 - 0x0000000072a9f000 	C:\Program Files\VideoLAN\VLC\plugins\stream_filter\libhttplive_plugin.dll
0x0000000072910000 - 0x00000000729e4000 	C:\Program Files\VideoLAN\VLC\plugins\stream_filter\libdash_plugin.dll
0x00000000728e0000 - 0x000000007290b000 	C:\Program Files\VideoLAN\VLC\plugins\access\libzip_plugin.dll
0x00000000728c0000 - 0x00000000728d6000 	C:\Program Files\VideoLAN\VLC\plugins\access\librar_plugin.dll
0x00000000728b0000 - 0x00000000728bf000 	C:\Program Files\VideoLAN\VLC\plugins\stream_filter\librecord_plugin.dll
0x0000000072860000 - 0x00000000728a2000 	C:\Program Files\VideoLAN\VLC\plugins\demux\libmp4_plugin.dll
0x0000000072800000 - 0x000000007285a000 	C:\Program Files\VideoLAN\VLC\plugins\codec\libtheora_plugin.dll
0x00000000727f0000 - 0x0000000072800000 	C:\Program Files\VideoLAN\VLC\plugins\codec\librawvideo_plugin.dll
0x00000000727b0000 - 0x00000000727e9000 	C:\Program Files\VideoLAN\VLC\plugins\codec\libspeex_plugin.dll
0x00000000726d0000 - 0x00000000727a5000 	C:\Program Files\VideoLAN\VLC\plugins\codec\libvorbis_plugin.dll
0x00000000726c0000 - 0x00000000726d0000 	C:\Program Files\VideoLAN\VLC\plugins\codec\libaes3_plugin.dll
0x00000000726a0000 - 0x00000000726b1000 	C:\Program Files\VideoLAN\VLC\plugins\codec\liblpcm_plugin.dll
0x0000000072680000 - 0x00000000726a0000 	C:\Program Files\VideoLAN\VLC\plugins\packetizer\libpacketizer_h264_plugin.dll
0x0000000072660000 - 0x0000000072671000 	C:\Program Files\VideoLAN\VLC\plugins\packetizer\libpacketizer_flac_plugin.dll
0x0000000072640000 - 0x0000000072654000 	C:\Program Files\VideoLAN\VLC\plugins\packetizer\libpacketizer_dirac_plugin.dll
0x0000000072620000 - 0x0000000072631000 	C:\Program Files\VideoLAN\VLC\plugins\packetizer\libpacketizer_mlp_plugin.dll
0x0000000072600000 - 0x000000007261e000 	C:\Program Files\VideoLAN\VLC\plugins\packetizer\libpacketizer_mpeg4audio_plugin.dll
0x0000000072460000 - 0x00000000725f9000 	C:\Program Files\VideoLAN\VLC\plugins\meta_engine\libtaglib_plugin.dll
0x0000000072400000 - 0x000000007245c000 	C:\Program Files\VideoLAN\VLC\plugins\lua\liblua_plugin.dll
0x00000000723a0000 - 0x00000000723f9000 	C:\Program Files\VideoLAN\VLC\plugins\codec\libjpeg_plugin.dll
0x0000000072380000 - 0x0000000072391000 	C:\Program Files\VideoLAN\VLC\plugins\codec\libcdg_plugin.dll
0x0000000072320000 - 0x000000007237c000 	C:\Program Files\VideoLAN\VLC\plugins\codec\libpng_plugin.dll
0x00000000721a0000 - 0x000000007231b000 	C:\Program Files\VideoLAN\VLC\plugins\codec\libschroedinger_plugin.dll
0x0000000072180000 - 0x0000000072191000 	C:\Program Files\VideoLAN\VLC\plugins\codec\libdts_plugin.dll
0x0000000072160000 - 0x0000000072175000 	C:\Program Files\VideoLAN\VLC\plugins\codec\libaraw_plugin.dll
0x0000000072140000 - 0x0000000072157000 	C:\Program Files\VideoLAN\VLC\plugins\codec\libsubstx3g_plugin.dll
0x00000000720c0000 - 0x0000000072134000 	C:\Program Files\VideoLAN\VLC\plugins\codec\libflac_plugin.dll
0x00000000720a0000 - 0x00000000720b3000 	C:\Program Files\VideoLAN\VLC\plugins\codec\libg711_plugin.dll
0x0000000071db0000 - 0x0000000072099000 	C:\Program Files\VideoLAN\VLC\plugins\codec\liblibass_plugin.dll
0x0000000071d40000 - 0x0000000071daf000 	C:\Program Files\VideoLAN\VLC\plugins\codec\libfaad_plugin.dll
0x0000000071d20000 - 0x0000000071d31000 	C:\Program Files\VideoLAN\VLC\plugins\codec\liba52_plugin.dll

VM Arguments:
java_command: C:\Users\Akshay Solanki\Documents\NetBeansProjects\RtspStreamServer\dist\RtspStreamServer.jar
java_class_path (initial): C:\Users\Akshay Solanki\Documents\NetBeansProjects\RtspStreamServer\dist\RtspStreamServer.jar
Launcher Type: SUN_STANDARD

Environment Variables:
JAVA_HOME=C:\Program Files\Java\jdk1.8.0_102
CLASSPATH=C:\Program Files\JMF-2.1.1e\lib\jmf.jar
PATH=C:\Program Files\nodejs;C:\Program Files (x86)\Kubernetes\Minikube;C:\Users\Akshay Solanki\Downloads\Programs;C:\Users\Akshay Solanki\Downloads\Compressed\ngrok-stable-windows-amd64_2;C:\Program Files (x86)\CMake 2.8\bin;C:\OpenCV2.2\bin;C:\opencv\sources\3rdparty\ffmpeg\;C:\Program Files\Git\cmd;C:\Android\sdk\tools;C:\Android\sdk\tools\bin;C:\Android\sdk\platform-tools;C:\Windows\System32;C:\Program Files (x86)\Microsoft SQL Server\100\Tools\Binn\;C:\Program Files\Microsoft SQL Server\100\Tools\Binn\;C:\Program Files\Microsoft SQL Server\100\DTS\Binn\;D:\gstreamer\1.0\x86_64\bin;C:\MinGW\bin;C:\Users\Akshay Solanki\Downloads\Compressed\apache-maven-3.5.0-bin\apache-maven-3.5.0\bin;C:\Program Files\MATLAB\R2010b\runtime\win64;C:\Program Files\MATLAB\R2010b\bin;C:\opencv\build\java;C:\Program Files (x86)\AMD APP SDK\3.0\bin\x86_64;C:\Program Files (x86)\AMD APP SDK\3.0\bin\x86;C:\opencv\build\java\x64;C:\Program Files\JMF-2.1.1e\lib;C:\WINDOWS\system32;C:\WINDOWS;C:\WINDOWS\System32\Wbem;C:\WINDOWS\System32\WindowsPowerShell\v1.0\;F:\downloads\Compressed\apache-maven-3.5.0-bin\apache-maven-3.5.0\bin;C:\Program Files\Java\jdk1.8.0_102\bin;C:\Users\Akshay Solanki\AppData\Roaming\npm;C:\Users\Akshay Solanki\AppData\Local\atom\bin;C:\Program Files (x86)\Microsoft VS Code\bin;C:\Python27;%OPENCV_BUILD%\x86\vc10\bin;C:\Users\Akshay Solanki\Downloads\Compressed\curl-7.54.0-win64-mingw\curl-7.54.0-win64-mingw\bin;C:\Users\Akshay Solanki\AppData\Local\Microsoft\WindowsApps
USERNAME=Akshay Solanki
OS=Windows_NT
PROCESSOR_IDENTIFIER=Intel64 Family 6 Model 78 Stepping 3, GenuineIntel



---------------  S Y S T E M  ---------------

OS: Windows 10.0 , 64 bit Build 15063 (10.0.15063.296)

CPU:total 4 (2 cores per cpu, 2 threads per core) family 6 model 78 stepping 3, cmov, cx8, fxsr, mmx, sse, sse2, sse3, ssse3, sse4.1, sse4.2, popcnt, avx, avx2, aes, clmul, erms, 3dnowpref, lzcnt, ht, tsc, tscinvbit, bmi1, bmi2, adx

Memory: 4k page, physical 8268040k(1191640k free), swap 23221772k(3784208k free)

vm_info: Java HotSpot(TM) 64-Bit Server VM (25.121-b13) for windows-amd64 JRE (1.8.0_121-b13), built on Dec 12 2016 18:21:36 by "java_re" with MS VC++ 10.0 (VS2010)

time: Sun Jul 23 10:50:57 2017
elapsed time: 32 seconds (0d 0h 0m 32s)

